17:25:11 INFO  : Logs will be stored at '/thayerfs/home/f00436n/engs62/module3/IDE.log'.
17:25:19 INFO  : Launching XSCT server: xsct -n  -interactive /thayerfs/home/f00436n/engs62/module3/temp_xsdb_launch_script.tcl
17:25:19 INFO  : Platform repository initialization has completed.
17:25:19 INFO  : Registering command handlers for Vitis TCF services
17:25:24 INFO  : XSCT server has started successfully.
17:25:29 INFO  : plnx-install-location is set to ''
17:25:29 INFO  : Successfully done setting XSCT server connection channel  
17:25:29 INFO  : Successfully done query RDI_DATADIR 
17:25:29 INFO  : Successfully done setting workspace for the tool. 
17:26:59 INFO  : Result from executing command 'getProjects': module3_hw_wrapper
17:26:59 INFO  : Result from executing command 'getPlatforms': 
17:27:00 WARN  : An unexpected exception occurred in the module 'platform project logging'
17:27:03 INFO  : Platform 'module3_hw_wrapper' is added to custom repositories.
17:27:16 INFO  : Platform 'module3_hw_wrapper' is added to custom repositories.
17:28:43 INFO  : Result from executing command 'getProjects': module3_hw_wrapper
17:28:43 INFO  : Result from executing command 'getPlatforms': module3_hw_wrapper|/thayerfs/home/f00436n/engs62/module3/module3_hw_wrapper/export/module3_hw_wrapper/module3_hw_wrapper.xpfm
17:28:49 INFO  : Connected to target on host '127.0.0.1' and port '3121'.
17:28:49 INFO  : Checking for BSP changes to sync application flags for project 'module3_sw'...
17:28:50 INFO  : 'targets -set -filter {jtag_cable_name =~ "Digilent Zybo Z7 210351A6C79EA" && level==0 && jtag_device_ctx=="jsn-Zybo Z7-210351A6C79EA-13722093-0"}' command is executed.
17:28:51 INFO  : Device configured successfully with "/thayerfs/home/f00436n/engs62/module3/module3_sw/_ide/bitstream/module3_hw_wrapper.bit"
17:29:19 INFO  : Connected to target on host '127.0.0.1' and port '3121'.
17:29:19 INFO  : Jtag cable 'Digilent Zybo Z7 210351A6C79EA' is selected.
17:29:19 INFO  : 'jtag frequency' command is executed.
17:29:19 INFO  : Context for 'APU' is selected.
17:29:19 INFO  : System reset is completed.
17:29:22 INFO  : 'after 3000' command is executed.
17:29:22 INFO  : 'targets -set -filter {jtag_cable_name =~ "Digilent Zybo Z7 210351A6C79EA" && level==0 && jtag_device_ctx=="jsn-Zybo Z7-210351A6C79EA-13722093-0"}' command is executed.
17:29:24 INFO  : Device configured successfully with "/thayerfs/home/f00436n/engs62/module3/module3_sw/_ide/bitstream/module3_hw_wrapper.bit"
17:29:24 INFO  : Context for 'APU' is selected.
17:29:24 INFO  : Hardware design and registers information is loaded from '/thayerfs/home/f00436n/engs62/module3/module3_hw_wrapper/export/module3_hw_wrapper/hw/module3_hw_wrapper.xsa'.
17:29:24 INFO  : 'configparams force-mem-access 1' command is executed.
17:29:24 INFO  : Context for 'APU' is selected.
17:29:24 INFO  : Sourcing of '/thayerfs/home/f00436n/engs62/module3/module3_sw/_ide/psinit/ps7_init.tcl' is done.
17:29:24 INFO  : 'ps7_init' command is executed.
17:29:24 INFO  : 'ps7_post_config' command is executed.
17:29:24 INFO  : Context for processor 'ps7_cortexa9_0' is selected.
17:29:24 INFO  : The application '/thayerfs/home/f00436n/engs62/module3/module3_sw/Debug/module3_sw.elf' is downloaded to processor 'ps7_cortexa9_0'.
17:29:24 INFO  : 'configparams force-mem-access 0' command is executed.
17:29:24 INFO  : ----------------XSDB Script----------------
connect -url tcp:127.0.0.1:3121
targets -set -nocase -filter {name =~"APU*"}
rst -system
after 3000
targets -set -filter {jtag_cable_name =~ "Digilent Zybo Z7 210351A6C79EA" && level==0 && jtag_device_ctx=="jsn-Zybo Z7-210351A6C79EA-13722093-0"}
fpga -file /thayerfs/home/f00436n/engs62/module3/module3_sw/_ide/bitstream/module3_hw_wrapper.bit
targets -set -nocase -filter {name =~"APU*"}
loadhw -hw /thayerfs/home/f00436n/engs62/module3/module3_hw_wrapper/export/module3_hw_wrapper/hw/module3_hw_wrapper.xsa -mem-ranges [list {0x40000000 0xbfffffff}] -regs
configparams force-mem-access 1
targets -set -nocase -filter {name =~"APU*"}
source /thayerfs/home/f00436n/engs62/module3/module3_sw/_ide/psinit/ps7_init.tcl
ps7_init
ps7_post_config
targets -set -nocase -filter {name =~ "*A9*#0"}
dow /thayerfs/home/f00436n/engs62/module3/module3_sw/Debug/module3_sw.elf
configparams force-mem-access 0
----------------End of Script----------------

17:29:24 INFO  : Context for processor 'ps7_cortexa9_0' is selected.
17:29:24 INFO  : 'con' command is executed.
17:29:24 INFO  : ----------------XSDB Script (After Launch)----------------
targets -set -nocase -filter {name =~ "*A9*#0"}
con
----------------End of Script----------------

17:29:24 INFO  : Launch script is exported to file '/thayerfs/home/f00436n/engs62/module3/module3_sw_system/_ide/scripts/debugger_module3_sw-default.tcl'
17:30:23 INFO  : Checking for BSP changes to sync application flags for project 'module3_sw'...
17:30:30 INFO  : Disconnected from the channel tcfchan#2.
17:30:31 INFO  : Connected to target on host '127.0.0.1' and port '3121'.
17:30:33 INFO  : Jtag cable 'Digilent Zybo Z7 210351A6C79EA' is selected.
17:30:33 INFO  : 'jtag frequency' command is executed.
17:30:33 INFO  : Context for 'APU' is selected.
17:30:33 INFO  : System reset is completed.
17:30:36 INFO  : 'after 3000' command is executed.
17:30:36 INFO  : 'targets -set -filter {jtag_cable_name =~ "Digilent Zybo Z7 210351A6C79EA" && level==0 && jtag_device_ctx=="jsn-Zybo Z7-210351A6C79EA-13722093-0"}' command is executed.
17:30:37 INFO  : Device configured successfully with "/thayerfs/home/f00436n/engs62/module3/module3_sw/_ide/bitstream/module3_hw_wrapper.bit"
17:30:38 INFO  : Context for 'APU' is selected.
17:30:38 INFO  : Hardware design and registers information is loaded from '/thayerfs/home/f00436n/engs62/module3/module3_hw_wrapper/export/module3_hw_wrapper/hw/module3_hw_wrapper.xsa'.
17:30:38 INFO  : 'configparams force-mem-access 1' command is executed.
17:30:38 INFO  : Context for 'APU' is selected.
17:30:38 INFO  : Sourcing of '/thayerfs/home/f00436n/engs62/module3/module3_sw/_ide/psinit/ps7_init.tcl' is done.
17:30:38 INFO  : 'ps7_init' command is executed.
17:30:38 INFO  : 'ps7_post_config' command is executed.
17:30:38 INFO  : Context for processor 'ps7_cortexa9_0' is selected.
17:30:38 INFO  : The application '/thayerfs/home/f00436n/engs62/module3/module3_sw/Debug/module3_sw.elf' is downloaded to processor 'ps7_cortexa9_0'.
17:30:38 INFO  : 'configparams force-mem-access 0' command is executed.
17:30:38 INFO  : ----------------XSDB Script----------------
connect -url tcp:127.0.0.1:3121
targets -set -nocase -filter {name =~"APU*"}
rst -system
after 3000
targets -set -filter {jtag_cable_name =~ "Digilent Zybo Z7 210351A6C79EA" && level==0 && jtag_device_ctx=="jsn-Zybo Z7-210351A6C79EA-13722093-0"}
fpga -file /thayerfs/home/f00436n/engs62/module3/module3_sw/_ide/bitstream/module3_hw_wrapper.bit
targets -set -nocase -filter {name =~"APU*"}
loadhw -hw /thayerfs/home/f00436n/engs62/module3/module3_hw_wrapper/export/module3_hw_wrapper/hw/module3_hw_wrapper.xsa -mem-ranges [list {0x40000000 0xbfffffff}] -regs
configparams force-mem-access 1
targets -set -nocase -filter {name =~"APU*"}
source /thayerfs/home/f00436n/engs62/module3/module3_sw/_ide/psinit/ps7_init.tcl
ps7_init
ps7_post_config
targets -set -nocase -filter {name =~ "*A9*#0"}
dow /thayerfs/home/f00436n/engs62/module3/module3_sw/Debug/module3_sw.elf
configparams force-mem-access 0
----------------End of Script----------------

17:30:38 INFO  : Context for processor 'ps7_cortexa9_0' is selected.
17:30:38 INFO  : 'con' command is executed.
17:30:38 INFO  : ----------------XSDB Script (After Launch)----------------
targets -set -nocase -filter {name =~ "*A9*#0"}
con
----------------End of Script----------------

17:30:38 INFO  : Launch script is exported to file '/thayerfs/home/f00436n/engs62/module3/module3_sw_system/_ide/scripts/debugger_module3_sw-default.tcl'
