15:56:40 **** Incremental Build of configuration Debug for project module4_sw ****
make all 
make --no-print-directory pre-build
a9-linaro-pre-build-step
 
make --no-print-directory main-build
Building file: ../src/blinky.c
Invoking: ARM v7 gcc compiler
arm-none-eabi-gcc -Wall -O0 -g3 -c -fmessage-length=0 -MT"src/blinky.o" -mcpu=cortex-a9 -mfpu=vfpv3 -mfloat-abi=hard -I/thayerfs/home/f00436n/engs62/module4/module4_hw_wrapper/export/module4_hw_wrapper/sw/module4_hw_wrapper/standalone_ps7_cortexa9_0/bspinclude/include -MMD -MP -MF"src/blinky.d" -MT"src/blinky.o" -o "src/blinky.o" "../src/blinky.c"
Finished building: ../src/blinky.c
 
Building file: ../src/gic.c
Invoking: ARM v7 gcc compiler
arm-none-eabi-gcc -Wall -O0 -g3 -c -fmessage-length=0 -MT"src/gic.o" -mcpu=cortex-a9 -mfpu=vfpv3 -mfloat-abi=hard -I/thayerfs/home/f00436n/engs62/module4/module4_hw_wrapper/export/module4_hw_wrapper/sw/module4_hw_wrapper/standalone_ps7_cortexa9_0/bspinclude/include -MMD -MP -MF"src/gic.d" -MT"src/gic.o" -o "src/gic.o" "../src/gic.c"
Finished building: ../src/gic.c
 
Building file: ../src/io.c
Invoking: ARM v7 gcc compiler
arm-none-eabi-gcc -Wall -O0 -g3 -c -fmessage-length=0 -MT"src/io.o" -mcpu=cortex-a9 -mfpu=vfpv3 -mfloat-abi=hard -I/thayerfs/home/f00436n/engs62/module4/module4_hw_wrapper/export/module4_hw_wrapper/sw/module4_hw_wrapper/standalone_ps7_cortexa9_0/bspinclude/include -MMD -MP -MF"src/io.d" -MT"src/io.o" -o "src/io.o" "../src/io.c"
../src/io.c: In function 'btn_to_led':
../src/io.c:49:10: warning: too many arguments for format [-Wformat-extra-args]
   49 |   printf("\nInvalid button!", btn);
      |          ^~~~~~~~~~~~~~~~~~~
Finished building: ../src/io.c
 
Building file: ../src/led.c
Invoking: ARM v7 gcc compiler
arm-none-eabi-gcc -Wall -O0 -g3 -c -fmessage-length=0 -MT"src/led.o" -mcpu=cortex-a9 -mfpu=vfpv3 -mfloat-abi=hard -I/thayerfs/home/f00436n/engs62/module4/module4_hw_wrapper/export/module4_hw_wrapper/sw/module4_hw_wrapper/standalone_ps7_cortexa9_0/bspinclude/include -MMD -MP -MF"src/led.d" -MT"src/led.o" -o "src/led.o" "../src/led.c"
Finished building: ../src/led.c
 
Building file: ../src/platform.c
Invoking: ARM v7 gcc compiler
arm-none-eabi-gcc -Wall -O0 -g3 -c -fmessage-length=0 -MT"src/platform.o" -mcpu=cortex-a9 -mfpu=vfpv3 -mfloat-abi=hard -I/thayerfs/home/f00436n/engs62/module4/module4_hw_wrapper/export/module4_hw_wrapper/sw/module4_hw_wrapper/standalone_ps7_cortexa9_0/bspinclude/include -MMD -MP -MF"src/platform.d" -MT"src/platform.o" -o "src/platform.o" "../src/platform.c"
Finished building: ../src/platform.c
 
Building file: ../src/servo.c
Invoking: ARM v7 gcc compiler
arm-none-eabi-gcc -Wall -O0 -g3 -c -fmessage-length=0 -MT"src/servo.o" -mcpu=cortex-a9 -mfpu=vfpv3 -mfloat-abi=hard -I/thayerfs/home/f00436n/engs62/module4/module4_hw_wrapper/export/module4_hw_wrapper/sw/module4_hw_wrapper/standalone_ps7_cortexa9_0/bspinclude/include -MMD -MP -MF"src/servo.d" -MT"src/servo.o" -o "src/servo.o" "../src/servo.c"
Finished building: ../src/servo.c
 
Building file: ../src/ttc.c
Invoking: ARM v7 gcc compiler
arm-none-eabi-gcc -Wall -O0 -g3 -c -fmessage-length=0 -MT"src/ttc.o" -mcpu=cortex-a9 -mfpu=vfpv3 -mfloat-abi=hard -I/thayerfs/home/f00436n/engs62/module4/module4_hw_wrapper/export/module4_hw_wrapper/sw/module4_hw_wrapper/standalone_ps7_cortexa9_0/bspinclude/include -MMD -MP -MF"src/ttc.d" -MT"src/ttc.o" -o "src/ttc.o" "../src/ttc.c"
Finished building: ../src/ttc.c
 
Building target: module4_sw.elf
Invoking: ARM v7 gcc linker
arm-none-eabi-gcc -mcpu=cortex-a9 -mfpu=vfpv3 -mfloat-abi=hard -Wl,-build-id=none -specs=Xilinx.spec -Wl,-T -Wl,../src/lscript.ld -L/thayerfs/home/f00436n/engs62/module4/module4_hw_wrapper/export/module4_hw_wrapper/sw/module4_hw_wrapper/standalone_ps7_cortexa9_0/bsplib/lib -o "module4_sw.elf"  ./src/blinky.o ./src/gic.o ./src/io.o ./src/led.o ./src/platform.o ./src/servo.o ./src/ttc.o   -Wl,--start-group,-lxil,-lgcc,-lc,--end-group
Finished building target: module4_sw.elf
 
Invoking: ARM v7 Print Size
arm-none-eabi-size module4_sw.elf  |tee "module4_sw.elf.size"
   text	   data	    bss	    dec	    hex	filename
  72159	   3428	  22896	  98483	  180b3	module4_sw.elf
Finished building: module4_sw.elf.size
 

15:56:45 Build Finished (took 4s.194ms)

