
*** Running vivado
    with args -log module3_hw_wrapper.vdi -applog -m64 -product Vivado -messageDb vivado.pb -mode batch -source module3_hw_wrapper.tcl -notrace


****** Vivado v2021.2 (64-bit)
  **** SW Build 3367213 on Tue Oct 19 02:47:39 MDT 2021
  **** IP Build 3369179 on Thu Oct 21 08:25:16 MDT 2021
    ** Copyright 1986-2021 Xilinx, Inc. All Rights Reserved.

source module3_hw_wrapper.tcl -notrace
create_project: Time (s): cpu = 00:00:06 ; elapsed = 00:00:09 . Memory (MB): peak = 2746.500 ; gain = 2.016 ; free physical = 11230 ; free virtual = 26257
INFO: [IP_Flow 19-234] Refreshing IP repositories
INFO: [IP_Flow 19-1704] No user IP repositories specified
INFO: [IP_Flow 19-2313] Loaded Vivado IP repository '/thayerfs/apps/xilinx/Vivado/current/data/ip'.
Command: link_design -top module3_hw_wrapper -part xc7z010clg400-1
Design is defaulting to srcset: sources_1
Design is defaulting to constrset: constrs_1
INFO: [Device 21-403] Loading part xc7z010clg400-1
INFO: [Project 1-454] Reading design checkpoint '/thayerfs/home/f00436n/engs62/module3/module3/module3.gen/sources_1/bd/module3_hw/ip/module3_hw_axi_gpio_0_0/module3_hw_axi_gpio_0_0.dcp' for cell 'module3_hw_i/axi_gpio_0'
INFO: [Project 1-454] Reading design checkpoint '/thayerfs/home/f00436n/engs62/module3/module3/module3.gen/sources_1/bd/module3_hw/ip/module3_hw_axi_gpio_1_0/module3_hw_axi_gpio_1_0.dcp' for cell 'module3_hw_i/axi_gpio_1'
INFO: [Project 1-454] Reading design checkpoint '/thayerfs/home/f00436n/engs62/module3/module3/module3.gen/sources_1/bd/module3_hw/ip/module3_hw_axi_gpio_2_0/module3_hw_axi_gpio_2_0.dcp' for cell 'module3_hw_i/axi_gpio_2'
INFO: [Project 1-454] Reading design checkpoint '/thayerfs/home/f00436n/engs62/module3/module3/module3.gen/sources_1/bd/module3_hw/ip/module3_hw_axi_timer_0_0/module3_hw_axi_timer_0_0.dcp' for cell 'module3_hw_i/axi_timer_0'
INFO: [Project 1-454] Reading design checkpoint '/thayerfs/home/f00436n/engs62/module3/module3/module3.gen/sources_1/bd/module3_hw/ip/module3_hw_processing_system7_0_0/module3_hw_processing_system7_0_0.dcp' for cell 'module3_hw_i/processing_system7_0'
INFO: [Project 1-454] Reading design checkpoint '/thayerfs/home/f00436n/engs62/module3/module3/module3.gen/sources_1/bd/module3_hw/ip/module3_hw_rst_ps7_0_50M_0/module3_hw_rst_ps7_0_50M_0.dcp' for cell 'module3_hw_i/rst_ps7_0_50M'
INFO: [Project 1-454] Reading design checkpoint '/thayerfs/home/f00436n/engs62/module3/module3/module3.gen/sources_1/bd/module3_hw/ip/module3_hw_xbar_0/module3_hw_xbar_0.dcp' for cell 'module3_hw_i/ps7_0_axi_periph/xbar'
INFO: [Project 1-454] Reading design checkpoint '/thayerfs/home/f00436n/engs62/module3/module3/module3.gen/sources_1/bd/module3_hw/ip/module3_hw_auto_pc_0/module3_hw_auto_pc_0.dcp' for cell 'module3_hw_i/ps7_0_axi_periph/s00_couplers/auto_pc'
Netlist sorting complete. Time (s): cpu = 00:00:00.05 ; elapsed = 00:00:00.05 . Memory (MB): peak = 2750.945 ; gain = 0.000 ; free physical = 10900 ; free virtual = 25929
INFO: [Netlist 29-17] Analyzing 66 Unisim elements for replacement
INFO: [Netlist 29-28] Unisim Transformation completed in 0 CPU seconds
INFO: [Project 1-479] Netlist was created with Vivado 2021.2
INFO: [Project 1-570] Preparing netlist for logic optimization
Parsing XDC File [/thayerfs/home/f00436n/engs62/module3/module3/module3.gen/sources_1/bd/module3_hw/ip/module3_hw_processing_system7_0_0/module3_hw_processing_system7_0_0.xdc] for cell 'module3_hw_i/processing_system7_0/inst'
Finished Parsing XDC File [/thayerfs/home/f00436n/engs62/module3/module3/module3.gen/sources_1/bd/module3_hw/ip/module3_hw_processing_system7_0_0/module3_hw_processing_system7_0_0.xdc] for cell 'module3_hw_i/processing_system7_0/inst'
Parsing XDC File [/thayerfs/home/f00436n/engs62/module3/module3/module3.gen/sources_1/bd/module3_hw/ip/module3_hw_axi_gpio_0_0/module3_hw_axi_gpio_0_0_board.xdc] for cell 'module3_hw_i/axi_gpio_0/U0'
Finished Parsing XDC File [/thayerfs/home/f00436n/engs62/module3/module3/module3.gen/sources_1/bd/module3_hw/ip/module3_hw_axi_gpio_0_0/module3_hw_axi_gpio_0_0_board.xdc] for cell 'module3_hw_i/axi_gpio_0/U0'
Parsing XDC File [/thayerfs/home/f00436n/engs62/module3/module3/module3.gen/sources_1/bd/module3_hw/ip/module3_hw_axi_gpio_0_0/module3_hw_axi_gpio_0_0.xdc] for cell 'module3_hw_i/axi_gpio_0/U0'
Finished Parsing XDC File [/thayerfs/home/f00436n/engs62/module3/module3/module3.gen/sources_1/bd/module3_hw/ip/module3_hw_axi_gpio_0_0/module3_hw_axi_gpio_0_0.xdc] for cell 'module3_hw_i/axi_gpio_0/U0'
Parsing XDC File [/thayerfs/home/f00436n/engs62/module3/module3/module3.gen/sources_1/bd/module3_hw/ip/module3_hw_rst_ps7_0_50M_0/module3_hw_rst_ps7_0_50M_0_board.xdc] for cell 'module3_hw_i/rst_ps7_0_50M/U0'
Finished Parsing XDC File [/thayerfs/home/f00436n/engs62/module3/module3/module3.gen/sources_1/bd/module3_hw/ip/module3_hw_rst_ps7_0_50M_0/module3_hw_rst_ps7_0_50M_0_board.xdc] for cell 'module3_hw_i/rst_ps7_0_50M/U0'
Parsing XDC File [/thayerfs/home/f00436n/engs62/module3/module3/module3.gen/sources_1/bd/module3_hw/ip/module3_hw_rst_ps7_0_50M_0/module3_hw_rst_ps7_0_50M_0.xdc] for cell 'module3_hw_i/rst_ps7_0_50M/U0'
Finished Parsing XDC File [/thayerfs/home/f00436n/engs62/module3/module3/module3.gen/sources_1/bd/module3_hw/ip/module3_hw_rst_ps7_0_50M_0/module3_hw_rst_ps7_0_50M_0.xdc] for cell 'module3_hw_i/rst_ps7_0_50M/U0'
Parsing XDC File [/thayerfs/home/f00436n/engs62/module3/module3/module3.gen/sources_1/bd/module3_hw/ip/module3_hw_axi_gpio_1_0/module3_hw_axi_gpio_1_0_board.xdc] for cell 'module3_hw_i/axi_gpio_1/U0'
Finished Parsing XDC File [/thayerfs/home/f00436n/engs62/module3/module3/module3.gen/sources_1/bd/module3_hw/ip/module3_hw_axi_gpio_1_0/module3_hw_axi_gpio_1_0_board.xdc] for cell 'module3_hw_i/axi_gpio_1/U0'
Parsing XDC File [/thayerfs/home/f00436n/engs62/module3/module3/module3.gen/sources_1/bd/module3_hw/ip/module3_hw_axi_gpio_1_0/module3_hw_axi_gpio_1_0.xdc] for cell 'module3_hw_i/axi_gpio_1/U0'
Finished Parsing XDC File [/thayerfs/home/f00436n/engs62/module3/module3/module3.gen/sources_1/bd/module3_hw/ip/module3_hw_axi_gpio_1_0/module3_hw_axi_gpio_1_0.xdc] for cell 'module3_hw_i/axi_gpio_1/U0'
Parsing XDC File [/thayerfs/home/f00436n/engs62/module3/module3/module3.gen/sources_1/bd/module3_hw/ip/module3_hw_axi_gpio_2_0/module3_hw_axi_gpio_2_0_board.xdc] for cell 'module3_hw_i/axi_gpio_2/U0'
Finished Parsing XDC File [/thayerfs/home/f00436n/engs62/module3/module3/module3.gen/sources_1/bd/module3_hw/ip/module3_hw_axi_gpio_2_0/module3_hw_axi_gpio_2_0_board.xdc] for cell 'module3_hw_i/axi_gpio_2/U0'
Parsing XDC File [/thayerfs/home/f00436n/engs62/module3/module3/module3.gen/sources_1/bd/module3_hw/ip/module3_hw_axi_gpio_2_0/module3_hw_axi_gpio_2_0.xdc] for cell 'module3_hw_i/axi_gpio_2/U0'
Finished Parsing XDC File [/thayerfs/home/f00436n/engs62/module3/module3/module3.gen/sources_1/bd/module3_hw/ip/module3_hw_axi_gpio_2_0/module3_hw_axi_gpio_2_0.xdc] for cell 'module3_hw_i/axi_gpio_2/U0'
Parsing XDC File [/thayerfs/home/f00436n/engs62/module3/module3/module3.gen/sources_1/bd/module3_hw/ip/module3_hw_axi_timer_0_0/module3_hw_axi_timer_0_0.xdc] for cell 'module3_hw_i/axi_timer_0/U0'
Finished Parsing XDC File [/thayerfs/home/f00436n/engs62/module3/module3/module3.gen/sources_1/bd/module3_hw/ip/module3_hw_axi_timer_0_0/module3_hw_axi_timer_0_0.xdc] for cell 'module3_hw_i/axi_timer_0/U0'
Parsing XDC File [/thayerfs/home/f00436n/Xilinx/Zybo-Z7-Master.xdc]
Finished Parsing XDC File [/thayerfs/home/f00436n/Xilinx/Zybo-Z7-Master.xdc]
INFO: [Opt 31-138] Pushed 0 inverter(s) to 0 load pin(s).
Netlist sorting complete. Time (s): cpu = 00:00:00 ; elapsed = 00:00:00 . Memory (MB): peak = 2950.727 ; gain = 0.000 ; free physical = 10790 ; free virtual = 25821
INFO: [Project 1-111] Unisim Transformation Summary:
No Unisim elements were transformed.

18 Infos, 0 Warnings, 0 Critical Warnings and 0 Errors encountered.
link_design completed successfully
link_design: Time (s): cpu = 00:00:10 ; elapsed = 00:00:23 . Memory (MB): peak = 2950.727 ; gain = 204.227 ; free physical = 10790 ; free virtual = 25821
Command: opt_design
Attempting to get a license for feature 'Implementation' and/or device 'xc7z010'
INFO: [Common 17-349] Got license for feature 'Implementation' and/or device 'xc7z010'
Running DRC as a precondition to command opt_design

Starting DRC Task
INFO: [DRC 23-27] Running DRC with 8 threads
INFO: [Project 1-461] DRC finished with 0 Errors
INFO: [Project 1-462] Please refer to the DRC report (report_drc) for more information.

Time (s): cpu = 00:00:01 ; elapsed = 00:00:01 . Memory (MB): peak = 2950.727 ; gain = 0.000 ; free physical = 10781 ; free virtual = 25812

Starting Cache Timing Information Task
INFO: [Timing 38-35] Done setting XDC timing constraints.
Ending Cache Timing Information Task | Checksum: e106565c

Time (s): cpu = 00:00:05 ; elapsed = 00:00:06 . Memory (MB): peak = 2993.500 ; gain = 42.773 ; free physical = 10396 ; free virtual = 25441

Starting Logic Optimization Task

Phase 1 Retarget
INFO: [Opt 31-138] Pushed 0 inverter(s) to 0 load pin(s).
INFO: [Opt 31-49] Retargeted 0 cell(s).
Phase 1 Retarget | Checksum: 16b33ce95

Time (s): cpu = 00:00:00.19 ; elapsed = 00:00:00.12 . Memory (MB): peak = 3243.547 ; gain = 0.000 ; free physical = 10160 ; free virtual = 25205
INFO: [Opt 31-389] Phase Retarget created 6 cells and removed 51 cells
INFO: [Opt 31-1021] In phase Retarget, 8 netlist objects are constrained preventing optimization. Please run opt_design with -debug_log to get more detail. 

Phase 2 Constant propagation
INFO: [Opt 31-138] Pushed 0 inverter(s) to 0 load pin(s).
Phase 2 Constant propagation | Checksum: 12e0f548e

Time (s): cpu = 00:00:00.21 ; elapsed = 00:00:00.14 . Memory (MB): peak = 3243.547 ; gain = 0.000 ; free physical = 10160 ; free virtual = 25205
INFO: [Opt 31-389] Phase Constant propagation created 4 cells and removed 8 cells

Phase 3 Sweep
Phase 3 Sweep | Checksum: 1532bfc07

Time (s): cpu = 00:00:00.37 ; elapsed = 00:00:00.30 . Memory (MB): peak = 3243.547 ; gain = 0.000 ; free physical = 10161 ; free virtual = 25206
INFO: [Opt 31-389] Phase Sweep created 4 cells and removed 89 cells

Phase 4 BUFG optimization
Phase 4 BUFG optimization | Checksum: 1532bfc07

Time (s): cpu = 00:00:00.40 ; elapsed = 00:00:00.33 . Memory (MB): peak = 3243.547 ; gain = 0.000 ; free physical = 10161 ; free virtual = 25206
INFO: [Opt 31-662] Phase BUFG optimization created 0 cells of which 0 are BUFGs and removed 0 cells.

Phase 5 Shift Register Optimization
INFO: [Opt 31-1064] SRL Remap converted 0 SRLs to 0 registers and converted 0 registers of register chains to 0 SRLs
Phase 5 Shift Register Optimization | Checksum: 1532bfc07

Time (s): cpu = 00:00:00.41 ; elapsed = 00:00:00.34 . Memory (MB): peak = 3243.547 ; gain = 0.000 ; free physical = 10161 ; free virtual = 25206
INFO: [Opt 31-389] Phase Shift Register Optimization created 0 cells and removed 0 cells

Phase 6 Post Processing Netlist
Phase 6 Post Processing Netlist | Checksum: 19792ab4c

Time (s): cpu = 00:00:00.42 ; elapsed = 00:00:00.35 . Memory (MB): peak = 3243.547 ; gain = 0.000 ; free physical = 10161 ; free virtual = 25206
INFO: [Opt 31-389] Phase Post Processing Netlist created 0 cells and removed 0 cells
Opt_design Change Summary
=========================


-------------------------------------------------------------------------------------------------------------------------
|  Phase                        |  #Cells created  |  #Cells Removed  |  #Constrained objects preventing optimizations  |
-------------------------------------------------------------------------------------------------------------------------
|  Retarget                     |               6  |              51  |                                              8  |
|  Constant propagation         |               4  |               8  |                                              0  |
|  Sweep                        |               4  |              89  |                                              0  |
|  BUFG optimization            |               0  |               0  |                                              0  |
|  Shift Register Optimization  |               0  |               0  |                                              0  |
|  Post Processing Netlist      |               0  |               0  |                                              0  |
-------------------------------------------------------------------------------------------------------------------------



Starting Connectivity Check Task

Time (s): cpu = 00:00:00 ; elapsed = 00:00:00 . Memory (MB): peak = 3243.547 ; gain = 0.000 ; free physical = 10161 ; free virtual = 25206
Ending Logic Optimization Task | Checksum: 1546d77ac

Time (s): cpu = 00:00:00.50 ; elapsed = 00:00:00.42 . Memory (MB): peak = 3243.547 ; gain = 0.000 ; free physical = 10161 ; free virtual = 25206

Starting Power Optimization Task
INFO: [Pwropt 34-132] Skipping clock gating for clocks with a period < 2.00 ns.
Ending Power Optimization Task | Checksum: 1546d77ac

Time (s): cpu = 00:00:00.01 ; elapsed = 00:00:00.02 . Memory (MB): peak = 3243.547 ; gain = 0.000 ; free physical = 10160 ; free virtual = 25205

Starting Final Cleanup Task
Ending Final Cleanup Task | Checksum: 1546d77ac

Time (s): cpu = 00:00:00 ; elapsed = 00:00:00 . Memory (MB): peak = 3243.547 ; gain = 0.000 ; free physical = 10160 ; free virtual = 25205

Starting Netlist Obfuscation Task
Netlist sorting complete. Time (s): cpu = 00:00:00 ; elapsed = 00:00:00 . Memory (MB): peak = 3243.547 ; gain = 0.000 ; free physical = 10160 ; free virtual = 25205
Ending Netlist Obfuscation Task | Checksum: 1546d77ac

Time (s): cpu = 00:00:00 ; elapsed = 00:00:00 . Memory (MB): peak = 3243.547 ; gain = 0.000 ; free physical = 10160 ; free virtual = 25205
INFO: [Common 17-83] Releasing license: Implementation
36 Infos, 0 Warnings, 0 Critical Warnings and 0 Errors encountered.
opt_design completed successfully
opt_design: Time (s): cpu = 00:00:09 ; elapsed = 00:00:10 . Memory (MB): peak = 3243.547 ; gain = 292.820 ; free physical = 10160 ; free virtual = 25205
INFO: [Timing 38-480] Writing timing data to binary archive.
Writing placer database...
Writing XDEF routing.
Writing XDEF routing logical nets.
Writing XDEF routing special nets.
Write XDEF Complete: Time (s): cpu = 00:00:00.10 ; elapsed = 00:00:00.07 . Memory (MB): peak = 3283.566 ; gain = 0.000 ; free physical = 10153 ; free virtual = 25200
INFO: [Common 17-1381] The checkpoint '/thayerfs/home/f00436n/engs62/module3/module3/module3.runs/impl_1/module3_hw_wrapper_opt.dcp' has been generated.
INFO: [runtcl-4] Executing : report_drc -file module3_hw_wrapper_drc_opted.rpt -pb module3_hw_wrapper_drc_opted.pb -rpx module3_hw_wrapper_drc_opted.rpx
Command: report_drc -file module3_hw_wrapper_drc_opted.rpt -pb module3_hw_wrapper_drc_opted.pb -rpx module3_hw_wrapper_drc_opted.rpx
INFO: [IP_Flow 19-1839] IP Catalog is up to date.
INFO: [Timing 38-35] Done setting XDC timing constraints.
INFO: [DRC 23-27] Running DRC with 8 threads
INFO: [Vivado_Tcl 2-168] The results of DRC are in file /thayerfs/home/f00436n/engs62/module3/module3/module3.runs/impl_1/module3_hw_wrapper_drc_opted.rpt.
report_drc completed successfully
Command: place_design
Attempting to get a license for feature 'Implementation' and/or device 'xc7z010'
INFO: [Common 17-349] Got license for feature 'Implementation' and/or device 'xc7z010'
INFO: [DRC 23-27] Running DRC with 8 threads
INFO: [Vivado_Tcl 4-198] DRC finished with 0 Errors
INFO: [Vivado_Tcl 4-199] Please refer to the DRC report (report_drc) for more information.
Running DRC as a precondition to command place_design
INFO: [DRC 23-27] Running DRC with 8 threads
INFO: [Vivado_Tcl 4-198] DRC finished with 0 Errors
INFO: [Vivado_Tcl 4-199] Please refer to the DRC report (report_drc) for more information.

Starting Placer Task
INFO: [Place 30-611] Multithreading enabled for place_design using a maximum of 8 CPUs

Phase 1 Placer Initialization

Phase 1.1 Placer Initialization Netlist Sorting
Netlist sorting complete. Time (s): cpu = 00:00:00 ; elapsed = 00:00:00 . Memory (MB): peak = 3414.320 ; gain = 0.000 ; free physical = 10090 ; free virtual = 25138
Phase 1.1 Placer Initialization Netlist Sorting | Checksum: 7cca50f7

Time (s): cpu = 00:00:00.01 ; elapsed = 00:00:00.04 . Memory (MB): peak = 3414.320 ; gain = 0.000 ; free physical = 10090 ; free virtual = 25138
Netlist sorting complete. Time (s): cpu = 00:00:00 ; elapsed = 00:00:00 . Memory (MB): peak = 3414.320 ; gain = 0.000 ; free physical = 10090 ; free virtual = 25138

Phase 1.2 IO Placement/ Clock Placement/ Build Placer Device
Phase 1.2 IO Placement/ Clock Placement/ Build Placer Device | Checksum: fe95d199

Time (s): cpu = 00:00:00.53 ; elapsed = 00:00:00.36 . Memory (MB): peak = 3414.320 ; gain = 0.000 ; free physical = 10119 ; free virtual = 25167

Phase 1.3 Build Placer Netlist Model
Phase 1.3 Build Placer Netlist Model | Checksum: 10bd06552

Time (s): cpu = 00:00:01 ; elapsed = 00:00:00.67 . Memory (MB): peak = 3414.320 ; gain = 0.000 ; free physical = 10133 ; free virtual = 25181

Phase 1.4 Constrain Clocks/Macros
Phase 1.4 Constrain Clocks/Macros | Checksum: 10bd06552

Time (s): cpu = 00:00:01 ; elapsed = 00:00:00.68 . Memory (MB): peak = 3414.320 ; gain = 0.000 ; free physical = 10133 ; free virtual = 25181
Phase 1 Placer Initialization | Checksum: 10bd06552

Time (s): cpu = 00:00:01 ; elapsed = 00:00:00.68 . Memory (MB): peak = 3414.320 ; gain = 0.000 ; free physical = 10133 ; free virtual = 25181

Phase 2 Global Placement

Phase 2.1 Floorplanning
Phase 2.1 Floorplanning | Checksum: 1238ec8aa

Time (s): cpu = 00:00:02 ; elapsed = 00:00:00.78 . Memory (MB): peak = 3414.320 ; gain = 0.000 ; free physical = 10130 ; free virtual = 25178

Phase 2.2 Update Timing before SLR Path Opt
Phase 2.2 Update Timing before SLR Path Opt | Checksum: 122d9bb42

Time (s): cpu = 00:00:02 ; elapsed = 00:00:00.86 . Memory (MB): peak = 3414.320 ; gain = 0.000 ; free physical = 10130 ; free virtual = 25178

Phase 2.3 Post-Processing in Floorplanning
Phase 2.3 Post-Processing in Floorplanning | Checksum: 122d9bb42

Time (s): cpu = 00:00:02 ; elapsed = 00:00:00.87 . Memory (MB): peak = 3414.320 ; gain = 0.000 ; free physical = 10130 ; free virtual = 25178

Phase 2.4 Global Placement Core

Phase 2.4.1 Physical Synthesis In Placer
INFO: [Physopt 32-1035] Found 0 LUTNM shape to break, 39 LUT instances to create LUTNM shape
INFO: [Physopt 32-1044] Break lutnm for timing: one critical 0, two critical 0, total 0, new lutff created 0
INFO: [Physopt 32-1138] End 1 Pass. Optimized 16 nets or LUTs. Breaked 0 LUT, combined 16 existing LUTs and moved 0 existing LUT
INFO: [Physopt 32-65] No nets found for high-fanout optimization.
INFO: [Physopt 32-232] Optimized 0 net. Created 0 new instance.
INFO: [Physopt 32-775] End 1 Pass. Optimized 0 net or cell. Created 0 new cell, deleted 0 existing cell and moved 0 existing cell
INFO: [Physopt 32-670] No setup violation found.  DSP Register Optimization was not performed.
INFO: [Physopt 32-670] No setup violation found.  Shift Register to Pipeline Optimization was not performed.
INFO: [Physopt 32-670] No setup violation found.  Shift Register Optimization was not performed.
INFO: [Physopt 32-670] No setup violation found.  BRAM Register Optimization was not performed.
INFO: [Physopt 32-670] No setup violation found.  URAM Register Optimization was not performed.
INFO: [Physopt 32-949] No candidate nets found for dynamic/static region interface net replication
INFO: [Physopt 32-775] End 1 Pass. Optimized 0 net or cell. Created 0 new cell, deleted 0 existing cell and moved 0 existing cell
Netlist sorting complete. Time (s): cpu = 00:00:00 ; elapsed = 00:00:00 . Memory (MB): peak = 3414.320 ; gain = 0.000 ; free physical = 10117 ; free virtual = 25165

Summary of Physical Synthesis Optimizations
============================================


-----------------------------------------------------------------------------------------------------------------------------------------------------------
|  Optimization                                     |  Added Cells  |  Removed Cells  |  Optimized Cells/Nets  |  Dont Touch  |  Iterations  |  Elapsed   |
-----------------------------------------------------------------------------------------------------------------------------------------------------------
|  LUT Combining                                    |            0  |             16  |                    16  |           0  |           1  |  00:00:00  |
|  Retime                                           |            0  |              0  |                     0  |           0  |           1  |  00:00:00  |
|  Very High Fanout                                 |            0  |              0  |                     0  |           0  |           1  |  00:00:00  |
|  DSP Register                                     |            0  |              0  |                     0  |           0  |           0  |  00:00:00  |
|  Shift Register to Pipeline                       |            0  |              0  |                     0  |           0  |           0  |  00:00:00  |
|  Shift Register                                   |            0  |              0  |                     0  |           0  |           0  |  00:00:00  |
|  BRAM Register                                    |            0  |              0  |                     0  |           0  |           0  |  00:00:00  |
|  URAM Register                                    |            0  |              0  |                     0  |           0  |           0  |  00:00:00  |
|  Dynamic/Static Region Interface Net Replication  |            0  |              0  |                     0  |           0  |           1  |  00:00:00  |
|  Total                                            |            0  |             16  |                    16  |           0  |           4  |  00:00:00  |
-----------------------------------------------------------------------------------------------------------------------------------------------------------


Phase 2.4.1 Physical Synthesis In Placer | Checksum: fd7a2abc

Time (s): cpu = 00:00:05 ; elapsed = 00:00:02 . Memory (MB): peak = 3414.320 ; gain = 0.000 ; free physical = 10118 ; free virtual = 25165
Phase 2.4 Global Placement Core | Checksum: ceae6b3b

Time (s): cpu = 00:00:06 ; elapsed = 00:00:02 . Memory (MB): peak = 3414.320 ; gain = 0.000 ; free physical = 10117 ; free virtual = 25165
Phase 2 Global Placement | Checksum: ceae6b3b

Time (s): cpu = 00:00:06 ; elapsed = 00:00:02 . Memory (MB): peak = 3414.320 ; gain = 0.000 ; free physical = 10117 ; free virtual = 25165

Phase 3 Detail Placement

Phase 3.1 Commit Multi Column Macros
Phase 3.1 Commit Multi Column Macros | Checksum: 163d447dc

Time (s): cpu = 00:00:06 ; elapsed = 00:00:02 . Memory (MB): peak = 3414.320 ; gain = 0.000 ; free physical = 10117 ; free virtual = 25164

Phase 3.2 Commit Most Macros & LUTRAMs
Phase 3.2 Commit Most Macros & LUTRAMs | Checksum: 1612a9f48

Time (s): cpu = 00:00:06 ; elapsed = 00:00:02 . Memory (MB): peak = 3414.320 ; gain = 0.000 ; free physical = 10116 ; free virtual = 25164

Phase 3.3 Area Swap Optimization
Phase 3.3 Area Swap Optimization | Checksum: 136d1c9f5

Time (s): cpu = 00:00:06 ; elapsed = 00:00:02 . Memory (MB): peak = 3414.320 ; gain = 0.000 ; free physical = 10116 ; free virtual = 25164

Phase 3.4 Pipeline Register Optimization
Phase 3.4 Pipeline Register Optimization | Checksum: 1bd15737b

Time (s): cpu = 00:00:06 ; elapsed = 00:00:02 . Memory (MB): peak = 3414.320 ; gain = 0.000 ; free physical = 10116 ; free virtual = 25164

Phase 3.5 Small Shape Detail Placement
Phase 3.5 Small Shape Detail Placement | Checksum: 17ac66ba4

Time (s): cpu = 00:00:07 ; elapsed = 00:00:03 . Memory (MB): peak = 3414.320 ; gain = 0.000 ; free physical = 10115 ; free virtual = 25163

Phase 3.6 Re-assign LUT pins
Phase 3.6 Re-assign LUT pins | Checksum: f9966b84

Time (s): cpu = 00:00:07 ; elapsed = 00:00:03 . Memory (MB): peak = 3414.320 ; gain = 0.000 ; free physical = 10115 ; free virtual = 25163

Phase 3.7 Pipeline Register Optimization
Phase 3.7 Pipeline Register Optimization | Checksum: 17fdabbfe

Time (s): cpu = 00:00:07 ; elapsed = 00:00:03 . Memory (MB): peak = 3414.320 ; gain = 0.000 ; free physical = 10115 ; free virtual = 25163
Phase 3 Detail Placement | Checksum: 17fdabbfe

Time (s): cpu = 00:00:07 ; elapsed = 00:00:03 . Memory (MB): peak = 3414.320 ; gain = 0.000 ; free physical = 10115 ; free virtual = 25163

Phase 4 Post Placement Optimization and Clean-Up

Phase 4.1 Post Commit Optimization
INFO: [Timing 38-35] Done setting XDC timing constraints.

Phase 4.1.1 Post Placement Optimization
Post Placement Optimization Initialization | Checksum: 1e353dafb

Phase 4.1.1.1 BUFG Insertion

Starting Physical Synthesis Task

Phase 1 Physical Synthesis Initialization
INFO: [Physopt 32-721] Multithreading enabled for phys_opt_design using a maximum of 8 CPUs
INFO: [Physopt 32-619] Estimated Timing Summary | WNS=12.934 | TNS=0.000 |
Phase 1 Physical Synthesis Initialization | Checksum: 248f325d7

Time (s): cpu = 00:00:00.19 ; elapsed = 00:00:00.04 . Memory (MB): peak = 3414.320 ; gain = 0.000 ; free physical = 10115 ; free virtual = 25162
INFO: [Place 46-56] BUFG insertion identified 0 candidate nets. Inserted BUFG: 0, Replicated BUFG Driver: 0, Skipped due to Placement/Routing Conflicts: 0, Skipped due to Timing Degradation: 0, Skipped due to Illegal Netlist: 0.
Ending Physical Synthesis Task | Checksum: 20d77df79

Time (s): cpu = 00:00:00.20 ; elapsed = 00:00:00.05 . Memory (MB): peak = 3414.320 ; gain = 0.000 ; free physical = 10115 ; free virtual = 25162
Phase 4.1.1.1 BUFG Insertion | Checksum: 1e353dafb

Time (s): cpu = 00:00:08 ; elapsed = 00:00:03 . Memory (MB): peak = 3414.320 ; gain = 0.000 ; free physical = 10115 ; free virtual = 25162

Phase 4.1.1.2 Post Placement Timing Optimization
INFO: [Place 30-746] Post Placement Timing Summary WNS=12.934. For the most accurate timing information please run report_timing.
Phase 4.1.1.2 Post Placement Timing Optimization | Checksum: 1ad6bda35

Time (s): cpu = 00:00:08 ; elapsed = 00:00:03 . Memory (MB): peak = 3414.320 ; gain = 0.000 ; free physical = 10115 ; free virtual = 25162

Time (s): cpu = 00:00:08 ; elapsed = 00:00:03 . Memory (MB): peak = 3414.320 ; gain = 0.000 ; free physical = 10115 ; free virtual = 25162
Phase 4.1 Post Commit Optimization | Checksum: 1ad6bda35

Time (s): cpu = 00:00:08 ; elapsed = 00:00:03 . Memory (MB): peak = 3414.320 ; gain = 0.000 ; free physical = 10115 ; free virtual = 25162

Phase 4.2 Post Placement Cleanup
Phase 4.2 Post Placement Cleanup | Checksum: 1ad6bda35

Time (s): cpu = 00:00:08 ; elapsed = 00:00:03 . Memory (MB): peak = 3414.320 ; gain = 0.000 ; free physical = 10115 ; free virtual = 25162

Phase 4.3 Placer Reporting

Phase 4.3.1 Print Estimated Congestion
INFO: [Place 30-612] Post-Placement Estimated Congestion 
 ____________________________________________________
|           | Global Congestion | Short Congestion  |
| Direction | Region Size       | Region Size       |
|___________|___________________|___________________|
|      North|                1x1|                1x1|
|___________|___________________|___________________|
|      South|                1x1|                1x1|
|___________|___________________|___________________|
|       East|                1x1|                1x1|
|___________|___________________|___________________|
|       West|                1x1|                1x1|
|___________|___________________|___________________|

Phase 4.3.1 Print Estimated Congestion | Checksum: 1ad6bda35

Time (s): cpu = 00:00:08 ; elapsed = 00:00:03 . Memory (MB): peak = 3414.320 ; gain = 0.000 ; free physical = 10115 ; free virtual = 25162
Phase 4.3 Placer Reporting | Checksum: 1ad6bda35

Time (s): cpu = 00:00:08 ; elapsed = 00:00:03 . Memory (MB): peak = 3414.320 ; gain = 0.000 ; free physical = 10115 ; free virtual = 25162

Phase 4.4 Final Placement Cleanup
Netlist sorting complete. Time (s): cpu = 00:00:00 ; elapsed = 00:00:00 . Memory (MB): peak = 3414.320 ; gain = 0.000 ; free physical = 10115 ; free virtual = 25162

Time (s): cpu = 00:00:08 ; elapsed = 00:00:03 . Memory (MB): peak = 3414.320 ; gain = 0.000 ; free physical = 10115 ; free virtual = 25162
Phase 4 Post Placement Optimization and Clean-Up | Checksum: 17bfd73bf

Time (s): cpu = 00:00:08 ; elapsed = 00:00:03 . Memory (MB): peak = 3414.320 ; gain = 0.000 ; free physical = 10115 ; free virtual = 25162
Ending Placer Task | Checksum: 10466524e

Time (s): cpu = 00:00:08 ; elapsed = 00:00:03 . Memory (MB): peak = 3414.320 ; gain = 0.000 ; free physical = 10115 ; free virtual = 25162
INFO: [Common 17-83] Releasing license: Implementation
71 Infos, 0 Warnings, 0 Critical Warnings and 0 Errors encountered.
place_design completed successfully
INFO: [Timing 38-480] Writing timing data to binary archive.
Writing placer database...
Writing XDEF routing.
Writing XDEF routing logical nets.
Writing XDEF routing special nets.
Write XDEF Complete: Time (s): cpu = 00:00:00.45 ; elapsed = 00:00:00.18 . Memory (MB): peak = 3414.320 ; gain = 0.000 ; free physical = 10106 ; free virtual = 25159
INFO: [Common 17-1381] The checkpoint '/thayerfs/home/f00436n/engs62/module3/module3/module3.runs/impl_1/module3_hw_wrapper_placed.dcp' has been generated.
INFO: [runtcl-4] Executing : report_io -file module3_hw_wrapper_io_placed.rpt
report_io: Time (s): cpu = 00:00:00.16 ; elapsed = 00:00:00.25 . Memory (MB): peak = 3414.320 ; gain = 0.000 ; free physical = 10101 ; free virtual = 25151
INFO: [runtcl-4] Executing : report_utilization -file module3_hw_wrapper_utilization_placed.rpt -pb module3_hw_wrapper_utilization_placed.pb
INFO: [runtcl-4] Executing : report_control_sets -verbose -file module3_hw_wrapper_control_sets_placed.rpt
report_control_sets: Time (s): cpu = 00:00:00.07 ; elapsed = 00:00:00.17 . Memory (MB): peak = 3414.320 ; gain = 0.000 ; free physical = 10113 ; free virtual = 25163
Command: phys_opt_design
Attempting to get a license for feature 'Implementation' and/or device 'xc7z010'
INFO: [Common 17-349] Got license for feature 'Implementation' and/or device 'xc7z010'
INFO: [Vivado_Tcl 4-383] Design worst setup slack (WNS) is greater than or equal to 0.000 ns. Skipping all physical synthesis optimizations.
INFO: [Vivado_Tcl 4-232] No setup violation found. The netlist was not modified.
INFO: [Common 17-83] Releasing license: Implementation
80 Infos, 0 Warnings, 0 Critical Warnings and 0 Errors encountered.
phys_opt_design completed successfully
INFO: [Timing 38-480] Writing timing data to binary archive.
Writing placer database...
Writing XDEF routing.
Writing XDEF routing logical nets.
Writing XDEF routing special nets.
Write XDEF Complete: Time (s): cpu = 00:00:00.54 ; elapsed = 00:00:00.20 . Memory (MB): peak = 3414.320 ; gain = 0.000 ; free physical = 10070 ; free virtual = 25125
INFO: [Common 17-1381] The checkpoint '/thayerfs/home/f00436n/engs62/module3/module3/module3.runs/impl_1/module3_hw_wrapper_physopt.dcp' has been generated.
Command: route_design
Attempting to get a license for feature 'Implementation' and/or device 'xc7z010'
INFO: [Common 17-349] Got license for feature 'Implementation' and/or device 'xc7z010'
Running DRC as a precondition to command route_design
INFO: [DRC 23-27] Running DRC with 8 threads
INFO: [Vivado_Tcl 4-198] DRC finished with 0 Errors
INFO: [Vivado_Tcl 4-199] Please refer to the DRC report (report_drc) for more information.


Starting Routing Task
INFO: [Route 35-254] Multithreading enabled for route_design using a maximum of 8 CPUs

Phase 1 Build RT Design
Checksum: PlaceDB: 7203dbd9 ConstDB: 0 ShapeSum: 92627675 RouteDB: 0
Post Restoration Checksum: NetGraph: 5562ee15 NumContArr: 6c225e2d Constraints: 0 Timing: 0
Phase 1 Build RT Design | Checksum: c1854c42

Time (s): cpu = 00:00:09 ; elapsed = 00:00:08 . Memory (MB): peak = 3414.320 ; gain = 0.000 ; free physical = 10008 ; free virtual = 25060

Phase 2 Router Initialization

Phase 2.1 Create Timer
Phase 2.1 Create Timer | Checksum: c1854c42

Time (s): cpu = 00:00:09 ; elapsed = 00:00:08 . Memory (MB): peak = 3414.320 ; gain = 0.000 ; free physical = 10008 ; free virtual = 25060

Phase 2.2 Fix Topology Constraints
Phase 2.2 Fix Topology Constraints | Checksum: c1854c42

Time (s): cpu = 00:00:09 ; elapsed = 00:00:08 . Memory (MB): peak = 3414.320 ; gain = 0.000 ; free physical = 9976 ; free virtual = 25028

Phase 2.3 Pre Route Cleanup
Phase 2.3 Pre Route Cleanup | Checksum: c1854c42

Time (s): cpu = 00:00:09 ; elapsed = 00:00:08 . Memory (MB): peak = 3414.320 ; gain = 0.000 ; free physical = 9976 ; free virtual = 25028
 Number of Nodes with overlaps = 0

Phase 2.4 Update Timing
Phase 2.4 Update Timing | Checksum: 18cda60eb

Time (s): cpu = 00:00:10 ; elapsed = 00:00:08 . Memory (MB): peak = 3415.969 ; gain = 1.648 ; free physical = 9968 ; free virtual = 25020
INFO: [Route 35-416] Intermediate Timing Summary | WNS=12.981 | TNS=0.000  | WHS=-0.170 | THS=-27.199|


Router Utilization Summary
  Global Vertical Routing Utilization    = 0 %
  Global Horizontal Routing Utilization  = 0 %
  Routable Net Status*
  *Does not include unroutable nets such as driverless and loadless.
  Run report_route_status for detailed report.
  Number of Failed Nets               = 2092
    (Failed Nets is the sum of unrouted and partially routed nets)
  Number of Unrouted Nets             = 2092
  Number of Partially Routed Nets     = 0
  Number of Node Overlaps             = 0

Phase 2 Router Initialization | Checksum: 15a6949d0

Time (s): cpu = 00:00:11 ; elapsed = 00:00:08 . Memory (MB): peak = 3416.969 ; gain = 2.648 ; free physical = 9966 ; free virtual = 25018

Phase 3 Initial Routing

Phase 3.1 Global Routing
Phase 3.1 Global Routing | Checksum: 15a6949d0

Time (s): cpu = 00:00:11 ; elapsed = 00:00:08 . Memory (MB): peak = 3416.969 ; gain = 2.648 ; free physical = 9966 ; free virtual = 25018
Phase 3 Initial Routing | Checksum: 2477c2fe0

Time (s): cpu = 00:00:11 ; elapsed = 00:00:08 . Memory (MB): peak = 3448.984 ; gain = 34.664 ; free physical = 9966 ; free virtual = 25018

Phase 4 Rip-up And Reroute

Phase 4.1 Global Iteration 0
 Number of Nodes with overlaps = 112
 Number of Nodes with overlaps = 0
INFO: [Route 35-416] Intermediate Timing Summary | WNS=11.611 | TNS=0.000  | WHS=N/A    | THS=N/A    |

Phase 4.1 Global Iteration 0 | Checksum: 17fbd96a9

Time (s): cpu = 00:00:12 ; elapsed = 00:00:09 . Memory (MB): peak = 3448.984 ; gain = 34.664 ; free physical = 9966 ; free virtual = 25018

Phase 4.2 Global Iteration 1
 Number of Nodes with overlaps = 0
INFO: [Route 35-416] Intermediate Timing Summary | WNS=11.611 | TNS=0.000  | WHS=N/A    | THS=N/A    |

Phase 4.2 Global Iteration 1 | Checksum: 1b3c0815c

Time (s): cpu = 00:00:12 ; elapsed = 00:00:09 . Memory (MB): peak = 3448.984 ; gain = 34.664 ; free physical = 9966 ; free virtual = 25018
Phase 4 Rip-up And Reroute | Checksum: 1b3c0815c

Time (s): cpu = 00:00:12 ; elapsed = 00:00:09 . Memory (MB): peak = 3448.984 ; gain = 34.664 ; free physical = 9966 ; free virtual = 25018

Phase 5 Delay and Skew Optimization

Phase 5.1 Delay CleanUp

Phase 5.1.1 Update Timing
Phase 5.1.1 Update Timing | Checksum: 1b29f50c7

Time (s): cpu = 00:00:12 ; elapsed = 00:00:09 . Memory (MB): peak = 3448.984 ; gain = 34.664 ; free physical = 9966 ; free virtual = 25018
INFO: [Route 35-416] Intermediate Timing Summary | WNS=11.726 | TNS=0.000  | WHS=N/A    | THS=N/A    |

Phase 5.1 Delay CleanUp | Checksum: 1b29f50c7

Time (s): cpu = 00:00:12 ; elapsed = 00:00:09 . Memory (MB): peak = 3448.984 ; gain = 34.664 ; free physical = 9966 ; free virtual = 25018

Phase 5.2 Clock Skew Optimization
Phase 5.2 Clock Skew Optimization | Checksum: 1b29f50c7

Time (s): cpu = 00:00:12 ; elapsed = 00:00:09 . Memory (MB): peak = 3448.984 ; gain = 34.664 ; free physical = 9966 ; free virtual = 25018
Phase 5 Delay and Skew Optimization | Checksum: 1b29f50c7

Time (s): cpu = 00:00:12 ; elapsed = 00:00:09 . Memory (MB): peak = 3448.984 ; gain = 34.664 ; free physical = 9966 ; free virtual = 25018

Phase 6 Post Hold Fix

Phase 6.1 Hold Fix Iter

Phase 6.1.1 Update Timing
Phase 6.1.1 Update Timing | Checksum: 1fa3a6e52

Time (s): cpu = 00:00:13 ; elapsed = 00:00:09 . Memory (MB): peak = 3448.984 ; gain = 34.664 ; free physical = 9967 ; free virtual = 25018
INFO: [Route 35-416] Intermediate Timing Summary | WNS=11.726 | TNS=0.000  | WHS=0.024  | THS=0.000  |

Phase 6.1 Hold Fix Iter | Checksum: 1f7789412

Time (s): cpu = 00:00:13 ; elapsed = 00:00:09 . Memory (MB): peak = 3448.984 ; gain = 34.664 ; free physical = 9967 ; free virtual = 25018
Phase 6 Post Hold Fix | Checksum: 1f7789412

Time (s): cpu = 00:00:13 ; elapsed = 00:00:09 . Memory (MB): peak = 3448.984 ; gain = 34.664 ; free physical = 9967 ; free virtual = 25018

Phase 7 Route finalize

Router Utilization Summary
  Global Vertical Routing Utilization    = 0.764217 %
  Global Horizontal Routing Utilization  = 1.13327 %
  Routable Net Status*
  *Does not include unroutable nets such as driverless and loadless.
  Run report_route_status for detailed report.
  Number of Failed Nets               = 0
    (Failed Nets is the sum of unrouted and partially routed nets)
  Number of Unrouted Nets             = 0
  Number of Partially Routed Nets     = 0
  Number of Node Overlaps             = 0

Phase 7 Route finalize | Checksum: 1e025b94a

Time (s): cpu = 00:00:13 ; elapsed = 00:00:09 . Memory (MB): peak = 3448.984 ; gain = 34.664 ; free physical = 9967 ; free virtual = 25018

Phase 8 Verifying routed nets

 Verification completed successfully
Phase 8 Verifying routed nets | Checksum: 1e025b94a

Time (s): cpu = 00:00:13 ; elapsed = 00:00:09 . Memory (MB): peak = 3448.984 ; gain = 34.664 ; free physical = 9965 ; free virtual = 25017

Phase 9 Depositing Routes
Phase 9 Depositing Routes | Checksum: 181a09bbb

Time (s): cpu = 00:00:13 ; elapsed = 00:00:09 . Memory (MB): peak = 3497.008 ; gain = 82.688 ; free physical = 9965 ; free virtual = 25017

Phase 10 Post Router Timing
INFO: [Route 35-57] Estimated Timing Summary | WNS=11.726 | TNS=0.000  | WHS=0.024  | THS=0.000  |

INFO: [Route 35-327] The final timing numbers are based on the router estimated timing analysis. For a complete and accurate timing signoff, please run report_timing_summary.
Phase 10 Post Router Timing | Checksum: 181a09bbb

Time (s): cpu = 00:00:13 ; elapsed = 00:00:09 . Memory (MB): peak = 3497.008 ; gain = 82.688 ; free physical = 9965 ; free virtual = 25017
INFO: [Route 35-16] Router Completed Successfully

Time (s): cpu = 00:00:13 ; elapsed = 00:00:09 . Memory (MB): peak = 3497.008 ; gain = 82.688 ; free physical = 9999 ; free virtual = 25051

Routing Is Done.
INFO: [Common 17-83] Releasing license: Implementation
96 Infos, 0 Warnings, 0 Critical Warnings and 0 Errors encountered.
route_design completed successfully
route_design: Time (s): cpu = 00:00:16 ; elapsed = 00:00:10 . Memory (MB): peak = 3497.008 ; gain = 82.688 ; free physical = 9999 ; free virtual = 25051
INFO: [Timing 38-480] Writing timing data to binary archive.
Writing placer database...
Writing XDEF routing.
Writing XDEF routing logical nets.
Writing XDEF routing special nets.
Write XDEF Complete: Time (s): cpu = 00:00:00.60 ; elapsed = 00:00:00.22 . Memory (MB): peak = 3497.008 ; gain = 0.000 ; free physical = 9984 ; free virtual = 25042
INFO: [Common 17-1381] The checkpoint '/thayerfs/home/f00436n/engs62/module3/module3/module3.runs/impl_1/module3_hw_wrapper_routed.dcp' has been generated.
INFO: [runtcl-4] Executing : report_drc -file module3_hw_wrapper_drc_routed.rpt -pb module3_hw_wrapper_drc_routed.pb -rpx module3_hw_wrapper_drc_routed.rpx
Command: report_drc -file module3_hw_wrapper_drc_routed.rpt -pb module3_hw_wrapper_drc_routed.pb -rpx module3_hw_wrapper_drc_routed.rpx
INFO: [IP_Flow 19-1839] IP Catalog is up to date.
INFO: [DRC 23-27] Running DRC with 8 threads
INFO: [Vivado_Tcl 2-168] The results of DRC are in file /thayerfs/home/f00436n/engs62/module3/module3/module3.runs/impl_1/module3_hw_wrapper_drc_routed.rpt.
report_drc completed successfully
INFO: [runtcl-4] Executing : report_methodology -file module3_hw_wrapper_methodology_drc_routed.rpt -pb module3_hw_wrapper_methodology_drc_routed.pb -rpx module3_hw_wrapper_methodology_drc_routed.rpx
Command: report_methodology -file module3_hw_wrapper_methodology_drc_routed.rpt -pb module3_hw_wrapper_methodology_drc_routed.pb -rpx module3_hw_wrapper_methodology_drc_routed.rpx
INFO: [Timing 38-35] Done setting XDC timing constraints.
INFO: [DRC 23-133] Running Methodology with 8 threads
INFO: [Vivado_Tcl 2-1520] The results of Report Methodology are in file /thayerfs/home/f00436n/engs62/module3/module3/module3.runs/impl_1/module3_hw_wrapper_methodology_drc_routed.rpt.
report_methodology completed successfully
INFO: [runtcl-4] Executing : report_power -file module3_hw_wrapper_power_routed.rpt -pb module3_hw_wrapper_power_summary_routed.pb -rpx module3_hw_wrapper_power_routed.rpx
Command: report_power -file module3_hw_wrapper_power_routed.rpt -pb module3_hw_wrapper_power_summary_routed.pb -rpx module3_hw_wrapper_power_routed.rpx
INFO: [Timing 38-35] Done setting XDC timing constraints.
Running Vector-less Activity Propagation...

Finished Running Vector-less Activity Propagation
108 Infos, 0 Warnings, 0 Critical Warnings and 0 Errors encountered.
report_power completed successfully
INFO: [runtcl-4] Executing : report_route_status -file module3_hw_wrapper_route_status.rpt -pb module3_hw_wrapper_route_status.pb
INFO: [runtcl-4] Executing : report_timing_summary -max_paths 10 -report_unconstrained -file module3_hw_wrapper_timing_summary_routed.rpt -pb module3_hw_wrapper_timing_summary_routed.pb -rpx module3_hw_wrapper_timing_summary_routed.rpx -warn_on_violation 
INFO: [Timing 38-91] UpdateTimingParams: Speed grade: -1, Delay Type: min_max.
INFO: [Timing 38-191] Multithreading enabled for timing update using a maximum of 8 CPUs
INFO: [runtcl-4] Executing : report_incremental_reuse -file module3_hw_wrapper_incremental_reuse_routed.rpt
INFO: [Vivado_Tcl 4-1062] Incremental flow is disabled. No incremental reuse Info to report.
INFO: [runtcl-4] Executing : report_clock_utilization -file module3_hw_wrapper_clock_utilization_routed.rpt
INFO: [runtcl-4] Executing : report_bus_skew -warn_on_violation -file module3_hw_wrapper_bus_skew_routed.rpt -pb module3_hw_wrapper_bus_skew_routed.pb -rpx module3_hw_wrapper_bus_skew_routed.rpx
INFO: [Timing 38-91] UpdateTimingParams: Speed grade: -1, Delay Type: min_max.
INFO: [Timing 38-191] Multithreading enabled for timing update using a maximum of 8 CPUs
Command: write_bitstream -force module3_hw_wrapper.bit
Attempting to get a license for feature 'Implementation' and/or device 'xc7z010'
INFO: [Common 17-349] Got license for feature 'Implementation' and/or device 'xc7z010'
Running DRC as a precondition to command write_bitstream
INFO: [IP_Flow 19-1839] IP Catalog is up to date.
INFO: [DRC 23-27] Running DRC with 8 threads
INFO: [Vivado 12-3199] DRC finished with 0 Errors
INFO: [Vivado 12-3200] Please refer to the DRC report (report_drc) for more information.
INFO: [Designutils 20-2272] Running write_bitstream with 8 threads.
Loading data files...
Loading site data...
Loading route data...
Processing options...
Creating bitmap...
Creating bitstream...
Writing bitstream ./module3_hw_wrapper.bit...
INFO: [Vivado 12-1842] Bitgen Completed Successfully.
INFO: [Common 17-83] Releasing license: Implementation
11 Infos, 0 Warnings, 0 Critical Warnings and 0 Errors encountered.
write_bitstream completed successfully
write_bitstream: Time (s): cpu = 00:00:09 ; elapsed = 00:00:17 . Memory (MB): peak = 3764.844 ; gain = 222.328 ; free physical = 9961 ; free virtual = 25024
INFO: [Common 17-206] Exiting Vivado at Thu Jan 20 17:23:34 2022...
