
*** Running vivado
    with args -log module1_hw_wrapper.vdi -applog -m64 -product Vivado -messageDb vivado.pb -mode batch -source module1_hw_wrapper.tcl -notrace


****** Vivado v2021.2 (64-bit)
  **** SW Build 3367213 on Tue Oct 19 02:47:39 MDT 2021
  **** IP Build 3369179 on Thu Oct 21 08:25:16 MDT 2021
    ** Copyright 1986-2021 Xilinx, Inc. All Rights Reserved.

source module1_hw_wrapper.tcl -notrace
create_project: Time (s): cpu = 00:00:05 ; elapsed = 00:00:09 . Memory (MB): peak = 2746.590 ; gain = 2.016 ; free physical = 1988 ; free virtual = 25768
INFO: [IP_Flow 19-234] Refreshing IP repositories
INFO: [IP_Flow 19-1704] No user IP repositories specified
INFO: [IP_Flow 19-2313] Loaded Vivado IP repository '/thayerfs/apps/xilinx/Vivado/current/data/ip'.
Command: link_design -top module1_hw_wrapper -part xc7z010clg400-1
Design is defaulting to srcset: sources_1
Design is defaulting to constrset: constrs_1
INFO: [Device 21-403] Loading part xc7z010clg400-1
INFO: [Project 1-454] Reading design checkpoint '/thayerfs/home/f00436n/workspace/m1/module1/module1.gen/sources_1/bd/module1_hw/ip/module1_hw_axi_gpio_0_0/module1_hw_axi_gpio_0_0.dcp' for cell 'module1_hw_i/axi_gpio_0'
INFO: [Project 1-454] Reading design checkpoint '/thayerfs/home/f00436n/workspace/m1/module1/module1.gen/sources_1/bd/module1_hw/ip/module1_hw_axi_gpio_1_0/module1_hw_axi_gpio_1_0.dcp' for cell 'module1_hw_i/axi_gpio_1'
INFO: [Project 1-454] Reading design checkpoint '/thayerfs/home/f00436n/workspace/m1/module1/module1.gen/sources_1/bd/module1_hw/ip/module1_hw_processing_system7_0_0/module1_hw_processing_system7_0_0.dcp' for cell 'module1_hw_i/processing_system7_0'
INFO: [Project 1-454] Reading design checkpoint '/thayerfs/home/f00436n/workspace/m1/module1/module1.gen/sources_1/bd/module1_hw/ip/module1_hw_rst_ps7_0_50M_0/module1_hw_rst_ps7_0_50M_0.dcp' for cell 'module1_hw_i/rst_ps7_0_50M'
INFO: [Project 1-454] Reading design checkpoint '/thayerfs/home/f00436n/workspace/m1/module1/module1.gen/sources_1/bd/module1_hw/ip/module1_hw_xbar_0/module1_hw_xbar_0.dcp' for cell 'module1_hw_i/ps7_0_axi_periph/xbar'
INFO: [Project 1-454] Reading design checkpoint '/thayerfs/home/f00436n/workspace/m1/module1/module1.gen/sources_1/bd/module1_hw/ip/module1_hw_auto_pc_0/module1_hw_auto_pc_0.dcp' for cell 'module1_hw_i/ps7_0_axi_periph/s00_couplers/auto_pc'
Netlist sorting complete. Time (s): cpu = 00:00:00.04 ; elapsed = 00:00:00.03 . Memory (MB): peak = 2751.035 ; gain = 0.000 ; free physical = 1668 ; free virtual = 25449
INFO: [Netlist 29-17] Analyzing 18 Unisim elements for replacement
INFO: [Netlist 29-28] Unisim Transformation completed in 0 CPU seconds
INFO: [Project 1-479] Netlist was created with Vivado 2021.2
INFO: [Project 1-570] Preparing netlist for logic optimization
Parsing XDC File [/thayerfs/home/f00436n/workspace/m1/module1/module1.gen/sources_1/bd/module1_hw/ip/module1_hw_processing_system7_0_0/module1_hw_processing_system7_0_0.xdc] for cell 'module1_hw_i/processing_system7_0/inst'
Finished Parsing XDC File [/thayerfs/home/f00436n/workspace/m1/module1/module1.gen/sources_1/bd/module1_hw/ip/module1_hw_processing_system7_0_0/module1_hw_processing_system7_0_0.xdc] for cell 'module1_hw_i/processing_system7_0/inst'
Parsing XDC File [/thayerfs/home/f00436n/workspace/m1/module1/module1.gen/sources_1/bd/module1_hw/ip/module1_hw_axi_gpio_0_0/module1_hw_axi_gpio_0_0_board.xdc] for cell 'module1_hw_i/axi_gpio_0/U0'
Finished Parsing XDC File [/thayerfs/home/f00436n/workspace/m1/module1/module1.gen/sources_1/bd/module1_hw/ip/module1_hw_axi_gpio_0_0/module1_hw_axi_gpio_0_0_board.xdc] for cell 'module1_hw_i/axi_gpio_0/U0'
Parsing XDC File [/thayerfs/home/f00436n/workspace/m1/module1/module1.gen/sources_1/bd/module1_hw/ip/module1_hw_axi_gpio_0_0/module1_hw_axi_gpio_0_0.xdc] for cell 'module1_hw_i/axi_gpio_0/U0'
Finished Parsing XDC File [/thayerfs/home/f00436n/workspace/m1/module1/module1.gen/sources_1/bd/module1_hw/ip/module1_hw_axi_gpio_0_0/module1_hw_axi_gpio_0_0.xdc] for cell 'module1_hw_i/axi_gpio_0/U0'
Parsing XDC File [/thayerfs/home/f00436n/workspace/m1/module1/module1.gen/sources_1/bd/module1_hw/ip/module1_hw_rst_ps7_0_50M_0/module1_hw_rst_ps7_0_50M_0_board.xdc] for cell 'module1_hw_i/rst_ps7_0_50M/U0'
Finished Parsing XDC File [/thayerfs/home/f00436n/workspace/m1/module1/module1.gen/sources_1/bd/module1_hw/ip/module1_hw_rst_ps7_0_50M_0/module1_hw_rst_ps7_0_50M_0_board.xdc] for cell 'module1_hw_i/rst_ps7_0_50M/U0'
Parsing XDC File [/thayerfs/home/f00436n/workspace/m1/module1/module1.gen/sources_1/bd/module1_hw/ip/module1_hw_rst_ps7_0_50M_0/module1_hw_rst_ps7_0_50M_0.xdc] for cell 'module1_hw_i/rst_ps7_0_50M/U0'
Finished Parsing XDC File [/thayerfs/home/f00436n/workspace/m1/module1/module1.gen/sources_1/bd/module1_hw/ip/module1_hw_rst_ps7_0_50M_0/module1_hw_rst_ps7_0_50M_0.xdc] for cell 'module1_hw_i/rst_ps7_0_50M/U0'
Parsing XDC File [/thayerfs/home/f00436n/workspace/m1/module1/module1.gen/sources_1/bd/module1_hw/ip/module1_hw_axi_gpio_1_0/module1_hw_axi_gpio_1_0_board.xdc] for cell 'module1_hw_i/axi_gpio_1/U0'
Finished Parsing XDC File [/thayerfs/home/f00436n/workspace/m1/module1/module1.gen/sources_1/bd/module1_hw/ip/module1_hw_axi_gpio_1_0/module1_hw_axi_gpio_1_0_board.xdc] for cell 'module1_hw_i/axi_gpio_1/U0'
Parsing XDC File [/thayerfs/home/f00436n/workspace/m1/module1/module1.gen/sources_1/bd/module1_hw/ip/module1_hw_axi_gpio_1_0/module1_hw_axi_gpio_1_0.xdc] for cell 'module1_hw_i/axi_gpio_1/U0'
Finished Parsing XDC File [/thayerfs/home/f00436n/workspace/m1/module1/module1.gen/sources_1/bd/module1_hw/ip/module1_hw_axi_gpio_1_0/module1_hw_axi_gpio_1_0.xdc] for cell 'module1_hw_i/axi_gpio_1/U0'
INFO: [Opt 31-138] Pushed 0 inverter(s) to 0 load pin(s).
Netlist sorting complete. Time (s): cpu = 00:00:00.01 ; elapsed = 00:00:00.01 . Memory (MB): peak = 2926.805 ; gain = 0.000 ; free physical = 1560 ; free virtual = 25341
INFO: [Project 1-111] Unisim Transformation Summary:
No Unisim elements were transformed.

16 Infos, 0 Warnings, 0 Critical Warnings and 0 Errors encountered.
link_design completed successfully
link_design: Time (s): cpu = 00:00:10 ; elapsed = 00:00:23 . Memory (MB): peak = 2926.805 ; gain = 180.215 ; free physical = 1560 ; free virtual = 25341
Command: opt_design
Attempting to get a license for feature 'Implementation' and/or device 'xc7z010'
INFO: [Common 17-349] Got license for feature 'Implementation' and/or device 'xc7z010'
Running DRC as a precondition to command opt_design

Starting DRC Task
INFO: [DRC 23-27] Running DRC with 8 threads
INFO: [Project 1-461] DRC finished with 0 Errors
INFO: [Project 1-462] Please refer to the DRC report (report_drc) for more information.

Time (s): cpu = 00:00:01 ; elapsed = 00:00:02 . Memory (MB): peak = 2926.805 ; gain = 0.000 ; free physical = 1551 ; free virtual = 25331

Starting Cache Timing Information Task
INFO: [Timing 38-35] Done setting XDC timing constraints.
Ending Cache Timing Information Task | Checksum: 14baffe27

Time (s): cpu = 00:00:05 ; elapsed = 00:00:06 . Memory (MB): peak = 2981.590 ; gain = 54.785 ; free physical = 1170 ; free virtual = 24964

Starting Logic Optimization Task

Phase 1 Retarget
INFO: [Opt 31-1287] Pulled Inverter module1_hw_i/ps7_0_axi_periph/xbar/inst/gen_sasd.crossbar_sasd_0/addr_arbiter_inst/m_atarget_enc[1]_i_1 into driver instance module1_hw_i/ps7_0_axi_periph/xbar/inst/gen_sasd.crossbar_sasd_0/addr_arbiter_inst/m_atarget_hot[2]_i_2, which resulted in an inversion of 5 pins
INFO: [Opt 31-138] Pushed 0 inverter(s) to 0 load pin(s).
INFO: [Opt 31-49] Retargeted 0 cell(s).
Phase 1 Retarget | Checksum: ee2776c0

Time (s): cpu = 00:00:00.15 ; elapsed = 00:00:00.09 . Memory (MB): peak = 3230.637 ; gain = 0.000 ; free physical = 933 ; free virtual = 24728
INFO: [Opt 31-389] Phase Retarget created 6 cells and removed 38 cells

Phase 2 Constant propagation
INFO: [Opt 31-138] Pushed 0 inverter(s) to 0 load pin(s).
Phase 2 Constant propagation | Checksum: ee2776c0

Time (s): cpu = 00:00:00.16 ; elapsed = 00:00:00.09 . Memory (MB): peak = 3230.637 ; gain = 0.000 ; free physical = 933 ; free virtual = 24728
INFO: [Opt 31-389] Phase Constant propagation created 0 cells and removed 0 cells

Phase 3 Sweep
Phase 3 Sweep | Checksum: 13b2120be

Time (s): cpu = 00:00:00.29 ; elapsed = 00:00:00.23 . Memory (MB): peak = 3230.637 ; gain = 0.000 ; free physical = 933 ; free virtual = 24727
INFO: [Opt 31-389] Phase Sweep created 4 cells and removed 103 cells

Phase 4 BUFG optimization
Phase 4 BUFG optimization | Checksum: 13b2120be

Time (s): cpu = 00:00:00.31 ; elapsed = 00:00:00.25 . Memory (MB): peak = 3230.637 ; gain = 0.000 ; free physical = 933 ; free virtual = 24727
INFO: [Opt 31-662] Phase BUFG optimization created 0 cells of which 0 are BUFGs and removed 0 cells.

Phase 5 Shift Register Optimization
INFO: [Opt 31-1064] SRL Remap converted 0 SRLs to 0 registers and converted 0 registers of register chains to 0 SRLs
Phase 5 Shift Register Optimization | Checksum: 13b2120be

Time (s): cpu = 00:00:00.31 ; elapsed = 00:00:00.26 . Memory (MB): peak = 3230.637 ; gain = 0.000 ; free physical = 933 ; free virtual = 24727
INFO: [Opt 31-389] Phase Shift Register Optimization created 0 cells and removed 0 cells

Phase 6 Post Processing Netlist
Phase 6 Post Processing Netlist | Checksum: 14536e77b

Time (s): cpu = 00:00:00.32 ; elapsed = 00:00:00.27 . Memory (MB): peak = 3230.637 ; gain = 0.000 ; free physical = 933 ; free virtual = 24727
INFO: [Opt 31-389] Phase Post Processing Netlist created 0 cells and removed 0 cells
Opt_design Change Summary
=========================


-------------------------------------------------------------------------------------------------------------------------
|  Phase                        |  #Cells created  |  #Cells Removed  |  #Constrained objects preventing optimizations  |
-------------------------------------------------------------------------------------------------------------------------
|  Retarget                     |               6  |              38  |                                              0  |
|  Constant propagation         |               0  |               0  |                                              0  |
|  Sweep                        |               4  |             103  |                                              0  |
|  BUFG optimization            |               0  |               0  |                                              0  |
|  Shift Register Optimization  |               0  |               0  |                                              0  |
|  Post Processing Netlist      |               0  |               0  |                                              0  |
-------------------------------------------------------------------------------------------------------------------------



Starting Connectivity Check Task

Time (s): cpu = 00:00:00 ; elapsed = 00:00:00 . Memory (MB): peak = 3230.637 ; gain = 0.000 ; free physical = 933 ; free virtual = 24727
Ending Logic Optimization Task | Checksum: 1d58e68a9

Time (s): cpu = 00:00:00.39 ; elapsed = 00:00:00.31 . Memory (MB): peak = 3230.637 ; gain = 0.000 ; free physical = 933 ; free virtual = 24727

Starting Power Optimization Task
INFO: [Pwropt 34-132] Skipping clock gating for clocks with a period < 2.00 ns.
Ending Power Optimization Task | Checksum: 1d58e68a9

Time (s): cpu = 00:00:00.01 ; elapsed = 00:00:00.02 . Memory (MB): peak = 3230.637 ; gain = 0.000 ; free physical = 932 ; free virtual = 24727

Starting Final Cleanup Task
Ending Final Cleanup Task | Checksum: 1d58e68a9

Time (s): cpu = 00:00:00 ; elapsed = 00:00:00 . Memory (MB): peak = 3230.637 ; gain = 0.000 ; free physical = 932 ; free virtual = 24727

Starting Netlist Obfuscation Task
Netlist sorting complete. Time (s): cpu = 00:00:00 ; elapsed = 00:00:00 . Memory (MB): peak = 3230.637 ; gain = 0.000 ; free physical = 932 ; free virtual = 24727
Ending Netlist Obfuscation Task | Checksum: 1d58e68a9

Time (s): cpu = 00:00:00 ; elapsed = 00:00:00 . Memory (MB): peak = 3230.637 ; gain = 0.000 ; free physical = 932 ; free virtual = 24727
INFO: [Common 17-83] Releasing license: Implementation
34 Infos, 0 Warnings, 0 Critical Warnings and 0 Errors encountered.
opt_design completed successfully
opt_design: Time (s): cpu = 00:00:09 ; elapsed = 00:00:10 . Memory (MB): peak = 3230.637 ; gain = 303.832 ; free physical = 932 ; free virtual = 24727
INFO: [Timing 38-480] Writing timing data to binary archive.
Writing placer database...
Writing XDEF routing.
Writing XDEF routing logical nets.
Writing XDEF routing special nets.
Write XDEF Complete: Time (s): cpu = 00:00:00.12 ; elapsed = 00:00:00.18 . Memory (MB): peak = 3270.656 ; gain = 0.000 ; free physical = 925 ; free virtual = 24721
INFO: [Common 17-1381] The checkpoint '/thayerfs/home/f00436n/workspace/m1/module1/module1.runs/impl_1/module1_hw_wrapper_opt.dcp' has been generated.
INFO: [runtcl-4] Executing : report_drc -file module1_hw_wrapper_drc_opted.rpt -pb module1_hw_wrapper_drc_opted.pb -rpx module1_hw_wrapper_drc_opted.rpx
Command: report_drc -file module1_hw_wrapper_drc_opted.rpt -pb module1_hw_wrapper_drc_opted.pb -rpx module1_hw_wrapper_drc_opted.rpx
INFO: [IP_Flow 19-1839] IP Catalog is up to date.
INFO: [Timing 38-35] Done setting XDC timing constraints.
INFO: [DRC 23-27] Running DRC with 8 threads
INFO: [Vivado_Tcl 2-168] The results of DRC are in file /thayerfs/home/f00436n/workspace/m1/module1/module1.runs/impl_1/module1_hw_wrapper_drc_opted.rpt.
report_drc completed successfully
report_drc: Time (s): cpu = 00:00:02 ; elapsed = 00:00:10 . Memory (MB): peak = 3392.180 ; gain = 121.523 ; free physical = 872 ; free virtual = 24669
Command: place_design
Attempting to get a license for feature 'Implementation' and/or device 'xc7z010'
INFO: [Common 17-349] Got license for feature 'Implementation' and/or device 'xc7z010'
INFO: [DRC 23-27] Running DRC with 8 threads
INFO: [Vivado_Tcl 4-198] DRC finished with 0 Errors
INFO: [Vivado_Tcl 4-199] Please refer to the DRC report (report_drc) for more information.
Running DRC as a precondition to command place_design
INFO: [DRC 23-27] Running DRC with 8 threads
INFO: [Vivado_Tcl 4-198] DRC finished with 0 Errors
INFO: [Vivado_Tcl 4-199] Please refer to the DRC report (report_drc) for more information.

Starting Placer Task
INFO: [Place 30-611] Multithreading enabled for place_design using a maximum of 8 CPUs

Phase 1 Placer Initialization

Phase 1.1 Placer Initialization Netlist Sorting
Netlist sorting complete. Time (s): cpu = 00:00:00 ; elapsed = 00:00:00 . Memory (MB): peak = 3392.180 ; gain = 0.000 ; free physical = 872 ; free virtual = 24669
Phase 1.1 Placer Initialization Netlist Sorting | Checksum: 10f0cec74

Time (s): cpu = 00:00:00.01 ; elapsed = 00:00:00.05 . Memory (MB): peak = 3392.180 ; gain = 0.000 ; free physical = 872 ; free virtual = 24669
Netlist sorting complete. Time (s): cpu = 00:00:00 ; elapsed = 00:00:00 . Memory (MB): peak = 3392.180 ; gain = 0.000 ; free physical = 872 ; free virtual = 24669

Phase 1.2 IO Placement/ Clock Placement/ Build Placer Device
Phase 1.2 IO Placement/ Clock Placement/ Build Placer Device | Checksum: 814cd421

Time (s): cpu = 00:00:00.46 ; elapsed = 00:00:00.39 . Memory (MB): peak = 3392.180 ; gain = 0.000 ; free physical = 886 ; free virtual = 24684

Phase 1.3 Build Placer Netlist Model
Phase 1.3 Build Placer Netlist Model | Checksum: 1f6cdb97e

Time (s): cpu = 00:00:00.95 ; elapsed = 00:00:00.61 . Memory (MB): peak = 3392.180 ; gain = 0.000 ; free physical = 904 ; free virtual = 24701

Phase 1.4 Constrain Clocks/Macros
Phase 1.4 Constrain Clocks/Macros | Checksum: 1f6cdb97e

Time (s): cpu = 00:00:00.95 ; elapsed = 00:00:00.61 . Memory (MB): peak = 3392.180 ; gain = 0.000 ; free physical = 904 ; free virtual = 24701
Phase 1 Placer Initialization | Checksum: 1f6cdb97e

Time (s): cpu = 00:00:00.96 ; elapsed = 00:00:00.62 . Memory (MB): peak = 3392.180 ; gain = 0.000 ; free physical = 904 ; free virtual = 24701

Phase 2 Global Placement

Phase 2.1 Floorplanning
Phase 2.1 Floorplanning | Checksum: 1cf12a9a5

Time (s): cpu = 00:00:01 ; elapsed = 00:00:00.70 . Memory (MB): peak = 3392.180 ; gain = 0.000 ; free physical = 904 ; free virtual = 24701

Phase 2.2 Update Timing before SLR Path Opt
Phase 2.2 Update Timing before SLR Path Opt | Checksum: 1fa416505

Time (s): cpu = 00:00:01 ; elapsed = 00:00:00.74 . Memory (MB): peak = 3392.180 ; gain = 0.000 ; free physical = 904 ; free virtual = 24701

Phase 2.3 Post-Processing in Floorplanning
Phase 2.3 Post-Processing in Floorplanning | Checksum: 1fa416505

Time (s): cpu = 00:00:01 ; elapsed = 00:00:00.75 . Memory (MB): peak = 3392.180 ; gain = 0.000 ; free physical = 904 ; free virtual = 24701

Phase 2.4 Global Placement Core

Phase 2.4.1 Physical Synthesis In Placer
INFO: [Physopt 32-1035] Found 0 LUTNM shape to break, 30 LUT instances to create LUTNM shape
INFO: [Physopt 32-1044] Break lutnm for timing: one critical 0, two critical 0, total 0, new lutff created 0
INFO: [Physopt 32-1138] End 1 Pass. Optimized 12 nets or LUTs. Breaked 0 LUT, combined 12 existing LUTs and moved 0 existing LUT
INFO: [Physopt 32-65] No nets found for high-fanout optimization.
INFO: [Physopt 32-232] Optimized 0 net. Created 0 new instance.
INFO: [Physopt 32-775] End 1 Pass. Optimized 0 net or cell. Created 0 new cell, deleted 0 existing cell and moved 0 existing cell
INFO: [Physopt 32-670] No setup violation found.  DSP Register Optimization was not performed.
INFO: [Physopt 32-670] No setup violation found.  Shift Register to Pipeline Optimization was not performed.
INFO: [Physopt 32-670] No setup violation found.  Shift Register Optimization was not performed.
INFO: [Physopt 32-670] No setup violation found.  BRAM Register Optimization was not performed.
INFO: [Physopt 32-670] No setup violation found.  URAM Register Optimization was not performed.
INFO: [Physopt 32-949] No candidate nets found for dynamic/static region interface net replication
INFO: [Physopt 32-775] End 1 Pass. Optimized 0 net or cell. Created 0 new cell, deleted 0 existing cell and moved 0 existing cell
Netlist sorting complete. Time (s): cpu = 00:00:00 ; elapsed = 00:00:00 . Memory (MB): peak = 3392.180 ; gain = 0.000 ; free physical = 894 ; free virtual = 24691

Summary of Physical Synthesis Optimizations
============================================


-----------------------------------------------------------------------------------------------------------------------------------------------------------
|  Optimization                                     |  Added Cells  |  Removed Cells  |  Optimized Cells/Nets  |  Dont Touch  |  Iterations  |  Elapsed   |
-----------------------------------------------------------------------------------------------------------------------------------------------------------
|  LUT Combining                                    |            0  |             12  |                    12  |           0  |           1  |  00:00:00  |
|  Retime                                           |            0  |              0  |                     0  |           0  |           1  |  00:00:00  |
|  Very High Fanout                                 |            0  |              0  |                     0  |           0  |           1  |  00:00:00  |
|  DSP Register                                     |            0  |              0  |                     0  |           0  |           0  |  00:00:00  |
|  Shift Register to Pipeline                       |            0  |              0  |                     0  |           0  |           0  |  00:00:00  |
|  Shift Register                                   |            0  |              0  |                     0  |           0  |           0  |  00:00:00  |
|  BRAM Register                                    |            0  |              0  |                     0  |           0  |           0  |  00:00:00  |
|  URAM Register                                    |            0  |              0  |                     0  |           0  |           0  |  00:00:00  |
|  Dynamic/Static Region Interface Net Replication  |            0  |              0  |                     0  |           0  |           1  |  00:00:00  |
|  Total                                            |            0  |             12  |                    12  |           0  |           4  |  00:00:00  |
-----------------------------------------------------------------------------------------------------------------------------------------------------------


Phase 2.4.1 Physical Synthesis In Placer | Checksum: ff6ceba9

Time (s): cpu = 00:00:04 ; elapsed = 00:00:02 . Memory (MB): peak = 3392.180 ; gain = 0.000 ; free physical = 894 ; free virtual = 24691
Phase 2.4 Global Placement Core | Checksum: f2d3170d

Time (s): cpu = 00:00:04 ; elapsed = 00:00:02 . Memory (MB): peak = 3392.180 ; gain = 0.000 ; free physical = 893 ; free virtual = 24690
Phase 2 Global Placement | Checksum: f2d3170d

Time (s): cpu = 00:00:04 ; elapsed = 00:00:02 . Memory (MB): peak = 3392.180 ; gain = 0.000 ; free physical = 893 ; free virtual = 24691

Phase 3 Detail Placement

Phase 3.1 Commit Multi Column Macros
Phase 3.1 Commit Multi Column Macros | Checksum: 124586013

Time (s): cpu = 00:00:04 ; elapsed = 00:00:02 . Memory (MB): peak = 3392.180 ; gain = 0.000 ; free physical = 893 ; free virtual = 24690

Phase 3.2 Commit Most Macros & LUTRAMs
Phase 3.2 Commit Most Macros & LUTRAMs | Checksum: 15447873c

Time (s): cpu = 00:00:05 ; elapsed = 00:00:02 . Memory (MB): peak = 3392.180 ; gain = 0.000 ; free physical = 893 ; free virtual = 24690

Phase 3.3 Area Swap Optimization
Phase 3.3 Area Swap Optimization | Checksum: 1120a4ad4

Time (s): cpu = 00:00:05 ; elapsed = 00:00:02 . Memory (MB): peak = 3392.180 ; gain = 0.000 ; free physical = 893 ; free virtual = 24690

Phase 3.4 Pipeline Register Optimization
Phase 3.4 Pipeline Register Optimization | Checksum: eb185dca

Time (s): cpu = 00:00:05 ; elapsed = 00:00:02 . Memory (MB): peak = 3392.180 ; gain = 0.000 ; free physical = 893 ; free virtual = 24690

Phase 3.5 Small Shape Detail Placement
Phase 3.5 Small Shape Detail Placement | Checksum: 1549a2ef4

Time (s): cpu = 00:00:05 ; elapsed = 00:00:02 . Memory (MB): peak = 3392.180 ; gain = 0.000 ; free physical = 891 ; free virtual = 24689

Phase 3.6 Re-assign LUT pins
Phase 3.6 Re-assign LUT pins | Checksum: 216d03218

Time (s): cpu = 00:00:05 ; elapsed = 00:00:02 . Memory (MB): peak = 3392.180 ; gain = 0.000 ; free physical = 891 ; free virtual = 24689

Phase 3.7 Pipeline Register Optimization
Phase 3.7 Pipeline Register Optimization | Checksum: 22dc2272e

Time (s): cpu = 00:00:05 ; elapsed = 00:00:02 . Memory (MB): peak = 3392.180 ; gain = 0.000 ; free physical = 891 ; free virtual = 24689
Phase 3 Detail Placement | Checksum: 22dc2272e

Time (s): cpu = 00:00:05 ; elapsed = 00:00:02 . Memory (MB): peak = 3392.180 ; gain = 0.000 ; free physical = 891 ; free virtual = 24689

Phase 4 Post Placement Optimization and Clean-Up

Phase 4.1 Post Commit Optimization
INFO: [Timing 38-35] Done setting XDC timing constraints.

Phase 4.1.1 Post Placement Optimization
Post Placement Optimization Initialization | Checksum: 1ed466fd6

Phase 4.1.1.1 BUFG Insertion

Starting Physical Synthesis Task

Phase 1 Physical Synthesis Initialization
INFO: [Physopt 32-721] Multithreading enabled for phys_opt_design using a maximum of 8 CPUs
INFO: [Physopt 32-619] Estimated Timing Summary | WNS=13.050 | TNS=0.000 |
Phase 1 Physical Synthesis Initialization | Checksum: 1b89459f9

Time (s): cpu = 00:00:00.10 ; elapsed = 00:00:00.04 . Memory (MB): peak = 3392.180 ; gain = 0.000 ; free physical = 890 ; free virtual = 24687
INFO: [Place 46-56] BUFG insertion identified 0 candidate nets. Inserted BUFG: 0, Replicated BUFG Driver: 0, Skipped due to Placement/Routing Conflicts: 0, Skipped due to Timing Degradation: 0, Skipped due to Illegal Netlist: 0.
Ending Physical Synthesis Task | Checksum: 1f6dab9c8

Time (s): cpu = 00:00:00.10 ; elapsed = 00:00:00.04 . Memory (MB): peak = 3392.180 ; gain = 0.000 ; free physical = 890 ; free virtual = 24687
Phase 4.1.1.1 BUFG Insertion | Checksum: 1ed466fd6

Time (s): cpu = 00:00:06 ; elapsed = 00:00:03 . Memory (MB): peak = 3392.180 ; gain = 0.000 ; free physical = 890 ; free virtual = 24687

Phase 4.1.1.2 Post Placement Timing Optimization
INFO: [Place 30-746] Post Placement Timing Summary WNS=13.050. For the most accurate timing information please run report_timing.
Phase 4.1.1.2 Post Placement Timing Optimization | Checksum: 1bfff42df

Time (s): cpu = 00:00:06 ; elapsed = 00:00:03 . Memory (MB): peak = 3392.180 ; gain = 0.000 ; free physical = 890 ; free virtual = 24687

Time (s): cpu = 00:00:06 ; elapsed = 00:00:03 . Memory (MB): peak = 3392.180 ; gain = 0.000 ; free physical = 890 ; free virtual = 24687
Phase 4.1 Post Commit Optimization | Checksum: 1bfff42df

Time (s): cpu = 00:00:06 ; elapsed = 00:00:03 . Memory (MB): peak = 3392.180 ; gain = 0.000 ; free physical = 890 ; free virtual = 24687

Phase 4.2 Post Placement Cleanup
Phase 4.2 Post Placement Cleanup | Checksum: 1bfff42df

Time (s): cpu = 00:00:06 ; elapsed = 00:00:03 . Memory (MB): peak = 3392.180 ; gain = 0.000 ; free physical = 890 ; free virtual = 24688

Phase 4.3 Placer Reporting

Phase 4.3.1 Print Estimated Congestion
INFO: [Place 30-612] Post-Placement Estimated Congestion 
 ____________________________________________________
|           | Global Congestion | Short Congestion  |
| Direction | Region Size       | Region Size       |
|___________|___________________|___________________|
|      North|                1x1|                1x1|
|___________|___________________|___________________|
|      South|                1x1|                1x1|
|___________|___________________|___________________|
|       East|                1x1|                1x1|
|___________|___________________|___________________|
|       West|                1x1|                1x1|
|___________|___________________|___________________|

Phase 4.3.1 Print Estimated Congestion | Checksum: 1bfff42df

Time (s): cpu = 00:00:06 ; elapsed = 00:00:03 . Memory (MB): peak = 3392.180 ; gain = 0.000 ; free physical = 890 ; free virtual = 24688
Phase 4.3 Placer Reporting | Checksum: 1bfff42df

Time (s): cpu = 00:00:06 ; elapsed = 00:00:03 . Memory (MB): peak = 3392.180 ; gain = 0.000 ; free physical = 890 ; free virtual = 24688

Phase 4.4 Final Placement Cleanup
Netlist sorting complete. Time (s): cpu = 00:00:00 ; elapsed = 00:00:00 . Memory (MB): peak = 3392.180 ; gain = 0.000 ; free physical = 890 ; free virtual = 24688

Time (s): cpu = 00:00:06 ; elapsed = 00:00:03 . Memory (MB): peak = 3392.180 ; gain = 0.000 ; free physical = 890 ; free virtual = 24688
Phase 4 Post Placement Optimization and Clean-Up | Checksum: 1c79f47fe

Time (s): cpu = 00:00:06 ; elapsed = 00:00:03 . Memory (MB): peak = 3392.180 ; gain = 0.000 ; free physical = 890 ; free virtual = 24688
Ending Placer Task | Checksum: 137f942b2

Time (s): cpu = 00:00:06 ; elapsed = 00:00:03 . Memory (MB): peak = 3392.180 ; gain = 0.000 ; free physical = 890 ; free virtual = 24688
INFO: [Common 17-83] Releasing license: Implementation
69 Infos, 0 Warnings, 0 Critical Warnings and 0 Errors encountered.
place_design completed successfully
INFO: [Timing 38-480] Writing timing data to binary archive.
Writing placer database...
Writing XDEF routing.
Writing XDEF routing logical nets.
Writing XDEF routing special nets.
Write XDEF Complete: Time (s): cpu = 00:00:00.34 ; elapsed = 00:00:00.16 . Memory (MB): peak = 3392.180 ; gain = 0.000 ; free physical = 889 ; free virtual = 24690
INFO: [Common 17-1381] The checkpoint '/thayerfs/home/f00436n/workspace/m1/module1/module1.runs/impl_1/module1_hw_wrapper_placed.dcp' has been generated.
INFO: [runtcl-4] Executing : report_io -file module1_hw_wrapper_io_placed.rpt
report_io: Time (s): cpu = 00:00:00.16 ; elapsed = 00:00:00.27 . Memory (MB): peak = 3392.180 ; gain = 0.000 ; free physical = 881 ; free virtual = 24680
INFO: [runtcl-4] Executing : report_utilization -file module1_hw_wrapper_utilization_placed.rpt -pb module1_hw_wrapper_utilization_placed.pb
INFO: [runtcl-4] Executing : report_control_sets -verbose -file module1_hw_wrapper_control_sets_placed.rpt
report_control_sets: Time (s): cpu = 00:00:00.07 ; elapsed = 00:00:00.18 . Memory (MB): peak = 3392.180 ; gain = 0.000 ; free physical = 893 ; free virtual = 24692
Command: phys_opt_design
Attempting to get a license for feature 'Implementation' and/or device 'xc7z010'
INFO: [Common 17-349] Got license for feature 'Implementation' and/or device 'xc7z010'
INFO: [Vivado_Tcl 4-383] Design worst setup slack (WNS) is greater than or equal to 0.000 ns. Skipping all physical synthesis optimizations.
INFO: [Vivado_Tcl 4-232] No setup violation found. The netlist was not modified.
INFO: [Common 17-83] Releasing license: Implementation
78 Infos, 0 Warnings, 0 Critical Warnings and 0 Errors encountered.
phys_opt_design completed successfully
INFO: [Timing 38-480] Writing timing data to binary archive.
Writing placer database...
Writing XDEF routing.
Writing XDEF routing logical nets.
Writing XDEF routing special nets.
Write XDEF Complete: Time (s): cpu = 00:00:00.35 ; elapsed = 00:00:00.16 . Memory (MB): peak = 3392.180 ; gain = 0.000 ; free physical = 860 ; free virtual = 24663
INFO: [Common 17-1381] The checkpoint '/thayerfs/home/f00436n/workspace/m1/module1/module1.runs/impl_1/module1_hw_wrapper_physopt.dcp' has been generated.
Command: route_design
Attempting to get a license for feature 'Implementation' and/or device 'xc7z010'
INFO: [Common 17-349] Got license for feature 'Implementation' and/or device 'xc7z010'
Running DRC as a precondition to command route_design
INFO: [DRC 23-27] Running DRC with 8 threads
INFO: [Vivado_Tcl 4-198] DRC finished with 0 Errors
INFO: [Vivado_Tcl 4-199] Please refer to the DRC report (report_drc) for more information.


Starting Routing Task
INFO: [Route 35-254] Multithreading enabled for route_design using a maximum of 8 CPUs

Phase 1 Build RT Design
Checksum: PlaceDB: fb339212 ConstDB: 0 ShapeSum: 3cc5b0a0 RouteDB: 0
Post Restoration Checksum: NetGraph: 1055878d NumContArr: d6222e1e Constraints: 0 Timing: 0
Phase 1 Build RT Design | Checksum: e677b5ab

Time (s): cpu = 00:00:09 ; elapsed = 00:00:08 . Memory (MB): peak = 3392.180 ; gain = 0.000 ; free physical = 796 ; free virtual = 24596

Phase 2 Router Initialization

Phase 2.1 Create Timer
Phase 2.1 Create Timer | Checksum: e677b5ab

Time (s): cpu = 00:00:09 ; elapsed = 00:00:08 . Memory (MB): peak = 3392.180 ; gain = 0.000 ; free physical = 796 ; free virtual = 24596

Phase 2.2 Fix Topology Constraints
Phase 2.2 Fix Topology Constraints | Checksum: e677b5ab

Time (s): cpu = 00:00:09 ; elapsed = 00:00:08 . Memory (MB): peak = 3392.180 ; gain = 0.000 ; free physical = 764 ; free virtual = 24564

Phase 2.3 Pre Route Cleanup
Phase 2.3 Pre Route Cleanup | Checksum: e677b5ab

Time (s): cpu = 00:00:09 ; elapsed = 00:00:08 . Memory (MB): peak = 3392.180 ; gain = 0.000 ; free physical = 764 ; free virtual = 24564
 Number of Nodes with overlaps = 0

Phase 2.4 Update Timing
Phase 2.4 Update Timing | Checksum: 1e780a04c

Time (s): cpu = 00:00:10 ; elapsed = 00:00:08 . Memory (MB): peak = 3392.180 ; gain = 0.000 ; free physical = 755 ; free virtual = 24555
INFO: [Route 35-416] Intermediate Timing Summary | WNS=13.110 | TNS=0.000  | WHS=-0.190 | THS=-18.874|


Router Utilization Summary
  Global Vertical Routing Utilization    = 0 %
  Global Horizontal Routing Utilization  = 0 %
  Routable Net Status*
  *Does not include unroutable nets such as driverless and loadless.
  Run report_route_status for detailed report.
  Number of Failed Nets               = 1404
    (Failed Nets is the sum of unrouted and partially routed nets)
  Number of Unrouted Nets             = 1404
  Number of Partially Routed Nets     = 0
  Number of Node Overlaps             = 0

Phase 2 Router Initialization | Checksum: 2c86313b0

Time (s): cpu = 00:00:10 ; elapsed = 00:00:08 . Memory (MB): peak = 3392.180 ; gain = 0.000 ; free physical = 754 ; free virtual = 24554

Phase 3 Initial Routing

Phase 3.1 Global Routing
Phase 3.1 Global Routing | Checksum: 2c86313b0

Time (s): cpu = 00:00:10 ; elapsed = 00:00:08 . Memory (MB): peak = 3392.180 ; gain = 0.000 ; free physical = 754 ; free virtual = 24554
Phase 3 Initial Routing | Checksum: 1752544a9

Time (s): cpu = 00:00:10 ; elapsed = 00:00:08 . Memory (MB): peak = 3419.137 ; gain = 26.957 ; free physical = 754 ; free virtual = 24554

Phase 4 Rip-up And Reroute

Phase 4.1 Global Iteration 0
 Number of Nodes with overlaps = 82
 Number of Nodes with overlaps = 0
INFO: [Route 35-416] Intermediate Timing Summary | WNS=12.505 | TNS=0.000  | WHS=N/A    | THS=N/A    |

Phase 4.1 Global Iteration 0 | Checksum: 16852e420

Time (s): cpu = 00:00:11 ; elapsed = 00:00:08 . Memory (MB): peak = 3419.137 ; gain = 26.957 ; free physical = 751 ; free virtual = 24551

Phase 4.2 Global Iteration 1
 Number of Nodes with overlaps = 3
 Number of Nodes with overlaps = 0
INFO: [Route 35-416] Intermediate Timing Summary | WNS=12.505 | TNS=0.000  | WHS=N/A    | THS=N/A    |

Phase 4.2 Global Iteration 1 | Checksum: 193e8215c

Time (s): cpu = 00:00:11 ; elapsed = 00:00:08 . Memory (MB): peak = 3419.137 ; gain = 26.957 ; free physical = 751 ; free virtual = 24551
Phase 4 Rip-up And Reroute | Checksum: 193e8215c

Time (s): cpu = 00:00:11 ; elapsed = 00:00:08 . Memory (MB): peak = 3419.137 ; gain = 26.957 ; free physical = 751 ; free virtual = 24551

Phase 5 Delay and Skew Optimization

Phase 5.1 Delay CleanUp
Phase 5.1 Delay CleanUp | Checksum: 193e8215c

Time (s): cpu = 00:00:11 ; elapsed = 00:00:08 . Memory (MB): peak = 3419.137 ; gain = 26.957 ; free physical = 751 ; free virtual = 24551

Phase 5.2 Clock Skew Optimization
Phase 5.2 Clock Skew Optimization | Checksum: 193e8215c

Time (s): cpu = 00:00:11 ; elapsed = 00:00:08 . Memory (MB): peak = 3419.137 ; gain = 26.957 ; free physical = 751 ; free virtual = 24552
Phase 5 Delay and Skew Optimization | Checksum: 193e8215c

Time (s): cpu = 00:00:11 ; elapsed = 00:00:08 . Memory (MB): peak = 3419.137 ; gain = 26.957 ; free physical = 751 ; free virtual = 24552

Phase 6 Post Hold Fix

Phase 6.1 Hold Fix Iter

Phase 6.1.1 Update Timing
Phase 6.1.1 Update Timing | Checksum: 15e1d6ccb

Time (s): cpu = 00:00:11 ; elapsed = 00:00:08 . Memory (MB): peak = 3419.137 ; gain = 26.957 ; free physical = 751 ; free virtual = 24551
INFO: [Route 35-416] Intermediate Timing Summary | WNS=12.620 | TNS=0.000  | WHS=0.014  | THS=0.000  |

Phase 6.1 Hold Fix Iter | Checksum: 18db875fe

Time (s): cpu = 00:00:11 ; elapsed = 00:00:08 . Memory (MB): peak = 3419.137 ; gain = 26.957 ; free physical = 751 ; free virtual = 24551
Phase 6 Post Hold Fix | Checksum: 18db875fe

Time (s): cpu = 00:00:11 ; elapsed = 00:00:09 . Memory (MB): peak = 3419.137 ; gain = 26.957 ; free physical = 751 ; free virtual = 24552

Phase 7 Route finalize

Router Utilization Summary
  Global Vertical Routing Utilization    = 0.403998 %
  Global Horizontal Routing Utilization  = 0.613971 %
  Routable Net Status*
  *Does not include unroutable nets such as driverless and loadless.
  Run report_route_status for detailed report.
  Number of Failed Nets               = 0
    (Failed Nets is the sum of unrouted and partially routed nets)
  Number of Unrouted Nets             = 0
  Number of Partially Routed Nets     = 0
  Number of Node Overlaps             = 0

Phase 7 Route finalize | Checksum: d45e1fa8

Time (s): cpu = 00:00:11 ; elapsed = 00:00:09 . Memory (MB): peak = 3419.137 ; gain = 26.957 ; free physical = 751 ; free virtual = 24551

Phase 8 Verifying routed nets

 Verification completed successfully
Phase 8 Verifying routed nets | Checksum: d45e1fa8

Time (s): cpu = 00:00:11 ; elapsed = 00:00:09 . Memory (MB): peak = 3421.137 ; gain = 28.957 ; free physical = 749 ; free virtual = 24549

Phase 9 Depositing Routes
Phase 9 Depositing Routes | Checksum: 184a67f58

Time (s): cpu = 00:00:11 ; elapsed = 00:00:09 . Memory (MB): peak = 3469.160 ; gain = 76.980 ; free physical = 749 ; free virtual = 24549

Phase 10 Post Router Timing
INFO: [Route 35-57] Estimated Timing Summary | WNS=12.620 | TNS=0.000  | WHS=0.014  | THS=0.000  |

INFO: [Route 35-327] The final timing numbers are based on the router estimated timing analysis. For a complete and accurate timing signoff, please run report_timing_summary.
Phase 10 Post Router Timing | Checksum: 184a67f58

Time (s): cpu = 00:00:11 ; elapsed = 00:00:09 . Memory (MB): peak = 3469.160 ; gain = 76.980 ; free physical = 750 ; free virtual = 24550
INFO: [Route 35-16] Router Completed Successfully

Time (s): cpu = 00:00:11 ; elapsed = 00:00:09 . Memory (MB): peak = 3469.160 ; gain = 76.980 ; free physical = 783 ; free virtual = 24583

Routing Is Done.
INFO: [Common 17-83] Releasing license: Implementation
93 Infos, 0 Warnings, 0 Critical Warnings and 0 Errors encountered.
route_design completed successfully
route_design: Time (s): cpu = 00:00:13 ; elapsed = 00:00:09 . Memory (MB): peak = 3469.160 ; gain = 76.980 ; free physical = 783 ; free virtual = 24583
INFO: [Timing 38-480] Writing timing data to binary archive.
Writing placer database...
Writing XDEF routing.
Writing XDEF routing logical nets.
Writing XDEF routing special nets.
Write XDEF Complete: Time (s): cpu = 00:00:00.35 ; elapsed = 00:00:00.15 . Memory (MB): peak = 3469.160 ; gain = 0.000 ; free physical = 774 ; free virtual = 24578
INFO: [Common 17-1381] The checkpoint '/thayerfs/home/f00436n/workspace/m1/module1/module1.runs/impl_1/module1_hw_wrapper_routed.dcp' has been generated.
INFO: [runtcl-4] Executing : report_drc -file module1_hw_wrapper_drc_routed.rpt -pb module1_hw_wrapper_drc_routed.pb -rpx module1_hw_wrapper_drc_routed.rpx
Command: report_drc -file module1_hw_wrapper_drc_routed.rpt -pb module1_hw_wrapper_drc_routed.pb -rpx module1_hw_wrapper_drc_routed.rpx
INFO: [IP_Flow 19-1839] IP Catalog is up to date.
INFO: [DRC 23-27] Running DRC with 8 threads
INFO: [Vivado_Tcl 2-168] The results of DRC are in file /thayerfs/home/f00436n/workspace/m1/module1/module1.runs/impl_1/module1_hw_wrapper_drc_routed.rpt.
report_drc completed successfully
INFO: [runtcl-4] Executing : report_methodology -file module1_hw_wrapper_methodology_drc_routed.rpt -pb module1_hw_wrapper_methodology_drc_routed.pb -rpx module1_hw_wrapper_methodology_drc_routed.rpx
Command: report_methodology -file module1_hw_wrapper_methodology_drc_routed.rpt -pb module1_hw_wrapper_methodology_drc_routed.pb -rpx module1_hw_wrapper_methodology_drc_routed.rpx
INFO: [Timing 38-35] Done setting XDC timing constraints.
INFO: [DRC 23-133] Running Methodology with 8 threads
INFO: [Vivado_Tcl 2-1520] The results of Report Methodology are in file /thayerfs/home/f00436n/workspace/m1/module1/module1.runs/impl_1/module1_hw_wrapper_methodology_drc_routed.rpt.
report_methodology completed successfully
INFO: [runtcl-4] Executing : report_power -file module1_hw_wrapper_power_routed.rpt -pb module1_hw_wrapper_power_summary_routed.pb -rpx module1_hw_wrapper_power_routed.rpx
Command: report_power -file module1_hw_wrapper_power_routed.rpt -pb module1_hw_wrapper_power_summary_routed.pb -rpx module1_hw_wrapper_power_routed.rpx
INFO: [Timing 38-35] Done setting XDC timing constraints.
Running Vector-less Activity Propagation...

Finished Running Vector-less Activity Propagation
105 Infos, 0 Warnings, 0 Critical Warnings and 0 Errors encountered.
report_power completed successfully
INFO: [runtcl-4] Executing : report_route_status -file module1_hw_wrapper_route_status.rpt -pb module1_hw_wrapper_route_status.pb
INFO: [runtcl-4] Executing : report_timing_summary -max_paths 10 -report_unconstrained -file module1_hw_wrapper_timing_summary_routed.rpt -pb module1_hw_wrapper_timing_summary_routed.pb -rpx module1_hw_wrapper_timing_summary_routed.rpx -warn_on_violation 
INFO: [Timing 38-91] UpdateTimingParams: Speed grade: -1, Delay Type: min_max.
INFO: [Timing 38-191] Multithreading enabled for timing update using a maximum of 8 CPUs
INFO: [runtcl-4] Executing : report_incremental_reuse -file module1_hw_wrapper_incremental_reuse_routed.rpt
INFO: [Vivado_Tcl 4-1062] Incremental flow is disabled. No incremental reuse Info to report.
INFO: [runtcl-4] Executing : report_clock_utilization -file module1_hw_wrapper_clock_utilization_routed.rpt
INFO: [runtcl-4] Executing : report_bus_skew -warn_on_violation -file module1_hw_wrapper_bus_skew_routed.rpt -pb module1_hw_wrapper_bus_skew_routed.pb -rpx module1_hw_wrapper_bus_skew_routed.rpx
INFO: [Timing 38-91] UpdateTimingParams: Speed grade: -1, Delay Type: min_max.
INFO: [Timing 38-191] Multithreading enabled for timing update using a maximum of 8 CPUs
Command: write_bitstream -force module1_hw_wrapper.bit
Attempting to get a license for feature 'Implementation' and/or device 'xc7z010'
INFO: [Common 17-349] Got license for feature 'Implementation' and/or device 'xc7z010'
Running DRC as a precondition to command write_bitstream
INFO: [IP_Flow 19-1839] IP Catalog is up to date.
INFO: [DRC 23-27] Running DRC with 8 threads
INFO: [Vivado 12-3199] DRC finished with 0 Errors
INFO: [Vivado 12-3200] Please refer to the DRC report (report_drc) for more information.
INFO: [Designutils 20-2272] Running write_bitstream with 8 threads.
Loading data files...
Loading site data...
Loading route data...
Processing options...
Creating bitmap...
Creating bitstream...
Writing bitstream ./module1_hw_wrapper.bit...
INFO: [Vivado 12-1842] Bitgen Completed Successfully.
INFO: [Common 17-83] Releasing license: Implementation
11 Infos, 0 Warnings, 0 Critical Warnings and 0 Errors encountered.
write_bitstream completed successfully
write_bitstream: Time (s): cpu = 00:00:08 ; elapsed = 00:00:17 . Memory (MB): peak = 3729.191 ; gain = 208.418 ; free physical = 754 ; free virtual = 24563
INFO: [Common 17-206] Exiting Vivado at Wed Jan 12 16:31:57 2022...

*** Running vivado
    with args -log module1_hw_wrapper.vdi -applog -m64 -product Vivado -messageDb vivado.pb -mode batch -source module1_hw_wrapper.tcl -notrace


****** Vivado v2021.2 (64-bit)
  **** SW Build 3367213 on Tue Oct 19 02:47:39 MDT 2021
  **** IP Build 3369179 on Thu Oct 21 08:25:16 MDT 2021
    ** Copyright 1986-2021 Xilinx, Inc. All Rights Reserved.

source module1_hw_wrapper.tcl -notrace
Command: open_checkpoint module1_hw_wrapper_routed.dcp

Time (s): cpu = 00:00:00.02 ; elapsed = 00:00:00.05 . Memory (MB): peak = 2643.887 ; gain = 0.000 ; free physical = 989 ; free virtual = 24243
INFO: [Device 21-403] Loading part xc7z010clg400-1
Netlist sorting complete. Time (s): cpu = 00:00:00.04 ; elapsed = 00:00:00.04 . Memory (MB): peak = 2650.348 ; gain = 0.000 ; free physical = 597 ; free virtual = 23852
INFO: [Netlist 29-17] Analyzing 18 Unisim elements for replacement
INFO: [Netlist 29-28] Unisim Transformation completed in 0 CPU seconds
INFO: [Project 1-479] Netlist was created with Vivado 2021.2
INFO: [Project 1-570] Preparing netlist for logic optimization
INFO: [Timing 38-478] Restoring timing data from binary archive.
INFO: [Timing 38-479] Binary timing data restore complete.
INFO: [Project 1-856] Restoring constraints from binary archive.
INFO: [Project 1-853] Binary constraint restore complete.
Reading XDEF placement.
Reading placer database...
Reading XDEF routing.
Read XDEF File: Time (s): cpu = 00:00:00.21 ; elapsed = 00:00:00.25 . Memory (MB): peak = 2874.844 ; gain = 3.969 ; free physical = 152 ; free virtual = 23324
Restored from archive | CPU: 0.220000 secs | Memory: 2.922729 MB |
Finished XDEF File Restore: Time (s): cpu = 00:00:00.21 ; elapsed = 00:00:00.25 . Memory (MB): peak = 2874.844 ; gain = 3.969 ; free physical = 152 ; free virtual = 23324
Netlist sorting complete. Time (s): cpu = 00:00:00 ; elapsed = 00:00:00 . Memory (MB): peak = 2874.844 ; gain = 0.000 ; free physical = 151 ; free virtual = 23324
INFO: [Project 1-111] Unisim Transformation Summary:
No Unisim elements were transformed.

INFO: [Project 1-604] Checkpoint was created with Vivado v2021.2 (64-bit) build 3367213
open_checkpoint: Time (s): cpu = 00:00:17 ; elapsed = 00:00:39 . Memory (MB): peak = 2874.844 ; gain = 230.957 ; free physical = 150 ; free virtual = 23323
Command: write_bitstream -force module1_hw_wrapper.bit
Attempting to get a license for feature 'Implementation' and/or device 'xc7z010'
INFO: [Common 17-349] Got license for feature 'Implementation' and/or device 'xc7z010'
Running DRC as a precondition to command write_bitstream
INFO: [IP_Flow 19-234] Refreshing IP repositories
INFO: [IP_Flow 19-1704] No user IP repositories specified
INFO: [IP_Flow 19-2313] Loaded Vivado IP repository '/thayerfs/apps/xilinx/Vivado/current/data/ip'.
INFO: [DRC 23-27] Running DRC with 8 threads
INFO: [Vivado 12-3199] DRC finished with 0 Errors
INFO: [Vivado 12-3200] Please refer to the DRC report (report_drc) for more information.
INFO: [Designutils 20-2272] Running write_bitstream with 8 threads.
Loading data files...
Loading site data...
Loading route data...
Processing options...
Creating bitmap...
Creating bitstream...
Writing bitstream ./module1_hw_wrapper.bit...
INFO: [Vivado 12-1842] Bitgen Completed Successfully.
INFO: [Common 17-83] Releasing license: Implementation
21 Infos, 0 Warnings, 0 Critical Warnings and 0 Errors encountered.
write_bitstream completed successfully
write_bitstream: Time (s): cpu = 00:00:10 ; elapsed = 00:00:27 . Memory (MB): peak = 3341.773 ; gain = 466.930 ; free physical = 505 ; free virtual = 23277
INFO: [Common 17-206] Exiting Vivado at Wed Jan 12 17:38:12 2022...
