15:39:36 INFO  : Logs will be stored at '/thayerfs/home/f00436n/engs62/module4/IDE.log'.
15:39:44 INFO  : Launching XSCT server: xsct -n  -interactive /thayerfs/home/f00436n/engs62/module4/temp_xsdb_launch_script.tcl
15:39:44 INFO  : Platform repository initialization has completed.
15:39:44 INFO  : Registering command handlers for Vitis TCF services
15:39:49 INFO  : XSCT server has started successfully.
15:39:54 INFO  : Successfully done setting XSCT server connection channel  
15:39:54 INFO  : plnx-install-location is set to ''
15:39:54 INFO  : Successfully done query RDI_DATADIR 
15:39:54 INFO  : Successfully done setting workspace for the tool. 
15:45:43 INFO  : Result from executing command 'getProjects': module4_hw_wrapper
15:45:43 INFO  : Result from executing command 'getPlatforms': 
15:45:44 WARN  : An unexpected exception occurred in the module 'platform project logging'
15:45:48 INFO  : Platform 'module4_hw_wrapper' is added to custom repositories.
15:46:02 INFO  : Platform 'module4_hw_wrapper' is added to custom repositories.
15:48:28 INFO  : Result from executing command 'getProjects': module4_hw_wrapper
15:48:28 INFO  : Result from executing command 'getPlatforms': module4_hw_wrapper|/thayerfs/home/f00436n/engs62/module4/module4_hw_wrapper/export/module4_hw_wrapper/module4_hw_wrapper.xpfm
15:48:32 INFO  : Checking for BSP changes to sync application flags for project 'module4_sw'...
15:48:55 INFO  : Connected to target on host '127.0.0.1' and port '3121'.
15:48:56 INFO  : 'targets -set -filter {jtag_cable_name =~ "Digilent Zybo Z7 210351A6C79EA" && level==0 && jtag_device_ctx=="jsn-Zybo Z7-210351A6C79EA-13722093-0"}' command is executed.
15:48:57 INFO  : Device configured successfully with "/thayerfs/home/f00436n/engs62/module4/module4_sw/_ide/bitstream/module4_hw_wrapper.bit"
15:49:24 INFO  : Connected to target on host '127.0.0.1' and port '3121'.
15:49:24 INFO  : Jtag cable 'Digilent Zybo Z7 210351A6C79EA' is selected.
15:49:24 INFO  : 'jtag frequency' command is executed.
15:49:25 INFO  : Context for 'APU' is selected.
15:49:25 INFO  : System reset is completed.
15:49:28 INFO  : 'after 3000' command is executed.
15:49:28 INFO  : 'targets -set -filter {jtag_cable_name =~ "Digilent Zybo Z7 210351A6C79EA" && level==0 && jtag_device_ctx=="jsn-Zybo Z7-210351A6C79EA-13722093-0"}' command is executed.
15:49:29 INFO  : Device configured successfully with "/thayerfs/home/f00436n/engs62/module4/module4_sw/_ide/bitstream/module4_hw_wrapper.bit"
15:49:29 INFO  : Context for 'APU' is selected.
15:49:29 INFO  : Hardware design and registers information is loaded from '/thayerfs/home/f00436n/engs62/module4/module4_hw_wrapper/export/module4_hw_wrapper/hw/module4_hw_wrapper.xsa'.
15:49:29 INFO  : 'configparams force-mem-access 1' command is executed.
15:49:29 INFO  : Context for 'APU' is selected.
15:49:29 INFO  : Sourcing of '/thayerfs/home/f00436n/engs62/module4/module4_sw/_ide/psinit/ps7_init.tcl' is done.
15:49:29 INFO  : 'ps7_init' command is executed.
15:49:30 INFO  : 'ps7_post_config' command is executed.
15:49:30 INFO  : Context for processor 'ps7_cortexa9_0' is selected.
15:49:30 INFO  : The application '/thayerfs/home/f00436n/engs62/module4/module4_sw/Debug/module4_sw.elf' is downloaded to processor 'ps7_cortexa9_0'.
15:49:30 INFO  : 'configparams force-mem-access 0' command is executed.
15:49:30 INFO  : ----------------XSDB Script----------------
connect -url tcp:127.0.0.1:3121
targets -set -nocase -filter {name =~"APU*"}
rst -system
after 3000
targets -set -filter {jtag_cable_name =~ "Digilent Zybo Z7 210351A6C79EA" && level==0 && jtag_device_ctx=="jsn-Zybo Z7-210351A6C79EA-13722093-0"}
fpga -file /thayerfs/home/f00436n/engs62/module4/module4_sw/_ide/bitstream/module4_hw_wrapper.bit
targets -set -nocase -filter {name =~"APU*"}
loadhw -hw /thayerfs/home/f00436n/engs62/module4/module4_hw_wrapper/export/module4_hw_wrapper/hw/module4_hw_wrapper.xsa -mem-ranges [list {0x40000000 0xbfffffff}] -regs
configparams force-mem-access 1
targets -set -nocase -filter {name =~"APU*"}
source /thayerfs/home/f00436n/engs62/module4/module4_sw/_ide/psinit/ps7_init.tcl
ps7_init
ps7_post_config
targets -set -nocase -filter {name =~ "*A9*#0"}
dow /thayerfs/home/f00436n/engs62/module4/module4_sw/Debug/module4_sw.elf
configparams force-mem-access 0
----------------End of Script----------------

15:49:30 INFO  : Context for processor 'ps7_cortexa9_0' is selected.
15:49:30 INFO  : 'con' command is executed.
15:49:30 INFO  : ----------------XSDB Script (After Launch)----------------
targets -set -nocase -filter {name =~ "*A9*#0"}
con
----------------End of Script----------------

15:49:30 INFO  : Launch script is exported to file '/thayerfs/home/f00436n/engs62/module4/module4_sw_system/_ide/scripts/debugger_module4_sw-default.tcl'
15:49:45 INFO  : Disconnected from the channel tcfchan#2.
15:49:46 INFO  : Connected to target on host '127.0.0.1' and port '3121'.
15:49:55 INFO  : ----------------XSDB Script----------------
connect -url tcp:127.0.0.1:3121
----------------End of Script----------------

15:49:55 ERROR : Could not find ARM device on the board for connection 'Local'.
Check if the target is in:
1. Split JTAG - No operations are possible with ARM DAP.
2. Non JTAG bootmode - Bootrom may need time to enable DAP.
Please try again.


Troubleshooting hints:
1. Check whether board is connected to system properly.
2. In case of zynq board, check whether Digilent/Xilinx cable switch settings are correct.
3. If you are using Xilinx Platform Cable USB, ensure that status LED is green.
15:50:01 INFO  : Connected to target on host '127.0.0.1' and port '3121'.
15:50:01 INFO  : 'targets -set -filter {jtag_cable_name =~ "Digilent Zybo Z7 210351A6C79EA" && level==0 && jtag_device_ctx=="jsn-Zybo Z7-210351A6C79EA-13722093-0"}' command is executed.
15:50:02 INFO  : Device configured successfully with "/thayerfs/home/f00436n/engs62/module4/module4_sw/_ide/bitstream/module4_hw_wrapper.bit"
15:50:19 INFO  : Connected to target on host '127.0.0.1' and port '3121'.
15:50:19 INFO  : Jtag cable 'Digilent Zybo Z7 210351A6C79EA' is selected.
15:50:19 INFO  : 'jtag frequency' command is executed.
15:50:19 INFO  : Context for 'APU' is selected.
15:50:19 INFO  : System reset is completed.
15:50:22 INFO  : 'after 3000' command is executed.
15:50:22 INFO  : 'targets -set -filter {jtag_cable_name =~ "Digilent Zybo Z7 210351A6C79EA" && level==0 && jtag_device_ctx=="jsn-Zybo Z7-210351A6C79EA-13722093-0"}' command is executed.
15:50:24 INFO  : Device configured successfully with "/thayerfs/home/f00436n/engs62/module4/module4_sw/_ide/bitstream/module4_hw_wrapper.bit"
15:50:24 INFO  : Context for 'APU' is selected.
15:50:24 INFO  : Hardware design and registers information is loaded from '/thayerfs/home/f00436n/engs62/module4/module4_hw_wrapper/export/module4_hw_wrapper/hw/module4_hw_wrapper.xsa'.
15:50:24 INFO  : 'configparams force-mem-access 1' command is executed.
15:50:24 INFO  : Context for 'APU' is selected.
15:50:24 INFO  : Sourcing of '/thayerfs/home/f00436n/engs62/module4/module4_sw/_ide/psinit/ps7_init.tcl' is done.
15:50:24 INFO  : 'ps7_init' command is executed.
15:50:24 INFO  : 'ps7_post_config' command is executed.
15:50:24 INFO  : Context for processor 'ps7_cortexa9_0' is selected.
15:50:24 INFO  : The application '/thayerfs/home/f00436n/engs62/module4/module4_sw/Debug/module4_sw.elf' is downloaded to processor 'ps7_cortexa9_0'.
15:50:24 INFO  : 'configparams force-mem-access 0' command is executed.
15:50:24 INFO  : ----------------XSDB Script----------------
connect -url tcp:127.0.0.1:3121
targets -set -nocase -filter {name =~"APU*"}
rst -system
after 3000
targets -set -filter {jtag_cable_name =~ "Digilent Zybo Z7 210351A6C79EA" && level==0 && jtag_device_ctx=="jsn-Zybo Z7-210351A6C79EA-13722093-0"}
fpga -file /thayerfs/home/f00436n/engs62/module4/module4_sw/_ide/bitstream/module4_hw_wrapper.bit
targets -set -nocase -filter {name =~"APU*"}
loadhw -hw /thayerfs/home/f00436n/engs62/module4/module4_hw_wrapper/export/module4_hw_wrapper/hw/module4_hw_wrapper.xsa -mem-ranges [list {0x40000000 0xbfffffff}] -regs
configparams force-mem-access 1
targets -set -nocase -filter {name =~"APU*"}
source /thayerfs/home/f00436n/engs62/module4/module4_sw/_ide/psinit/ps7_init.tcl
ps7_init
ps7_post_config
targets -set -nocase -filter {name =~ "*A9*#0"}
dow /thayerfs/home/f00436n/engs62/module4/module4_sw/Debug/module4_sw.elf
configparams force-mem-access 0
----------------End of Script----------------

15:50:24 INFO  : Context for processor 'ps7_cortexa9_0' is selected.
15:50:24 INFO  : 'con' command is executed.
15:50:24 INFO  : ----------------XSDB Script (After Launch)----------------
targets -set -nocase -filter {name =~ "*A9*#0"}
con
----------------End of Script----------------

15:50:24 INFO  : Launch script is exported to file '/thayerfs/home/f00436n/engs62/module4/module4_sw_system/_ide/scripts/debugger_module4_sw-default.tcl'
15:51:53 INFO  : Checking for BSP changes to sync application flags for project 'module4_sw'...
15:56:33 INFO  : Result from executing command 'getProjects': module4_hw_wrapper
15:56:33 INFO  : Result from executing command 'getPlatforms': module4_hw_wrapper|/thayerfs/home/f00436n/engs62/module4/module4_hw_wrapper/export/module4_hw_wrapper/module4_hw_wrapper.xpfm
15:56:38 INFO  : Checking for BSP changes to sync application flags for project 'module4_sw'...
15:57:39 INFO  : Connected to target on host '127.0.0.1' and port '3121'.
15:57:39 INFO  : 'targets -set -filter {jtag_cable_name =~ "Digilent Zybo Z7 210351A6C79EA" && level==0 && jtag_device_ctx=="jsn-Zybo Z7-210351A6C79EA-13722093-0"}' command is executed.
15:57:41 INFO  : Device configured successfully with "/thayerfs/home/f00436n/engs62/module4/module4_sw/_ide/bitstream/module4_hw_wrapper.bit"
15:57:54 INFO  : Disconnected from the channel tcfchan#3.
15:57:55 INFO  : Connected to target on host '127.0.0.1' and port '3121'.
15:57:55 INFO  : Jtag cable 'Digilent Zybo Z7 210351A6C79EA' is selected.
15:57:55 INFO  : 'jtag frequency' command is executed.
15:57:55 INFO  : Context for 'APU' is selected.
15:57:55 INFO  : System reset is completed.
15:57:58 INFO  : 'after 3000' command is executed.
15:57:59 INFO  : 'targets -set -filter {jtag_cable_name =~ "Digilent Zybo Z7 210351A6C79EA" && level==0 && jtag_device_ctx=="jsn-Zybo Z7-210351A6C79EA-13722093-0"}' command is executed.
15:58:00 INFO  : Device configured successfully with "/thayerfs/home/f00436n/engs62/module4/module4_sw/_ide/bitstream/module4_hw_wrapper.bit"
15:58:00 INFO  : Context for 'APU' is selected.
15:58:00 INFO  : Hardware design and registers information is loaded from '/thayerfs/home/f00436n/engs62/module4/module4_hw_wrapper/export/module4_hw_wrapper/hw/module4_hw_wrapper.xsa'.
15:58:00 INFO  : 'configparams force-mem-access 1' command is executed.
15:58:00 INFO  : Context for 'APU' is selected.
15:58:00 INFO  : Sourcing of '/thayerfs/home/f00436n/engs62/module4/module4_sw/_ide/psinit/ps7_init.tcl' is done.
15:58:00 INFO  : 'ps7_init' command is executed.
15:58:00 INFO  : 'ps7_post_config' command is executed.
15:58:00 INFO  : Context for processor 'ps7_cortexa9_0' is selected.
15:58:01 INFO  : The application '/thayerfs/home/f00436n/engs62/module4/module4_sw/Debug/module4_sw.elf' is downloaded to processor 'ps7_cortexa9_0'.
15:58:01 INFO  : 'configparams force-mem-access 0' command is executed.
15:58:01 INFO  : ----------------XSDB Script----------------
connect -url tcp:127.0.0.1:3121
targets -set -nocase -filter {name =~"APU*"}
rst -system
after 3000
targets -set -filter {jtag_cable_name =~ "Digilent Zybo Z7 210351A6C79EA" && level==0 && jtag_device_ctx=="jsn-Zybo Z7-210351A6C79EA-13722093-0"}
fpga -file /thayerfs/home/f00436n/engs62/module4/module4_sw/_ide/bitstream/module4_hw_wrapper.bit
targets -set -nocase -filter {name =~"APU*"}
loadhw -hw /thayerfs/home/f00436n/engs62/module4/module4_hw_wrapper/export/module4_hw_wrapper/hw/module4_hw_wrapper.xsa -mem-ranges [list {0x40000000 0xbfffffff}] -regs
configparams force-mem-access 1
targets -set -nocase -filter {name =~"APU*"}
source /thayerfs/home/f00436n/engs62/module4/module4_sw/_ide/psinit/ps7_init.tcl
ps7_init
ps7_post_config
targets -set -nocase -filter {name =~ "*A9*#0"}
dow /thayerfs/home/f00436n/engs62/module4/module4_sw/Debug/module4_sw.elf
configparams force-mem-access 0
----------------End of Script----------------

15:58:01 INFO  : Context for processor 'ps7_cortexa9_0' is selected.
15:58:01 INFO  : 'con' command is executed.
15:58:01 INFO  : ----------------XSDB Script (After Launch)----------------
targets -set -nocase -filter {name =~ "*A9*#0"}
con
----------------End of Script----------------

15:58:01 INFO  : Launch script is exported to file '/thayerfs/home/f00436n/engs62/module4/module4_sw_system/_ide/scripts/debugger_module4_sw-default.tcl'
16:02:51 INFO  : Disconnected from the channel tcfchan#5.
13:48:54 INFO  : Logs will be stored at '/thayerfs/home/f00436n/engs62/module4/IDE.log'.
13:48:55 INFO  : Launching XSCT server: xsct -n  -interactive /thayerfs/home/f00436n/engs62/module4/temp_xsdb_launch_script.tcl
13:48:58 INFO  : Registering command handlers for Vitis TCF services
13:48:58 INFO  : Platform repository initialization has completed.
13:49:01 INFO  : XSCT server has started successfully.
13:49:06 INFO  : Successfully done setting XSCT server connection channel  
13:49:06 INFO  : plnx-install-location is set to ''
13:49:06 INFO  : Successfully done query RDI_DATADIR 
13:49:06 INFO  : Successfully done setting workspace for the tool. 
13:50:45 INFO  : Checking for BSP changes to sync application flags for project 'module4_sw'...
13:51:01 INFO  : Connected to target on host '127.0.0.1' and port '3121'.
13:51:17 INFO  : 'targets -set -filter {jtag_cable_name =~ "Digilent Zybo Z7 210351A6C79EA" && level==0 && jtag_device_ctx=="jsn-Zybo Z7-210351A6C79EA-13722093-0"}' command is executed.
13:51:18 INFO  : Device configured successfully with "/thayerfs/home/f00436n/engs62/module4/module4_sw/_ide/bitstream/module4_hw_wrapper.bit"
13:51:28 INFO  : Connected to target on host '127.0.0.1' and port '3121'.
13:51:29 INFO  : Jtag cable 'Digilent Zybo Z7 210351A6C79EA' is selected.
13:51:29 INFO  : 'jtag frequency' command is executed.
13:51:29 INFO  : Context for 'APU' is selected.
13:51:29 INFO  : System reset is completed.
13:51:32 INFO  : 'after 3000' command is executed.
13:51:32 INFO  : 'targets -set -filter {jtag_cable_name =~ "Digilent Zybo Z7 210351A6C79EA" && level==0 && jtag_device_ctx=="jsn-Zybo Z7-210351A6C79EA-13722093-0"}' command is executed.
13:51:33 INFO  : Device configured successfully with "/thayerfs/home/f00436n/engs62/module4/module4_sw/_ide/bitstream/module4_hw_wrapper.bit"
13:51:33 INFO  : Context for 'APU' is selected.
13:51:33 INFO  : Hardware design and registers information is loaded from '/thayerfs/home/f00436n/engs62/module4/module4_hw_wrapper/export/module4_hw_wrapper/hw/module4_hw_wrapper.xsa'.
13:51:33 INFO  : 'configparams force-mem-access 1' command is executed.
13:51:33 INFO  : Context for 'APU' is selected.
13:51:33 INFO  : Sourcing of '/thayerfs/home/f00436n/engs62/module4/module4_sw/_ide/psinit/ps7_init.tcl' is done.
13:51:34 INFO  : 'ps7_init' command is executed.
13:51:34 INFO  : 'ps7_post_config' command is executed.
13:51:34 INFO  : Context for processor 'ps7_cortexa9_0' is selected.
13:51:34 INFO  : The application '/thayerfs/home/f00436n/engs62/module4/module4_sw/Debug/module4_sw.elf' is downloaded to processor 'ps7_cortexa9_0'.
13:51:34 INFO  : 'configparams force-mem-access 0' command is executed.
13:51:34 INFO  : ----------------XSDB Script----------------
connect -url tcp:127.0.0.1:3121
targets -set -nocase -filter {name =~"APU*"}
rst -system
after 3000
targets -set -filter {jtag_cable_name =~ "Digilent Zybo Z7 210351A6C79EA" && level==0 && jtag_device_ctx=="jsn-Zybo Z7-210351A6C79EA-13722093-0"}
fpga -file /thayerfs/home/f00436n/engs62/module4/module4_sw/_ide/bitstream/module4_hw_wrapper.bit
targets -set -nocase -filter {name =~"APU*"}
loadhw -hw /thayerfs/home/f00436n/engs62/module4/module4_hw_wrapper/export/module4_hw_wrapper/hw/module4_hw_wrapper.xsa -mem-ranges [list {0x40000000 0xbfffffff}] -regs
configparams force-mem-access 1
targets -set -nocase -filter {name =~"APU*"}
source /thayerfs/home/f00436n/engs62/module4/module4_sw/_ide/psinit/ps7_init.tcl
ps7_init
ps7_post_config
targets -set -nocase -filter {name =~ "*A9*#0"}
dow /thayerfs/home/f00436n/engs62/module4/module4_sw/Debug/module4_sw.elf
configparams force-mem-access 0
----------------End of Script----------------

13:51:34 INFO  : Context for processor 'ps7_cortexa9_0' is selected.
13:51:34 INFO  : 'con' command is executed.
13:51:34 INFO  : ----------------XSDB Script (After Launch)----------------
targets -set -nocase -filter {name =~ "*A9*#0"}
con
----------------End of Script----------------

13:51:34 INFO  : Launch script is exported to file '/thayerfs/home/f00436n/engs62/module4/module4_sw_system/_ide/scripts/debugger_module4_sw-default.tcl'
13:52:21 INFO  : Disconnected from the channel tcfchan#1.
12:08:37 INFO  : Logs will be stored at '/thayerfs/home/f00436n/engs62/module4/IDE.log'.
12:08:40 INFO  : Launching XSCT server: xsct -n  -interactive /thayerfs/home/f00436n/engs62/module4/temp_xsdb_launch_script.tcl
12:08:44 INFO  : Registering command handlers for Vitis TCF services
12:08:47 INFO  : XSCT server has started successfully.
12:08:48 INFO  : Platform repository initialization has completed.
12:08:53 INFO  : plnx-install-location is set to ''
12:08:53 INFO  : Successfully done setting XSCT server connection channel  
12:08:53 INFO  : Successfully done query RDI_DATADIR 
12:08:53 INFO  : Successfully done setting workspace for the tool. 
12:09:32 INFO  : Checking for BSP changes to sync application flags for project 'module4_sw'...
12:10:24 INFO  : Checking for BSP changes to sync application flags for project 'module4_sw'...
12:10:37 INFO  : Connected to target on host '127.0.0.1' and port '3121'.
12:11:38 INFO  : Connected to target on host '127.0.0.1' and port '3121'.
12:11:39 INFO  : 'targets -set -filter {jtag_cable_name =~ "Digilent Zybo Z7 210351A6C79EA" && level==0 && jtag_device_ctx=="jsn-Zybo Z7-210351A6C79EA-13722093-0"}' command is executed.
12:11:40 INFO  : Device configured successfully with "/thayerfs/home/f00436n/engs62/module4/module4_sw/_ide/bitstream/module4_hw_wrapper.bit"
12:11:59 INFO  : Connected to target on host '127.0.0.1' and port '3121'.
12:11:59 INFO  : Jtag cable 'Digilent Zybo Z7 210351A6C79EA' is selected.
12:11:59 INFO  : 'jtag frequency' command is executed.
12:11:59 INFO  : Context for 'APU' is selected.
12:11:59 INFO  : System reset is completed.
12:12:02 INFO  : 'after 3000' command is executed.
12:12:03 INFO  : 'targets -set -filter {jtag_cable_name =~ "Digilent Zybo Z7 210351A6C79EA" && level==0 && jtag_device_ctx=="jsn-Zybo Z7-210351A6C79EA-13722093-0"}' command is executed.
12:12:04 INFO  : Device configured successfully with "/thayerfs/home/f00436n/engs62/module4/module4_sw/_ide/bitstream/module4_hw_wrapper.bit"
12:12:04 INFO  : Context for 'APU' is selected.
12:12:04 INFO  : Hardware design and registers information is loaded from '/thayerfs/home/f00436n/engs62/module4/module4_hw_wrapper/export/module4_hw_wrapper/hw/module4_hw_wrapper.xsa'.
12:12:04 INFO  : 'configparams force-mem-access 1' command is executed.
12:12:04 INFO  : Context for 'APU' is selected.
12:12:04 INFO  : Sourcing of '/thayerfs/home/f00436n/engs62/module4/module4_sw/_ide/psinit/ps7_init.tcl' is done.
12:12:04 INFO  : 'ps7_init' command is executed.
12:12:04 INFO  : 'ps7_post_config' command is executed.
12:12:04 INFO  : Context for processor 'ps7_cortexa9_0' is selected.
12:12:04 INFO  : The application '/thayerfs/home/f00436n/engs62/module4/module4_sw/Debug/module4_sw.elf' is downloaded to processor 'ps7_cortexa9_0'.
12:12:05 INFO  : 'configparams force-mem-access 0' command is executed.
12:12:05 INFO  : ----------------XSDB Script----------------
connect -url tcp:127.0.0.1:3121
targets -set -nocase -filter {name =~"APU*"}
rst -system
after 3000
targets -set -filter {jtag_cable_name =~ "Digilent Zybo Z7 210351A6C79EA" && level==0 && jtag_device_ctx=="jsn-Zybo Z7-210351A6C79EA-13722093-0"}
fpga -file /thayerfs/home/f00436n/engs62/module4/module4_sw/_ide/bitstream/module4_hw_wrapper.bit
targets -set -nocase -filter {name =~"APU*"}
loadhw -hw /thayerfs/home/f00436n/engs62/module4/module4_hw_wrapper/export/module4_hw_wrapper/hw/module4_hw_wrapper.xsa -mem-ranges [list {0x40000000 0xbfffffff}] -regs
configparams force-mem-access 1
targets -set -nocase -filter {name =~"APU*"}
source /thayerfs/home/f00436n/engs62/module4/module4_sw/_ide/psinit/ps7_init.tcl
ps7_init
ps7_post_config
targets -set -nocase -filter {name =~ "*A9*#0"}
dow /thayerfs/home/f00436n/engs62/module4/module4_sw/Debug/module4_sw.elf
configparams force-mem-access 0
----------------End of Script----------------

12:12:05 INFO  : Context for processor 'ps7_cortexa9_0' is selected.
12:12:05 INFO  : 'con' command is executed.
12:12:05 INFO  : ----------------XSDB Script (After Launch)----------------
targets -set -nocase -filter {name =~ "*A9*#0"}
con
----------------End of Script----------------

12:12:05 INFO  : Launch script is exported to file '/thayerfs/home/f00436n/engs62/module4/module4_sw_system/_ide/scripts/debugger_module4_sw-default.tcl'
12:16:09 INFO  : Checking for BSP changes to sync application flags for project 'module4_sw'...
12:16:17 ERROR : (XSDB Server)ERROR: [Hsi 55-1571] The design file /thayerfs/home/f00436n/engs62/module4/module4_hw_wrapper/export/module4_hw_wrapper/hw/module4_hw_wrapper.xsa is already opened

13:14:52 INFO  : Checking for BSP changes to sync application flags for project 'module4_sw'...
13:15:09 INFO  : Checking for BSP changes to sync application flags for project 'module4_sw'...
13:16:40 INFO  : Checking for BSP changes to sync application flags for project 'module4_sw'...
13:17:15 INFO  : Checking for BSP changes to sync application flags for project 'module4_sw'...
13:17:40 INFO  : Checking for BSP changes to sync application flags for project 'module4_sw'...
13:17:50 INFO  : Checking for BSP changes to sync application flags for project 'module4_sw'...
13:18:06 INFO  : Checking for BSP changes to sync application flags for project 'module4_sw'...
13:18:12 INFO  : Connected to target on host '127.0.0.1' and port '3121'.
13:18:18 INFO  : 'targets -set -filter {jtag_cable_name =~ "Digilent Zybo Z7 210351A6C79EA" && level==0 && jtag_device_ctx=="jsn-Zybo Z7-210351A6C79EA-13722093-0"}' command is executed.
13:18:19 INFO  : Device configured successfully with "/thayerfs/home/f00436n/engs62/module4/module4_sw/_ide/bitstream/module4_hw_wrapper.bit"
13:20:08 INFO  : Disconnected from the channel tcfchan#1.
13:20:09 INFO  : Connected to target on host '127.0.0.1' and port '3121'.
13:20:18 INFO  : ----------------XSDB Script----------------
connect -url tcp:127.0.0.1:3121
----------------End of Script----------------

13:20:18 ERROR : Could not find ARM device on the board for connection 'Local'.
Check if the target is in:
1. Split JTAG - No operations are possible with ARM DAP.
2. Non JTAG bootmode - Bootrom may need time to enable DAP.
Please try again.


Troubleshooting hints:
1. Check whether board is connected to system properly.
2. In case of zynq board, check whether Digilent/Xilinx cable switch settings are correct.
3. If you are using Xilinx Platform Cable USB, ensure that status LED is green.
13:20:21 INFO  : Connected to target on host '127.0.0.1' and port '3121'.
13:20:21 INFO  : Jtag cable 'Digilent Zybo Z7 210351A6C79EA' is selected.
13:20:21 INFO  : 'jtag frequency' command is executed.
13:20:21 INFO  : Context for 'APU' is selected.
13:20:21 INFO  : System reset is completed.
13:20:24 INFO  : 'after 3000' command is executed.
13:20:24 INFO  : 'targets -set -filter {jtag_cable_name =~ "Digilent Zybo Z7 210351A6C79EA" && level==0 && jtag_device_ctx=="jsn-Zybo Z7-210351A6C79EA-13722093-0"}' command is executed.
13:20:26 INFO  : Device configured successfully with "/thayerfs/home/f00436n/engs62/module4/module4_sw/_ide/bitstream/module4_hw_wrapper.bit"
13:20:26 INFO  : Context for 'APU' is selected.
13:20:28 INFO  : Hardware design and registers information is loaded from '/thayerfs/home/f00436n/engs62/module4/module4_hw_wrapper/export/module4_hw_wrapper/hw/module4_hw_wrapper.xsa'.
13:20:28 INFO  : 'configparams force-mem-access 1' command is executed.
13:20:28 INFO  : Context for 'APU' is selected.
13:20:28 INFO  : Sourcing of '/thayerfs/home/f00436n/engs62/module4/module4_sw/_ide/psinit/ps7_init.tcl' is done.
13:20:28 INFO  : 'ps7_init' command is executed.
13:20:28 INFO  : 'ps7_post_config' command is executed.
13:20:29 INFO  : Context for processor 'ps7_cortexa9_0' is selected.
13:20:29 INFO  : The application '/thayerfs/home/f00436n/engs62/module4/module4_sw/Debug/module4_sw.elf' is downloaded to processor 'ps7_cortexa9_0'.
13:20:29 INFO  : 'configparams force-mem-access 0' command is executed.
13:20:29 INFO  : ----------------XSDB Script----------------
connect -url tcp:127.0.0.1:3121
targets -set -nocase -filter {name =~"APU*"}
rst -system
after 3000
targets -set -filter {jtag_cable_name =~ "Digilent Zybo Z7 210351A6C79EA" && level==0 && jtag_device_ctx=="jsn-Zybo Z7-210351A6C79EA-13722093-0"}
fpga -file /thayerfs/home/f00436n/engs62/module4/module4_sw/_ide/bitstream/module4_hw_wrapper.bit
targets -set -nocase -filter {name =~"APU*"}
loadhw -hw /thayerfs/home/f00436n/engs62/module4/module4_hw_wrapper/export/module4_hw_wrapper/hw/module4_hw_wrapper.xsa -mem-ranges [list {0x40000000 0xbfffffff}] -regs
configparams force-mem-access 1
targets -set -nocase -filter {name =~"APU*"}
source /thayerfs/home/f00436n/engs62/module4/module4_sw/_ide/psinit/ps7_init.tcl
ps7_init
ps7_post_config
targets -set -nocase -filter {name =~ "*A9*#0"}
dow /thayerfs/home/f00436n/engs62/module4/module4_sw/Debug/module4_sw.elf
configparams force-mem-access 0
----------------End of Script----------------

13:20:29 INFO  : Context for processor 'ps7_cortexa9_0' is selected.
13:20:29 INFO  : 'con' command is executed.
13:20:29 INFO  : ----------------XSDB Script (After Launch)----------------
targets -set -nocase -filter {name =~ "*A9*#0"}
con
----------------End of Script----------------

13:20:29 INFO  : Launch script is exported to file '/thayerfs/home/f00436n/engs62/module4/module4_sw_system/_ide/scripts/debugger_module4_sw-default.tcl'
13:21:59 INFO  : Disconnected from the channel tcfchan#3.
13:22:00 INFO  : Connected to target on host '127.0.0.1' and port '3121'.
13:22:09 INFO  : ----------------XSDB Script----------------
connect -url tcp:127.0.0.1:3121
----------------End of Script----------------

13:22:09 ERROR : Could not find ARM device on the board for connection 'Local'.
Check if the target is in:
1. Split JTAG - No operations are possible with ARM DAP.
2. Non JTAG bootmode - Bootrom may need time to enable DAP.
Please try again.


Troubleshooting hints:
1. Check whether board is connected to system properly.
2. In case of zynq board, check whether Digilent/Xilinx cable switch settings are correct.
3. If you are using Xilinx Platform Cable USB, ensure that status LED is green.
13:22:35 INFO  : Checking for BSP changes to sync application flags for project 'module4_sw'...
13:22:47 INFO  : Connected to target on host '127.0.0.1' and port '3121'.
13:22:47 INFO  : Jtag cable 'Digilent Zybo Z7 210351A6C79EA' is selected.
13:22:47 INFO  : 'jtag frequency' command is executed.
13:22:47 INFO  : Context for 'APU' is selected.
13:22:48 INFO  : System reset is completed.
13:22:51 INFO  : 'after 3000' command is executed.
13:22:51 INFO  : 'targets -set -filter {jtag_cable_name =~ "Digilent Zybo Z7 210351A6C79EA" && level==0 && jtag_device_ctx=="jsn-Zybo Z7-210351A6C79EA-13722093-0"}' command is executed.
13:22:52 INFO  : Device configured successfully with "/thayerfs/home/f00436n/engs62/module4/module4_sw/_ide/bitstream/module4_hw_wrapper.bit"
13:22:52 INFO  : Context for 'APU' is selected.
13:22:52 INFO  : Hardware design and registers information is loaded from '/thayerfs/home/f00436n/engs62/module4/module4_hw_wrapper/export/module4_hw_wrapper/hw/module4_hw_wrapper.xsa'.
13:22:52 INFO  : 'configparams force-mem-access 1' command is executed.
13:22:52 INFO  : Context for 'APU' is selected.
13:22:52 INFO  : Sourcing of '/thayerfs/home/f00436n/engs62/module4/module4_sw/_ide/psinit/ps7_init.tcl' is done.
13:22:52 INFO  : 'ps7_init' command is executed.
13:22:52 INFO  : 'ps7_post_config' command is executed.
13:22:52 INFO  : Context for processor 'ps7_cortexa9_0' is selected.
13:22:53 INFO  : The application '/thayerfs/home/f00436n/engs62/module4/module4_sw/Debug/module4_sw.elf' is downloaded to processor 'ps7_cortexa9_0'.
13:22:53 INFO  : 'configparams force-mem-access 0' command is executed.
13:22:53 INFO  : ----------------XSDB Script----------------
connect -url tcp:127.0.0.1:3121
targets -set -nocase -filter {name =~"APU*"}
rst -system
after 3000
targets -set -filter {jtag_cable_name =~ "Digilent Zybo Z7 210351A6C79EA" && level==0 && jtag_device_ctx=="jsn-Zybo Z7-210351A6C79EA-13722093-0"}
fpga -file /thayerfs/home/f00436n/engs62/module4/module4_sw/_ide/bitstream/module4_hw_wrapper.bit
targets -set -nocase -filter {name =~"APU*"}
loadhw -hw /thayerfs/home/f00436n/engs62/module4/module4_hw_wrapper/export/module4_hw_wrapper/hw/module4_hw_wrapper.xsa -mem-ranges [list {0x40000000 0xbfffffff}] -regs
configparams force-mem-access 1
targets -set -nocase -filter {name =~"APU*"}
source /thayerfs/home/f00436n/engs62/module4/module4_sw/_ide/psinit/ps7_init.tcl
ps7_init
ps7_post_config
targets -set -nocase -filter {name =~ "*A9*#0"}
dow /thayerfs/home/f00436n/engs62/module4/module4_sw/Debug/module4_sw.elf
configparams force-mem-access 0
----------------End of Script----------------

13:22:53 INFO  : Context for processor 'ps7_cortexa9_0' is selected.
13:22:53 INFO  : 'con' command is executed.
13:22:53 INFO  : ----------------XSDB Script (After Launch)----------------
targets -set -nocase -filter {name =~ "*A9*#0"}
con
----------------End of Script----------------

13:22:53 INFO  : Launch script is exported to file '/thayerfs/home/f00436n/engs62/module4/module4_sw_system/_ide/scripts/debugger_module4_sw-default.tcl'
13:31:50 INFO  : Checking for BSP changes to sync application flags for project 'module4_sw'...
13:32:14 INFO  : Checking for BSP changes to sync application flags for project 'module4_sw'...
13:32:21 INFO  : Checking for BSP changes to sync application flags for project 'module4_sw'...
13:32:31 INFO  : Connected to target on host '127.0.0.1' and port '3121'.
13:33:00 INFO  : Disconnected from the channel tcfchan#4.
13:33:01 INFO  : Connected to target on host '127.0.0.1' and port '3121'.
13:33:01 INFO  : Jtag cable 'Digilent Zybo Z7 210351A6C79EA' is selected.
13:33:01 INFO  : 'jtag frequency' command is executed.
13:33:01 INFO  : Context for 'APU' is selected.
13:33:01 INFO  : System reset is completed.
13:33:04 INFO  : 'after 3000' command is executed.
13:33:04 INFO  : 'targets -set -filter {jtag_cable_name =~ "Digilent Zybo Z7 210351A6C79EA" && level==0 && jtag_device_ctx=="jsn-Zybo Z7-210351A6C79EA-13722093-0"}' command is executed.
13:33:05 INFO  : Device configured successfully with "/thayerfs/home/f00436n/engs62/module4/module4_sw/_ide/bitstream/module4_hw_wrapper.bit"
13:33:05 INFO  : Context for 'APU' is selected.
13:33:08 INFO  : Hardware design and registers information is loaded from '/thayerfs/home/f00436n/engs62/module4/module4_hw_wrapper/export/module4_hw_wrapper/hw/module4_hw_wrapper.xsa'.
13:33:08 INFO  : 'configparams force-mem-access 1' command is executed.
13:33:08 INFO  : Context for 'APU' is selected.
13:33:08 INFO  : Sourcing of '/thayerfs/home/f00436n/engs62/module4/module4_sw/_ide/psinit/ps7_init.tcl' is done.
13:33:08 INFO  : 'ps7_init' command is executed.
13:33:08 INFO  : 'ps7_post_config' command is executed.
13:33:08 INFO  : Context for processor 'ps7_cortexa9_0' is selected.
13:33:08 INFO  : The application '/thayerfs/home/f00436n/engs62/module4/module4_sw/Debug/module4_sw.elf' is downloaded to processor 'ps7_cortexa9_0'.
13:33:08 INFO  : 'configparams force-mem-access 0' command is executed.
13:33:08 INFO  : ----------------XSDB Script----------------
connect -url tcp:127.0.0.1:3121
targets -set -nocase -filter {name =~"APU*"}
rst -system
after 3000
targets -set -filter {jtag_cable_name =~ "Digilent Zybo Z7 210351A6C79EA" && level==0 && jtag_device_ctx=="jsn-Zybo Z7-210351A6C79EA-13722093-0"}
fpga -file /thayerfs/home/f00436n/engs62/module4/module4_sw/_ide/bitstream/module4_hw_wrapper.bit
targets -set -nocase -filter {name =~"APU*"}
loadhw -hw /thayerfs/home/f00436n/engs62/module4/module4_hw_wrapper/export/module4_hw_wrapper/hw/module4_hw_wrapper.xsa -mem-ranges [list {0x40000000 0xbfffffff}] -regs
configparams force-mem-access 1
targets -set -nocase -filter {name =~"APU*"}
source /thayerfs/home/f00436n/engs62/module4/module4_sw/_ide/psinit/ps7_init.tcl
ps7_init
ps7_post_config
targets -set -nocase -filter {name =~ "*A9*#0"}
dow /thayerfs/home/f00436n/engs62/module4/module4_sw/Debug/module4_sw.elf
configparams force-mem-access 0
----------------End of Script----------------

13:33:09 INFO  : Context for processor 'ps7_cortexa9_0' is selected.
13:33:09 INFO  : 'con' command is executed.
13:33:09 INFO  : ----------------XSDB Script (After Launch)----------------
targets -set -nocase -filter {name =~ "*A9*#0"}
con
----------------End of Script----------------

13:33:09 INFO  : Launch script is exported to file '/thayerfs/home/f00436n/engs62/module4/module4_sw_system/_ide/scripts/debugger_module4_sw-default.tcl'
13:34:26 INFO  : Checking for BSP changes to sync application flags for project 'module4_sw'...
