13:38:46 INFO  : Logs will be stored at '/thayerfs/home/f00436n/engs62/module6/IDE.log'.
13:38:55 INFO  : Platform repository initialization has completed.
13:38:55 INFO  : Launching XSCT server: xsct -n  -interactive /thayerfs/home/f00436n/engs62/module6/temp_xsdb_launch_script.tcl
13:38:55 INFO  : Registering command handlers for Vitis TCF services
13:39:03 INFO  : XSCT server has started successfully.
13:39:03 INFO  : Successfully done setting XSCT server connection channel  
13:39:19 INFO  : plnx-install-location is set to ''
13:39:19 INFO  : Successfully done setting workspace for the tool. 
13:39:19 INFO  : Successfully done query RDI_DATADIR 
13:40:43 INFO  : Result from executing command 'getProjects': module6_hw_wrapper
13:40:43 INFO  : Result from executing command 'getPlatforms': 
13:40:44 WARN  : An unexpected exception occurred in the module 'platform project logging'
13:40:46 INFO  : Platform 'module6_hw_wrapper' is added to custom repositories.
13:41:02 INFO  : Platform 'module6_hw_wrapper' is added to custom repositories.
13:43:04 INFO  : Result from executing command 'getProjects': module6_hw_wrapper
13:43:04 INFO  : Result from executing command 'getPlatforms': module6_hw_wrapper|/thayerfs/home/f00436n/engs62/module6/module6_hw_wrapper/export/module6_hw_wrapper/module6_hw_wrapper.xpfm
13:43:08 INFO  : Checking for BSP changes to sync application flags for project 'module6_sw'...
13:43:40 INFO  : Connected to target on host '127.0.0.1' and port '3121'.
13:43:41 INFO  : 'targets -set -filter {jtag_cable_name =~ "Digilent Zybo Z7 210351A6C79EA" && level==0 && jtag_device_ctx=="jsn-Zybo Z7-210351A6C79EA-13722093-0"}' command is executed.
13:43:42 INFO  : Device configured successfully with "/thayerfs/home/f00436n/engs62/module6/module6_sw/_ide/bitstream/module6_hw_wrapper.bit"
13:44:06 INFO  : Connected to target on host '127.0.0.1' and port '3121'.
13:44:06 INFO  : Jtag cable 'Digilent Zybo Z7 210351A6C79EA' is selected.
13:44:06 INFO  : 'jtag frequency' command is executed.
13:44:06 INFO  : Context for 'APU' is selected.
13:44:06 INFO  : System reset is completed.
13:44:09 INFO  : 'after 3000' command is executed.
13:44:10 INFO  : 'targets -set -filter {jtag_cable_name =~ "Digilent Zybo Z7 210351A6C79EA" && level==0 && jtag_device_ctx=="jsn-Zybo Z7-210351A6C79EA-13722093-0"}' command is executed.
13:44:11 INFO  : Device configured successfully with "/thayerfs/home/f00436n/engs62/module6/module6_sw/_ide/bitstream/module6_hw_wrapper.bit"
13:44:11 INFO  : Context for 'APU' is selected.
13:44:11 INFO  : Hardware design and registers information is loaded from '/thayerfs/home/f00436n/engs62/module6/module6_hw_wrapper/export/module6_hw_wrapper/hw/module6_hw_wrapper.xsa'.
13:44:11 INFO  : 'configparams force-mem-access 1' command is executed.
13:44:11 INFO  : Context for 'APU' is selected.
13:44:11 INFO  : Sourcing of '/thayerfs/home/f00436n/engs62/module6/module6_sw/_ide/psinit/ps7_init.tcl' is done.
13:44:11 INFO  : 'ps7_init' command is executed.
13:44:11 INFO  : 'ps7_post_config' command is executed.
13:44:11 INFO  : Context for processor 'ps7_cortexa9_0' is selected.
13:44:11 INFO  : The application '/thayerfs/home/f00436n/engs62/module6/module6_sw/Debug/module6_sw.elf' is downloaded to processor 'ps7_cortexa9_0'.
13:44:11 INFO  : 'configparams force-mem-access 0' command is executed.
13:44:11 INFO  : ----------------XSDB Script----------------
connect -url tcp:127.0.0.1:3121
targets -set -nocase -filter {name =~"APU*"}
rst -system
after 3000
targets -set -filter {jtag_cable_name =~ "Digilent Zybo Z7 210351A6C79EA" && level==0 && jtag_device_ctx=="jsn-Zybo Z7-210351A6C79EA-13722093-0"}
fpga -file /thayerfs/home/f00436n/engs62/module6/module6_sw/_ide/bitstream/module6_hw_wrapper.bit
targets -set -nocase -filter {name =~"APU*"}
loadhw -hw /thayerfs/home/f00436n/engs62/module6/module6_hw_wrapper/export/module6_hw_wrapper/hw/module6_hw_wrapper.xsa -mem-ranges [list {0x40000000 0xbfffffff}] -regs
configparams force-mem-access 1
targets -set -nocase -filter {name =~"APU*"}
source /thayerfs/home/f00436n/engs62/module6/module6_sw/_ide/psinit/ps7_init.tcl
ps7_init
ps7_post_config
targets -set -nocase -filter {name =~ "*A9*#0"}
dow /thayerfs/home/f00436n/engs62/module6/module6_sw/Debug/module6_sw.elf
configparams force-mem-access 0
----------------End of Script----------------

13:44:12 INFO  : Context for processor 'ps7_cortexa9_0' is selected.
13:44:12 INFO  : 'con' command is executed.
13:44:12 INFO  : ----------------XSDB Script (After Launch)----------------
targets -set -nocase -filter {name =~ "*A9*#0"}
con
----------------End of Script----------------

13:44:12 INFO  : Launch script is exported to file '/thayerfs/home/f00436n/engs62/module6/module6_sw_system/_ide/scripts/debugger_module6_sw-default.tcl'
13:47:14 INFO  : Checking for BSP changes to sync application flags for project 'module6_sw'...
14:01:20 INFO  : Checking for BSP changes to sync application flags for project 'module6_sw'...
14:05:58 INFO  : Disconnected from the channel tcfchan#2.
14:17:17 INFO  : Logs will be stored at '/thayerfs/home/f00436n/engs62/module6/IDE.log'.
14:17:18 INFO  : Launching XSCT server: xsct -n  -interactive /thayerfs/home/f00436n/engs62/module6/temp_xsdb_launch_script.tcl
14:17:22 INFO  : Platform repository initialization has completed.
14:17:23 INFO  : Registering command handlers for Vitis TCF services
14:17:25 INFO  : XSCT server has started successfully.
14:17:26 INFO  : Successfully done setting XSCT server connection channel  
14:17:30 INFO  : plnx-install-location is set to ''
14:17:30 INFO  : Successfully done setting workspace for the tool. 
14:17:30 INFO  : Successfully done query RDI_DATADIR 
14:18:36 INFO  : Checking for BSP changes to sync application flags for project 'module6_sw'...
14:25:59 INFO  : Checking for BSP changes to sync application flags for project 'module6_sw'...
14:27:12 INFO  : Checking for BSP changes to sync application flags for project 'module6_sw'...
12:26:02 INFO  : Logs will be stored at '/thayerfs/home/f00436n/engs62/module6/IDE.log'.
12:26:03 INFO  : Launching XSCT server: xsct -n  -interactive /thayerfs/home/f00436n/engs62/module6/temp_xsdb_launch_script.tcl
12:26:07 INFO  : Platform repository initialization has completed.
12:26:07 INFO  : Registering command handlers for Vitis TCF services
12:26:09 INFO  : XSCT server has started successfully.
12:26:22 INFO  : plnx-install-location is set to ''
12:26:22 INFO  : Successfully done setting XSCT server connection channel  
12:26:22 INFO  : Successfully done query RDI_DATADIR 
12:26:22 INFO  : Successfully done setting workspace for the tool. 
12:39:11 INFO  : Checking for BSP changes to sync application flags for project 'module6_sw'...
12:42:53 INFO  : Result from executing command 'getProjects': module6_hw_wrapper
12:42:53 INFO  : Result from executing command 'getPlatforms': module6_hw_wrapper|/thayerfs/home/f00436n/engs62/module6/module6_hw_wrapper/export/module6_hw_wrapper/module6_hw_wrapper.xpfm
12:42:57 INFO  : Checking for BSP changes to sync application flags for project 'module6_sw'...
12:43:20 INFO  : Checking for BSP changes to sync application flags for project 'module6_sw'...
12:44:15 INFO  : Checking for BSP changes to sync application flags for project 'module6_sw'...
12:45:05 INFO  : Checking for BSP changes to sync application flags for project 'module6_sw'...
12:47:39 INFO  : Checking for BSP changes to sync application flags for project 'module6_sw'...
12:48:04 INFO  : Checking for BSP changes to sync application flags for project 'module6_sw'...
12:48:10 INFO  : Checking for BSP changes to sync application flags for project 'module6_sw'...
12:48:19 INFO  : Checking for BSP changes to sync application flags for project 'module6_sw'...
12:48:30 INFO  : Connected to target on host '127.0.0.1' and port '3121'.
12:48:30 INFO  : Jtag cable 'Digilent Zybo Z7 210351A6C79EA' is selected.
12:48:30 INFO  : 'jtag frequency' command is executed.
12:48:30 INFO  : Context for 'APU' is selected.
12:48:31 INFO  : System reset is completed.
12:48:34 INFO  : 'after 3000' command is executed.
12:48:34 INFO  : 'targets -set -filter {jtag_cable_name =~ "Digilent Zybo Z7 210351A6C79EA" && level==0 && jtag_device_ctx=="jsn-Zybo Z7-210351A6C79EA-13722093-0"}' command is executed.
12:48:35 INFO  : Device configured successfully with "/thayerfs/home/f00436n/engs62/module6/module6_sw/_ide/bitstream/module6_hw_wrapper.bit"
12:48:35 INFO  : Context for 'APU' is selected.
12:48:35 INFO  : Hardware design and registers information is loaded from '/thayerfs/home/f00436n/engs62/module6/module6_hw_wrapper/export/module6_hw_wrapper/hw/module6_hw_wrapper.xsa'.
12:48:35 INFO  : 'configparams force-mem-access 1' command is executed.
12:48:35 INFO  : Context for 'APU' is selected.
12:48:35 INFO  : Sourcing of '/thayerfs/home/f00436n/engs62/module6/module6_sw/_ide/psinit/ps7_init.tcl' is done.
12:48:35 INFO  : 'ps7_init' command is executed.
12:48:35 INFO  : 'ps7_post_config' command is executed.
12:48:35 INFO  : Context for processor 'ps7_cortexa9_0' is selected.
12:48:36 INFO  : The application '/thayerfs/home/f00436n/engs62/module6/module6_sw/Debug/module6_sw.elf' is downloaded to processor 'ps7_cortexa9_0'.
12:48:36 INFO  : 'configparams force-mem-access 0' command is executed.
12:48:36 INFO  : ----------------XSDB Script----------------
connect -url tcp:127.0.0.1:3121
targets -set -nocase -filter {name =~"APU*"}
rst -system
after 3000
targets -set -filter {jtag_cable_name =~ "Digilent Zybo Z7 210351A6C79EA" && level==0 && jtag_device_ctx=="jsn-Zybo Z7-210351A6C79EA-13722093-0"}
fpga -file /thayerfs/home/f00436n/engs62/module6/module6_sw/_ide/bitstream/module6_hw_wrapper.bit
targets -set -nocase -filter {name =~"APU*"}
loadhw -hw /thayerfs/home/f00436n/engs62/module6/module6_hw_wrapper/export/module6_hw_wrapper/hw/module6_hw_wrapper.xsa -mem-ranges [list {0x40000000 0xbfffffff}] -regs
configparams force-mem-access 1
targets -set -nocase -filter {name =~"APU*"}
source /thayerfs/home/f00436n/engs62/module6/module6_sw/_ide/psinit/ps7_init.tcl
ps7_init
ps7_post_config
targets -set -nocase -filter {name =~ "*A9*#0"}
dow /thayerfs/home/f00436n/engs62/module6/module6_sw/Debug/module6_sw.elf
configparams force-mem-access 0
----------------End of Script----------------

12:48:36 INFO  : Context for processor 'ps7_cortexa9_0' is selected.
12:48:36 INFO  : 'con' command is executed.
12:48:36 INFO  : ----------------XSDB Script (After Launch)----------------
targets -set -nocase -filter {name =~ "*A9*#0"}
con
----------------End of Script----------------

12:48:36 INFO  : Launch script is exported to file '/thayerfs/home/f00436n/engs62/module6/module6_sw_system/_ide/scripts/debugger_module6_sw-default.tcl'
12:51:38 INFO  : Disconnected from the channel tcfchan#2.
12:51:39 INFO  : Connected to target on host '127.0.0.1' and port '3121'.
12:51:48 INFO  : ----------------XSDB Script----------------
connect -url tcp:127.0.0.1:3121
----------------End of Script----------------

12:51:48 ERROR : Could not find ARM device on the board for connection 'Local'.
Check if the target is in:
1. Split JTAG - No operations are possible with ARM DAP.
2. Non JTAG bootmode - Bootrom may need time to enable DAP.
Please try again.


Troubleshooting hints:
1. Check whether board is connected to system properly.
2. In case of zynq board, check whether Digilent/Xilinx cable switch settings are correct.
3. If you are using Xilinx Platform Cable USB, ensure that status LED is green.
12:51:58 INFO  : Connected to target on host '127.0.0.1' and port '3121'.
12:51:58 INFO  : Jtag cable 'Digilent Zybo Z7 210351A6C79EA' is selected.
12:51:58 INFO  : 'jtag frequency' command is executed.
12:51:58 INFO  : Context for 'APU' is selected.
12:51:58 INFO  : System reset is completed.
12:52:01 INFO  : 'after 3000' command is executed.
12:52:01 INFO  : 'targets -set -filter {jtag_cable_name =~ "Digilent Zybo Z7 210351A6C79EA" && level==0 && jtag_device_ctx=="jsn-Zybo Z7-210351A6C79EA-13722093-0"}' command is executed.
12:52:03 INFO  : Device configured successfully with "/thayerfs/home/f00436n/engs62/module6/module6_sw/_ide/bitstream/module6_hw_wrapper.bit"
12:52:03 INFO  : Context for 'APU' is selected.
12:52:03 INFO  : Hardware design and registers information is loaded from '/thayerfs/home/f00436n/engs62/module6/module6_hw_wrapper/export/module6_hw_wrapper/hw/module6_hw_wrapper.xsa'.
12:52:03 INFO  : 'configparams force-mem-access 1' command is executed.
12:52:03 INFO  : Context for 'APU' is selected.
12:52:03 INFO  : Sourcing of '/thayerfs/home/f00436n/engs62/module6/module6_sw/_ide/psinit/ps7_init.tcl' is done.
12:52:03 INFO  : 'ps7_init' command is executed.
12:52:03 INFO  : 'ps7_post_config' command is executed.
12:52:03 INFO  : Context for processor 'ps7_cortexa9_0' is selected.
12:52:03 INFO  : The application '/thayerfs/home/f00436n/engs62/module6/module6_sw/Debug/module6_sw.elf' is downloaded to processor 'ps7_cortexa9_0'.
12:52:03 INFO  : 'configparams force-mem-access 0' command is executed.
12:52:03 INFO  : ----------------XSDB Script----------------
connect -url tcp:127.0.0.1:3121
targets -set -nocase -filter {name =~"APU*"}
rst -system
after 3000
targets -set -filter {jtag_cable_name =~ "Digilent Zybo Z7 210351A6C79EA" && level==0 && jtag_device_ctx=="jsn-Zybo Z7-210351A6C79EA-13722093-0"}
fpga -file /thayerfs/home/f00436n/engs62/module6/module6_sw/_ide/bitstream/module6_hw_wrapper.bit
targets -set -nocase -filter {name =~"APU*"}
loadhw -hw /thayerfs/home/f00436n/engs62/module6/module6_hw_wrapper/export/module6_hw_wrapper/hw/module6_hw_wrapper.xsa -mem-ranges [list {0x40000000 0xbfffffff}] -regs
configparams force-mem-access 1
targets -set -nocase -filter {name =~"APU*"}
source /thayerfs/home/f00436n/engs62/module6/module6_sw/_ide/psinit/ps7_init.tcl
ps7_init
ps7_post_config
targets -set -nocase -filter {name =~ "*A9*#0"}
dow /thayerfs/home/f00436n/engs62/module6/module6_sw/Debug/module6_sw.elf
configparams force-mem-access 0
----------------End of Script----------------

12:52:03 INFO  : Context for processor 'ps7_cortexa9_0' is selected.
12:52:03 INFO  : 'con' command is executed.
12:52:03 INFO  : ----------------XSDB Script (After Launch)----------------
targets -set -nocase -filter {name =~ "*A9*#0"}
con
----------------End of Script----------------

12:52:03 INFO  : Launch script is exported to file '/thayerfs/home/f00436n/engs62/module6/module6_sw_system/_ide/scripts/debugger_module6_sw-default.tcl'
