16:54:12 INFO  : Logs will be stored at '/thayerfs/home/f00436n/engs62/module5/IDE.log'.
16:54:19 INFO  : Platform repository initialization has completed.
16:54:20 INFO  : Launching XSCT server: xsct -n  -interactive /thayerfs/home/f00436n/engs62/module5/temp_xsdb_launch_script.tcl
16:54:20 INFO  : Registering command handlers for Vitis TCF services
16:54:25 INFO  : XSCT server has started successfully.
16:54:25 INFO  : plnx-install-location is set to ''
16:54:25 INFO  : Successfully done setting XSCT server connection channel  
16:54:31 INFO  : Successfully done setting workspace for the tool. 
16:54:31 INFO  : Successfully done query RDI_DATADIR 
16:56:28 INFO  : Result from executing command 'getProjects': module5_hw_wrapper
16:56:28 INFO  : Result from executing command 'getPlatforms': 
16:56:29 WARN  : An unexpected exception occurred in the module 'platform project logging'
16:56:35 INFO  : Platform 'module5_hw_wrapper' is added to custom repositories.
16:56:51 INFO  : Platform 'module5_hw_wrapper' is added to custom repositories.
16:58:56 INFO  : Result from executing command 'getProjects': module5_hw_wrapper
16:58:56 INFO  : Result from executing command 'getPlatforms': module5_hw_wrapper|/thayerfs/home/f00436n/engs62/module5/module5_hw_wrapper/export/module5_hw_wrapper/module5_hw_wrapper.xpfm
16:59:00 INFO  : Checking for BSP changes to sync application flags for project 'module5_sw'...
16:59:19 INFO  : Connected to target on host '127.0.0.1' and port '3121'.
16:59:19 INFO  : 'targets -set -filter {jtag_cable_name =~ "Digilent Zybo Z7 210351A6C79EA" && level==0 && jtag_device_ctx=="jsn-Zybo Z7-210351A6C79EA-13722093-0"}' command is executed.
16:59:21 INFO  : Device configured successfully with "/thayerfs/home/f00436n/engs62/module5/module5_sw/_ide/bitstream/module5_hw_wrapper.bit"
16:59:46 INFO  : Connected to target on host '127.0.0.1' and port '3121'.
16:59:47 INFO  : Jtag cable 'Digilent Zybo Z7 210351A6C79EA' is selected.
16:59:47 INFO  : 'jtag frequency' command is executed.
16:59:47 INFO  : Context for 'APU' is selected.
16:59:47 INFO  : System reset is completed.
16:59:50 INFO  : 'after 3000' command is executed.
16:59:50 INFO  : 'targets -set -filter {jtag_cable_name =~ "Digilent Zybo Z7 210351A6C79EA" && level==0 && jtag_device_ctx=="jsn-Zybo Z7-210351A6C79EA-13722093-0"}' command is executed.
16:59:51 INFO  : Device configured successfully with "/thayerfs/home/f00436n/engs62/module5/module5_sw/_ide/bitstream/module5_hw_wrapper.bit"
16:59:51 INFO  : Context for 'APU' is selected.
16:59:51 INFO  : Hardware design and registers information is loaded from '/thayerfs/home/f00436n/engs62/module5/module5_hw_wrapper/export/module5_hw_wrapper/hw/module5_hw_wrapper.xsa'.
16:59:51 INFO  : 'configparams force-mem-access 1' command is executed.
16:59:51 INFO  : Context for 'APU' is selected.
16:59:51 INFO  : Sourcing of '/thayerfs/home/f00436n/engs62/module5/module5_sw/_ide/psinit/ps7_init.tcl' is done.
16:59:51 INFO  : 'ps7_init' command is executed.
16:59:51 INFO  : 'ps7_post_config' command is executed.
16:59:51 INFO  : Context for processor 'ps7_cortexa9_0' is selected.
16:59:52 INFO  : The application '/thayerfs/home/f00436n/engs62/module5/module5_sw/Debug/module5_sw.elf' is downloaded to processor 'ps7_cortexa9_0'.
16:59:52 INFO  : 'configparams force-mem-access 0' command is executed.
16:59:52 INFO  : ----------------XSDB Script----------------
connect -url tcp:127.0.0.1:3121
targets -set -nocase -filter {name =~"APU*"}
rst -system
after 3000
targets -set -filter {jtag_cable_name =~ "Digilent Zybo Z7 210351A6C79EA" && level==0 && jtag_device_ctx=="jsn-Zybo Z7-210351A6C79EA-13722093-0"}
fpga -file /thayerfs/home/f00436n/engs62/module5/module5_sw/_ide/bitstream/module5_hw_wrapper.bit
targets -set -nocase -filter {name =~"APU*"}
loadhw -hw /thayerfs/home/f00436n/engs62/module5/module5_hw_wrapper/export/module5_hw_wrapper/hw/module5_hw_wrapper.xsa -mem-ranges [list {0x40000000 0xbfffffff}] -regs
configparams force-mem-access 1
targets -set -nocase -filter {name =~"APU*"}
source /thayerfs/home/f00436n/engs62/module5/module5_sw/_ide/psinit/ps7_init.tcl
ps7_init
ps7_post_config
targets -set -nocase -filter {name =~ "*A9*#0"}
dow /thayerfs/home/f00436n/engs62/module5/module5_sw/Debug/module5_sw.elf
configparams force-mem-access 0
----------------End of Script----------------

16:59:52 INFO  : Context for processor 'ps7_cortexa9_0' is selected.
16:59:52 INFO  : 'con' command is executed.
16:59:52 INFO  : ----------------XSDB Script (After Launch)----------------
targets -set -nocase -filter {name =~ "*A9*#0"}
con
----------------End of Script----------------

16:59:52 INFO  : Launch script is exported to file '/thayerfs/home/f00436n/engs62/module5/module5_sw_system/_ide/scripts/debugger_module5_sw-default.tcl'
17:00:46 INFO  : Checking for BSP changes to sync application flags for project 'module5_sw'...
17:01:02 INFO  : Checking for BSP changes to sync application flags for project 'module5_sw'...
17:01:43 INFO  : Checking for BSP changes to sync application flags for project 'module5_sw'...
17:02:02 INFO  : Connected to target on host '127.0.0.1' and port '3121'.
17:02:02 INFO  : 'targets -set -filter {jtag_cable_name =~ "Digilent Zybo Z7 210351A6C79EA" && level==0 && jtag_device_ctx=="jsn-Zybo Z7-210351A6C79EA-13722093-0"}' command is executed.
17:02:03 INFO  : Device configured successfully with "/thayerfs/home/f00436n/engs62/module5/module5_sw/_ide/bitstream/module5_hw_wrapper.bit"
17:02:26 INFO  : Disconnected from the channel tcfchan#2.
17:02:27 INFO  : Connected to target on host '127.0.0.1' and port '3121'.
17:02:36 INFO  : ----------------XSDB Script----------------
connect -url tcp:127.0.0.1:3121
----------------End of Script----------------

17:02:36 ERROR : Could not find ARM device on the board for connection 'Local'.
Check if the target is in:
1. Split JTAG - No operations are possible with ARM DAP.
2. Non JTAG bootmode - Bootrom may need time to enable DAP.
Please try again.


Troubleshooting hints:
1. Check whether board is connected to system properly.
2. In case of zynq board, check whether Digilent/Xilinx cable switch settings are correct.
3. If you are using Xilinx Platform Cable USB, ensure that status LED is green.
17:02:39 INFO  : Connected to target on host '127.0.0.1' and port '3121'.
17:02:39 INFO  : Jtag cable 'Digilent Zybo Z7 210351A6C79EA' is selected.
17:02:39 INFO  : 'jtag frequency' command is executed.
17:02:39 INFO  : Context for 'APU' is selected.
17:02:39 INFO  : System reset is completed.
17:02:42 INFO  : 'after 3000' command is executed.
17:02:42 INFO  : 'targets -set -filter {jtag_cable_name =~ "Digilent Zybo Z7 210351A6C79EA" && level==0 && jtag_device_ctx=="jsn-Zybo Z7-210351A6C79EA-13722093-0"}' command is executed.
17:02:44 INFO  : Device configured successfully with "/thayerfs/home/f00436n/engs62/module5/module5_sw/_ide/bitstream/module5_hw_wrapper.bit"
17:02:44 INFO  : Context for 'APU' is selected.
17:02:44 INFO  : Hardware design and registers information is loaded from '/thayerfs/home/f00436n/engs62/module5/module5_hw_wrapper/export/module5_hw_wrapper/hw/module5_hw_wrapper.xsa'.
17:02:44 INFO  : 'configparams force-mem-access 1' command is executed.
17:02:44 INFO  : Context for 'APU' is selected.
17:02:44 INFO  : Sourcing of '/thayerfs/home/f00436n/engs62/module5/module5_sw/_ide/psinit/ps7_init.tcl' is done.
17:02:44 INFO  : 'ps7_init' command is executed.
17:02:44 INFO  : 'ps7_post_config' command is executed.
17:02:44 INFO  : Context for processor 'ps7_cortexa9_0' is selected.
17:02:44 INFO  : The application '/thayerfs/home/f00436n/engs62/module5/module5_sw/Debug/module5_sw.elf' is downloaded to processor 'ps7_cortexa9_0'.
17:02:44 INFO  : 'configparams force-mem-access 0' command is executed.
17:02:44 INFO  : ----------------XSDB Script----------------
connect -url tcp:127.0.0.1:3121
targets -set -nocase -filter {name =~"APU*"}
rst -system
after 3000
targets -set -filter {jtag_cable_name =~ "Digilent Zybo Z7 210351A6C79EA" && level==0 && jtag_device_ctx=="jsn-Zybo Z7-210351A6C79EA-13722093-0"}
fpga -file /thayerfs/home/f00436n/engs62/module5/module5_sw/_ide/bitstream/module5_hw_wrapper.bit
targets -set -nocase -filter {name =~"APU*"}
loadhw -hw /thayerfs/home/f00436n/engs62/module5/module5_hw_wrapper/export/module5_hw_wrapper/hw/module5_hw_wrapper.xsa -mem-ranges [list {0x40000000 0xbfffffff}] -regs
configparams force-mem-access 1
targets -set -nocase -filter {name =~"APU*"}
source /thayerfs/home/f00436n/engs62/module5/module5_sw/_ide/psinit/ps7_init.tcl
ps7_init
ps7_post_config
targets -set -nocase -filter {name =~ "*A9*#0"}
dow /thayerfs/home/f00436n/engs62/module5/module5_sw/Debug/module5_sw.elf
configparams force-mem-access 0
----------------End of Script----------------

17:02:44 INFO  : Context for processor 'ps7_cortexa9_0' is selected.
17:02:44 INFO  : 'con' command is executed.
17:02:44 INFO  : ----------------XSDB Script (After Launch)----------------
targets -set -nocase -filter {name =~ "*A9*#0"}
con
----------------End of Script----------------

17:02:44 INFO  : Launch script is exported to file '/thayerfs/home/f00436n/engs62/module5/module5_sw_system/_ide/scripts/debugger_module5_sw-default.tcl'
17:03:46 INFO  : Disconnected from the channel tcfchan#3.
12:19:32 INFO  : Logs will be stored at '/thayerfs/home/f00436n/engs62/module5/IDE.log'.
12:19:36 INFO  : Launching XSCT server: xsct -n  -interactive /thayerfs/home/f00436n/engs62/module5/temp_xsdb_launch_script.tcl
12:19:41 INFO  : Platform repository initialization has completed.
12:19:41 INFO  : XSCT server has started successfully.
12:19:41 INFO  : Registering command handlers for Vitis TCF services
12:19:47 INFO  : Successfully done setting XSCT server connection channel  
12:19:47 INFO  : plnx-install-location is set to ''
12:19:47 INFO  : Successfully done query RDI_DATADIR 
12:19:47 INFO  : Successfully done setting workspace for the tool. 
12:22:33 INFO  : Checking for BSP changes to sync application flags for project 'module5_sw'...
12:22:43 INFO  : Checking for BSP changes to sync application flags for project 'module5_sw'...
12:23:21 INFO  : Connected to target on host '127.0.0.1' and port '3121'.
12:23:22 INFO  : Jtag cable 'Digilent Zybo Z7 210351A6C79EA' is selected.
12:23:22 INFO  : 'jtag frequency' command is executed.
12:23:23 INFO  : Context for 'APU' is selected.
12:23:23 INFO  : System reset is completed.
12:23:26 INFO  : 'after 3000' command is executed.
12:23:26 INFO  : 'targets -set -filter {jtag_cable_name =~ "Digilent Zybo Z7 210351A6C79EA" && level==0 && jtag_device_ctx=="jsn-Zybo Z7-210351A6C79EA-13722093-0"}' command is executed.
12:23:27 INFO  : Device configured successfully with "/thayerfs/home/f00436n/engs62/module5/module5_sw/_ide/bitstream/module5_hw_wrapper.bit"
12:23:27 INFO  : Context for 'APU' is selected.
12:23:27 INFO  : Hardware design and registers information is loaded from '/thayerfs/home/f00436n/engs62/module5/module5_hw_wrapper/export/module5_hw_wrapper/hw/module5_hw_wrapper.xsa'.
12:23:27 INFO  : 'configparams force-mem-access 1' command is executed.
12:23:27 INFO  : Context for 'APU' is selected.
12:23:27 INFO  : Sourcing of '/thayerfs/home/f00436n/engs62/module5/module5_sw/_ide/psinit/ps7_init.tcl' is done.
12:23:28 INFO  : 'ps7_init' command is executed.
12:23:28 INFO  : 'ps7_post_config' command is executed.
12:23:28 INFO  : Context for processor 'ps7_cortexa9_0' is selected.
12:23:28 INFO  : The application '/thayerfs/home/f00436n/engs62/module5/module5_sw/Debug/module5_sw.elf' is downloaded to processor 'ps7_cortexa9_0'.
12:23:28 INFO  : 'configparams force-mem-access 0' command is executed.
12:23:28 INFO  : ----------------XSDB Script----------------
connect -url tcp:127.0.0.1:3121
targets -set -nocase -filter {name =~"APU*"}
rst -system
after 3000
targets -set -filter {jtag_cable_name =~ "Digilent Zybo Z7 210351A6C79EA" && level==0 && jtag_device_ctx=="jsn-Zybo Z7-210351A6C79EA-13722093-0"}
fpga -file /thayerfs/home/f00436n/engs62/module5/module5_sw/_ide/bitstream/module5_hw_wrapper.bit
targets -set -nocase -filter {name =~"APU*"}
loadhw -hw /thayerfs/home/f00436n/engs62/module5/module5_hw_wrapper/export/module5_hw_wrapper/hw/module5_hw_wrapper.xsa -mem-ranges [list {0x40000000 0xbfffffff}] -regs
configparams force-mem-access 1
targets -set -nocase -filter {name =~"APU*"}
source /thayerfs/home/f00436n/engs62/module5/module5_sw/_ide/psinit/ps7_init.tcl
ps7_init
ps7_post_config
targets -set -nocase -filter {name =~ "*A9*#0"}
dow /thayerfs/home/f00436n/engs62/module5/module5_sw/Debug/module5_sw.elf
configparams force-mem-access 0
----------------End of Script----------------

12:23:28 INFO  : Context for processor 'ps7_cortexa9_0' is selected.
12:23:28 INFO  : 'con' command is executed.
12:23:28 INFO  : ----------------XSDB Script (After Launch)----------------
targets -set -nocase -filter {name =~ "*A9*#0"}
con
----------------End of Script----------------

12:23:28 INFO  : Launch script is exported to file '/thayerfs/home/f00436n/engs62/module5/module5_sw_system/_ide/scripts/debugger_module5_sw-default.tcl'
13:40:04 INFO  : Checking for BSP changes to sync application flags for project 'module5_sw'...
13:40:33 INFO  : Checking for BSP changes to sync application flags for project 'module5_sw'...
13:41:12 INFO  : Checking for BSP changes to sync application flags for project 'module5_sw'...
13:41:19 INFO  : Checking for BSP changes to sync application flags for project 'module5_sw'...
13:41:44 INFO  : Checking for BSP changes to sync application flags for project 'module5_sw'...
13:42:34 INFO  : Checking for BSP changes to sync application flags for project 'module5_sw'...
13:42:47 INFO  : Disconnected from the channel tcfchan#1.
13:42:48 INFO  : Connected to target on host '127.0.0.1' and port '3121'.
13:42:48 INFO  : Jtag cable 'Digilent Zybo Z7 210351A6C79EA' is selected.
13:42:48 INFO  : 'jtag frequency' command is executed.
13:42:48 INFO  : Context for 'APU' is selected.
13:42:48 INFO  : System reset is completed.
13:42:51 INFO  : 'after 3000' command is executed.
13:42:51 INFO  : 'targets -set -filter {jtag_cable_name =~ "Digilent Zybo Z7 210351A6C79EA" && level==0 && jtag_device_ctx=="jsn-Zybo Z7-210351A6C79EA-13722093-0"}' command is executed.
13:42:53 INFO  : Device configured successfully with "/thayerfs/home/f00436n/engs62/module5/module5_sw/_ide/bitstream/module5_hw_wrapper.bit"
13:42:53 INFO  : Context for 'APU' is selected.
13:42:55 INFO  : Hardware design and registers information is loaded from '/thayerfs/home/f00436n/engs62/module5/module5_hw_wrapper/export/module5_hw_wrapper/hw/module5_hw_wrapper.xsa'.
13:42:55 INFO  : 'configparams force-mem-access 1' command is executed.
13:42:55 INFO  : Context for 'APU' is selected.
13:42:55 INFO  : Sourcing of '/thayerfs/home/f00436n/engs62/module5/module5_sw/_ide/psinit/ps7_init.tcl' is done.
13:42:55 INFO  : 'ps7_init' command is executed.
13:42:55 INFO  : 'ps7_post_config' command is executed.
13:42:55 INFO  : Context for processor 'ps7_cortexa9_0' is selected.
13:42:56 INFO  : The application '/thayerfs/home/f00436n/engs62/module5/module5_sw/Debug/module5_sw.elf' is downloaded to processor 'ps7_cortexa9_0'.
13:42:56 INFO  : 'configparams force-mem-access 0' command is executed.
13:42:56 INFO  : ----------------XSDB Script----------------
connect -url tcp:127.0.0.1:3121
targets -set -nocase -filter {name =~"APU*"}
rst -system
after 3000
targets -set -filter {jtag_cable_name =~ "Digilent Zybo Z7 210351A6C79EA" && level==0 && jtag_device_ctx=="jsn-Zybo Z7-210351A6C79EA-13722093-0"}
fpga -file /thayerfs/home/f00436n/engs62/module5/module5_sw/_ide/bitstream/module5_hw_wrapper.bit
targets -set -nocase -filter {name =~"APU*"}
loadhw -hw /thayerfs/home/f00436n/engs62/module5/module5_hw_wrapper/export/module5_hw_wrapper/hw/module5_hw_wrapper.xsa -mem-ranges [list {0x40000000 0xbfffffff}] -regs
configparams force-mem-access 1
targets -set -nocase -filter {name =~"APU*"}
source /thayerfs/home/f00436n/engs62/module5/module5_sw/_ide/psinit/ps7_init.tcl
ps7_init
ps7_post_config
targets -set -nocase -filter {name =~ "*A9*#0"}
dow /thayerfs/home/f00436n/engs62/module5/module5_sw/Debug/module5_sw.elf
configparams force-mem-access 0
----------------End of Script----------------

13:42:56 INFO  : Context for processor 'ps7_cortexa9_0' is selected.
13:42:56 INFO  : 'con' command is executed.
13:42:56 INFO  : ----------------XSDB Script (After Launch)----------------
targets -set -nocase -filter {name =~ "*A9*#0"}
con
----------------End of Script----------------

13:42:56 INFO  : Launch script is exported to file '/thayerfs/home/f00436n/engs62/module5/module5_sw_system/_ide/scripts/debugger_module5_sw-default.tcl'
13:43:45 INFO  : Checking for BSP changes to sync application flags for project 'module5_sw'...
13:44:07 INFO  : Checking for BSP changes to sync application flags for project 'module5_sw'...
13:44:53 INFO  : Checking for BSP changes to sync application flags for project 'module5_sw'...
13:48:37 INFO  : Checking for BSP changes to sync application flags for project 'module5_sw'...
13:48:45 INFO  : Disconnected from the channel tcfchan#2.
13:48:46 INFO  : Connected to target on host '127.0.0.1' and port '3121'.
13:48:55 INFO  : ----------------XSDB Script----------------
connect -url tcp:127.0.0.1:3121
----------------End of Script----------------

13:48:55 ERROR : Could not find ARM device on the board for connection 'Local'.
Check if the target is in:
1. Split JTAG - No operations are possible with ARM DAP.
2. Non JTAG bootmode - Bootrom may need time to enable DAP.
Please try again.


Troubleshooting hints:
1. Check whether board is connected to system properly.
2. In case of zynq board, check whether Digilent/Xilinx cable switch settings are correct.
3. If you are using Xilinx Platform Cable USB, ensure that status LED is green.
13:48:58 INFO  : Connected to target on host '127.0.0.1' and port '3121'.
13:48:58 INFO  : Jtag cable 'Digilent Zybo Z7 210351A6C79EA' is selected.
13:48:58 INFO  : 'jtag frequency' command is executed.
13:48:58 INFO  : Context for 'APU' is selected.
13:48:58 INFO  : System reset is completed.
13:49:01 INFO  : 'after 3000' command is executed.
13:49:01 INFO  : Connected to target on host '127.0.0.1' and port '3121'.
13:49:01 INFO  : 'targets -set -filter {jtag_cable_name =~ "Digilent Zybo Z7 210351A6C79EA" && level==0 && jtag_device_ctx=="jsn-Zybo Z7-210351A6C79EA-13722093-0"}' command is executed.
13:49:03 INFO  : Device configured successfully with "/thayerfs/home/f00436n/engs62/module5/module5_sw/_ide/bitstream/module5_hw_wrapper.bit"
13:49:03 INFO  : Context for 'APU' is selected.
13:49:05 INFO  : Hardware design and registers information is loaded from '/thayerfs/home/f00436n/engs62/module5/module5_hw_wrapper/export/module5_hw_wrapper/hw/module5_hw_wrapper.xsa'.
13:49:05 INFO  : 'configparams force-mem-access 1' command is executed.
13:49:05 INFO  : Context for 'APU' is selected.
13:49:05 INFO  : Sourcing of '/thayerfs/home/f00436n/engs62/module5/module5_sw/_ide/psinit/ps7_init.tcl' is done.
13:49:05 INFO  : 'ps7_init' command is executed.
13:49:05 INFO  : 'ps7_post_config' command is executed.
13:49:05 INFO  : Context for processor 'ps7_cortexa9_0' is selected.
13:49:05 INFO  : The application '/thayerfs/home/f00436n/engs62/module5/module5_sw/Debug/module5_sw.elf' is downloaded to processor 'ps7_cortexa9_0'.
13:49:05 INFO  : 'configparams force-mem-access 0' command is executed.
13:49:05 INFO  : ----------------XSDB Script----------------
connect -url tcp:127.0.0.1:3121
targets -set -nocase -filter {name =~"APU*"}
rst -system
after 3000
targets -set -filter {jtag_cable_name =~ "Digilent Zybo Z7 210351A6C79EA" && level==0 && jtag_device_ctx=="jsn-Zybo Z7-210351A6C79EA-13722093-0"}
fpga -file /thayerfs/home/f00436n/engs62/module5/module5_sw/_ide/bitstream/module5_hw_wrapper.bit
targets -set -nocase -filter {name =~"APU*"}
loadhw -hw /thayerfs/home/f00436n/engs62/module5/module5_hw_wrapper/export/module5_hw_wrapper/hw/module5_hw_wrapper.xsa -mem-ranges [list {0x40000000 0xbfffffff}] -regs
configparams force-mem-access 1
targets -set -nocase -filter {name =~"APU*"}
source /thayerfs/home/f00436n/engs62/module5/module5_sw/_ide/psinit/ps7_init.tcl
ps7_init
ps7_post_config
targets -set -nocase -filter {name =~ "*A9*#0"}
dow /thayerfs/home/f00436n/engs62/module5/module5_sw/Debug/module5_sw.elf
configparams force-mem-access 0
----------------End of Script----------------

13:49:05 INFO  : Context for processor 'ps7_cortexa9_0' is selected.
13:49:05 INFO  : Jtag cable 'Digilent Zybo Z7 210351A6C79EA' is selected.
13:49:05 INFO  : 'con' command is executed.
13:49:05 INFO  : ----------------XSDB Script (After Launch)----------------
targets -set -nocase -filter {name =~ "*A9*#0"}
con
----------------End of Script----------------

13:49:05 INFO  : Launch script is exported to file '/thayerfs/home/f00436n/engs62/module5/module5_sw_system/_ide/scripts/debugger_module5_sw-default.tcl'
13:49:05 INFO  : 'jtag frequency' command is executed.
13:49:05 INFO  : Context for 'APU' is selected.
13:49:06 INFO  : System reset is completed.
13:49:09 INFO  : 'after 3000' command is executed.
13:49:09 INFO  : 'targets -set -filter {jtag_cable_name =~ "Digilent Zybo Z7 210351A6C79EA" && level==0 && jtag_device_ctx=="jsn-Zybo Z7-210351A6C79EA-13722093-0"}' command is executed.
13:49:10 INFO  : Device configured successfully with "/thayerfs/home/f00436n/engs62/module5/module5_sw/_ide/bitstream/module5_hw_wrapper.bit"
13:49:10 INFO  : Context for 'APU' is selected.
13:49:10 INFO  : Hardware design and registers information is loaded from '/thayerfs/home/f00436n/engs62/module5/module5_hw_wrapper/export/module5_hw_wrapper/hw/module5_hw_wrapper.xsa'.
13:49:10 INFO  : 'configparams force-mem-access 1' command is executed.
13:49:10 INFO  : Context for 'APU' is selected.
13:49:10 INFO  : Sourcing of '/thayerfs/home/f00436n/engs62/module5/module5_sw/_ide/psinit/ps7_init.tcl' is done.
13:49:10 INFO  : 'ps7_init' command is executed.
13:49:10 INFO  : 'ps7_post_config' command is executed.
13:49:10 INFO  : Context for processor 'ps7_cortexa9_0' is selected.
13:49:11 INFO  : The application '/thayerfs/home/f00436n/engs62/module5/module5_sw/Debug/module5_sw.elf' is downloaded to processor 'ps7_cortexa9_0'.
13:49:11 INFO  : 'configparams force-mem-access 0' command is executed.
13:49:11 INFO  : ----------------XSDB Script----------------
connect -url tcp:127.0.0.1:3121
targets -set -nocase -filter {name =~"APU*"}
rst -system
after 3000
targets -set -filter {jtag_cable_name =~ "Digilent Zybo Z7 210351A6C79EA" && level==0 && jtag_device_ctx=="jsn-Zybo Z7-210351A6C79EA-13722093-0"}
fpga -file /thayerfs/home/f00436n/engs62/module5/module5_sw/_ide/bitstream/module5_hw_wrapper.bit
targets -set -nocase -filter {name =~"APU*"}
loadhw -hw /thayerfs/home/f00436n/engs62/module5/module5_hw_wrapper/export/module5_hw_wrapper/hw/module5_hw_wrapper.xsa -mem-ranges [list {0x40000000 0xbfffffff}] -regs
configparams force-mem-access 1
targets -set -nocase -filter {name =~"APU*"}
source /thayerfs/home/f00436n/engs62/module5/module5_sw/_ide/psinit/ps7_init.tcl
ps7_init
ps7_post_config
targets -set -nocase -filter {name =~ "*A9*#0"}
dow /thayerfs/home/f00436n/engs62/module5/module5_sw/Debug/module5_sw.elf
configparams force-mem-access 0
----------------End of Script----------------

13:49:11 INFO  : Context for processor 'ps7_cortexa9_0' is selected.
13:49:11 INFO  : 'con' command is executed.
13:49:11 INFO  : ----------------XSDB Script (After Launch)----------------
targets -set -nocase -filter {name =~ "*A9*#0"}
con
----------------End of Script----------------

13:49:11 INFO  : Launch script is exported to file '/thayerfs/home/f00436n/engs62/module5/module5_sw_system/_ide/scripts/debugger_module5_sw-default.tcl'
13:55:35 INFO  : Checking for BSP changes to sync application flags for project 'module5_sw'...
13:55:44 INFO  : Disconnected from the channel tcfchan#3.
13:55:45 INFO  : Connected to target on host '127.0.0.1' and port '3121'.
13:55:45 INFO  : Jtag cable 'Digilent Zybo Z7 210351A6C79EA' is selected.
13:55:45 INFO  : 'jtag frequency' command is executed.
13:55:45 INFO  : Context for 'APU' is selected.
13:55:45 INFO  : System reset is completed.
13:55:48 INFO  : 'after 3000' command is executed.
13:55:49 INFO  : 'targets -set -filter {jtag_cable_name =~ "Digilent Zybo Z7 210351A6C79EA" && level==0 && jtag_device_ctx=="jsn-Zybo Z7-210351A6C79EA-13722093-0"}' command is executed.
13:55:50 INFO  : Device configured successfully with "/thayerfs/home/f00436n/engs62/module5/module5_sw/_ide/bitstream/module5_hw_wrapper.bit"
13:55:50 INFO  : Context for 'APU' is selected.
13:55:52 INFO  : Hardware design and registers information is loaded from '/thayerfs/home/f00436n/engs62/module5/module5_hw_wrapper/export/module5_hw_wrapper/hw/module5_hw_wrapper.xsa'.
13:55:52 INFO  : 'configparams force-mem-access 1' command is executed.
13:55:52 INFO  : Context for 'APU' is selected.
13:55:52 INFO  : Sourcing of '/thayerfs/home/f00436n/engs62/module5/module5_sw/_ide/psinit/ps7_init.tcl' is done.
13:55:52 INFO  : 'ps7_init' command is executed.
13:55:52 INFO  : 'ps7_post_config' command is executed.
13:55:52 INFO  : Context for processor 'ps7_cortexa9_0' is selected.
13:55:53 INFO  : The application '/thayerfs/home/f00436n/engs62/module5/module5_sw/Debug/module5_sw.elf' is downloaded to processor 'ps7_cortexa9_0'.
13:55:53 INFO  : 'configparams force-mem-access 0' command is executed.
13:55:53 INFO  : ----------------XSDB Script----------------
connect -url tcp:127.0.0.1:3121
targets -set -nocase -filter {name =~"APU*"}
rst -system
after 3000
targets -set -filter {jtag_cable_name =~ "Digilent Zybo Z7 210351A6C79EA" && level==0 && jtag_device_ctx=="jsn-Zybo Z7-210351A6C79EA-13722093-0"}
fpga -file /thayerfs/home/f00436n/engs62/module5/module5_sw/_ide/bitstream/module5_hw_wrapper.bit
targets -set -nocase -filter {name =~"APU*"}
loadhw -hw /thayerfs/home/f00436n/engs62/module5/module5_hw_wrapper/export/module5_hw_wrapper/hw/module5_hw_wrapper.xsa -mem-ranges [list {0x40000000 0xbfffffff}] -regs
configparams force-mem-access 1
targets -set -nocase -filter {name =~"APU*"}
source /thayerfs/home/f00436n/engs62/module5/module5_sw/_ide/psinit/ps7_init.tcl
ps7_init
ps7_post_config
targets -set -nocase -filter {name =~ "*A9*#0"}
dow /thayerfs/home/f00436n/engs62/module5/module5_sw/Debug/module5_sw.elf
configparams force-mem-access 0
----------------End of Script----------------

13:55:53 INFO  : Context for processor 'ps7_cortexa9_0' is selected.
13:55:53 INFO  : 'con' command is executed.
13:55:53 INFO  : ----------------XSDB Script (After Launch)----------------
targets -set -nocase -filter {name =~ "*A9*#0"}
con
----------------End of Script----------------

13:55:53 INFO  : Launch script is exported to file '/thayerfs/home/f00436n/engs62/module5/module5_sw_system/_ide/scripts/debugger_module5_sw-default.tcl'
